Inequalities:
-x_0_1 -x_0_2 -x_1_2 +x_3_4 +x_3_5 +x_4_5 <= 1
-x_0_3 <= 0
-x_1_3 <= 0
-x_2_3 <= 0
-x_2_4 <= 0
-x_2_5 <= 0
x_0_5 +x_1_5 +x_2_5 +x_3_5 +x_4_5 <= 2
-x_0_1 -x_0_2 -x_0_3 -x_0_4 -x_0_5 -x_1_2 -x_1_3 -x_1_4 -x_1_5 -x_2_3 -x_2_4 -x_2_5 <= -2
-x_0_1 -x_0_2 -x_0_3 -x_0_4 -x_0_5 <= -1
-x_0_1 -x_0_2 -x_0_3 -x_0_4 -x_1_2 -x_1_3 -x_1_4 +x_4_5 <= 0
-x_0_1 -x_0_2 -x_0_3 -x_0_4 -x_1_2 -x_1_3 -x_1_4 +x_3_5 <= 0
-x_0_1 -x_0_2 -x_0_3 -x_0_4 -x_1_2 -x_2_3 -x_2_4 +x_4_5 <= 0
-x_0_1 -x_0_2 -x_0_3 -x_0_4 -x_1_2 -x_2_3 -x_2_4 +x_3_5 <= 0
-x_0_1 -x_0_2 -x_0_3 -x_0_5 -x_1_2 -x_1_3 -x_1_5 +x_4_5 <= 0
-x_0_1 -x_0_2 -x_0_3 -x_0_5 -x_1_2 -x_1_3 -x_1_5 +x_3_4 <= 0
-x_0_1 -x_0_2 -x_0_3 -x_0_5 -x_1_2 -x_2_3 -x_2_5 +x_4_5 <= 0
-x_0_1 -x_0_2 -x_0_3 -x_0_5 -x_1_2 -x_2_3 -x_2_5 +x_3_4 <= 0
-x_0_1 -x_0_2 -x_0_3 +x_2_5 +x_3_4 +x_4_5 <= 2
-x_0_1 -x_0_2 -x_0_3 +x_2_4 +x_3_5 +x_4_5 <= 2
-x_0_1 -x_0_2 -x_0_3 +x_1_5 +x_3_4 +x_4_5 <= 2
-x_0_1 -x_0_2 -x_0_3 +x_1_4 +x_3_5 +x_4_5 <= 2
-x_0_1 -x_0_2 -x_0_4 -x_0_5 -x_1_2 -x_1_4 -x_1_5 +x_3_5 <= 0
-x_0_1 -x_0_2 -x_0_4 -x_0_5 -x_1_2 -x_1_4 -x_1_5 +x_3_4 <= 0
-x_0_1 -x_0_2 -x_0_4 -x_0_5 -x_1_2 -x_2_4 -x_2_5 +x_3_5 <= 0
-x_0_1 -x_0_2 -x_0_4 -x_0_5 -x_1_2 -x_2_4 -x_2_5 +x_3_4 <= 0
-x_0_1 -x_0_2 -x_0_4 +x_2_5 +x_3_4 +x_3_5 <= 2
-x_0_1 -x_0_2 -x_0_4 +x_2_3 +x_3_5 +x_4_5 <= 2
-x_0_1 -x_0_2 -x_0_4 +x_1_5 +x_3_4 +x_3_5 <= 2
-x_0_1 -x_0_2 -x_0_4 +x_1_3 +x_3_5 +x_4_5 <= 2
-x_0_1 -x_0_2 -x_0_5 +x_2_4 +x_3_4 +x_3_5 <= 2
-x_0_1 -x_0_2 -x_0_5 +x_2_3 +x_3_4 +x_4_5 <= 2
-x_0_1 -x_0_2 -x_0_5 +x_1_4 +x_3_4 +x_3_5 <= 2
-x_0_1 -x_0_2 -x_0_5 +x_1_3 +x_3_4 +x_4_5 <= 2
-x_0_1 -x_0_2 -x_1_2 -x_1_3 -x_1_4 -x_2_3 -x_2_4 +x_4_5 <= 0
-x_0_1 -x_0_2 -x_1_2 -x_1_3 -x_1_4 -x_2_3 -x_2_4 +x_3_5 <= 0
-x_0_1 -x_0_2 -x_1_2 -x_1_3 -x_1_5 -x_2_3 -x_2_5 +x_4_5 <= 0
-x_0_1 -x_0_2 -x_1_2 -x_1_3 -x_1_5 -x_2_3 -x_2_5 +x_3_4 <= 0
-x_0_1 -x_0_2 -x_1_2 -x_1_4 -x_1_5 -x_2_4 -x_2_5 +x_3_5 <= 0
-x_0_1 -x_0_2 -x_1_2 -x_1_4 -x_1_5 -x_2_4 -x_2_5 +x_3_4 <= 0
-x_0_1 -x_0_2 +x_1_5 +x_2_4 +x_3_4 +x_3_5 +x_4_5 <= 3
-x_0_1 -x_0_2 +x_1_5 +x_2_3 +x_3_4 +x_3_5 +x_4_5 <= 3
-x_0_1 -x_0_2 +x_1_4 +x_2_5 +x_3_4 +x_3_5 +x_4_5 <= 3
-x_0_1 -x_0_2 +x_1_4 +x_2_3 +x_3_4 +x_3_5 +x_4_5 <= 3
-x_0_1 -x_0_2 +x_1_3 +x_2_5 +x_3_4 +x_3_5 +x_4_5 <= 3
-x_0_1 -x_0_2 +x_1_3 +x_2_4 +x_3_4 +x_3_5 +x_4_5 <= 3
-x_0_1 -x_1_2 -x_1_3 -x_1_4 -x_1_5 <= -1
-x_0_1 -x_1_2 -x_1_3 +x_2_5 +x_3_4 +x_4_5 <= 2
-x_0_1 -x_1_2 -x_1_3 +x_2_4 +x_3_5 +x_4_5 <= 2
-x_0_1 -x_1_2 -x_1_4 +x_2_5 +x_3_4 +x_3_5 <= 2
-x_0_1 -x_1_2 -x_1_4 +x_2_3 +x_3_5 +x_4_5 <= 2
-x_0_1 -x_1_2 -x_1_5 +x_2_4 +x_3_4 +x_3_5 <= 2
-x_0_1 -x_1_2 -x_1_5 +x_2_3 +x_3_4 +x_4_5 <= 2
-x_0_1 <= 0
-x_0_1 +x_0_5 -x_1_2 -x_1_3 +x_3_4 +x_4_5 <= 2
-x_0_1 +x_0_5 -x_1_2 -x_1_4 +x_3_4 +x_3_5 <= 2
-x_0_1 +x_0_5 -x_1_2 +x_2_4 +x_3_4 +x_3_5 +x_4_5 <= 3
-x_0_1 +x_0_5 -x_1_2 +x_2_3 +x_3_4 +x_3_5 +x_4_5 <= 3
-x_0_1 +x_0_4 -x_1_2 -x_1_3 +x_3_5 +x_4_5 <= 2
-x_0_1 +x_0_4 -x_1_2 -x_1_5 +x_3_4 +x_3_5 <= 2
-x_0_1 +x_0_4 -x_1_2 +x_2_5 +x_3_4 +x_3_5 +x_4_5 <= 3
-x_0_1 +x_0_4 -x_1_2 +x_2_3 +x_3_4 +x_3_5 +x_4_5 <= 3
-x_0_1 +x_0_3 -x_1_2 -x_1_4 +x_3_5 +x_4_5 <= 2
-x_0_1 +x_0_3 -x_1_2 -x_1_5 +x_3_4 +x_4_5 <= 2
-x_0_1 +x_0_3 -x_1_2 +x_2_5 +x_3_4 +x_3_5 +x_4_5 <= 3
-x_0_1 +x_0_3 -x_1_2 +x_2_4 +x_3_4 +x_3_5 +x_4_5 <= 3
-x_0_2 -x_1_2 -x_2_3 -x_2_4 -x_2_5 <= -1
-x_0_2 -x_1_2 +x_1_5 -x_2_3 +x_3_4 +x_4_5 <= 2
-x_0_2 -x_1_2 +x_1_5 -x_2_4 +x_3_4 +x_3_5 <= 2
-x_0_2 -x_1_2 +x_1_4 -x_2_3 +x_3_5 +x_4_5 <= 2
-x_0_2 -x_1_2 +x_1_4 -x_2_5 +x_3_4 +x_3_5 <= 2
-x_0_2 -x_1_2 +x_1_3 -x_2_4 +x_3_5 +x_4_5 <= 2
-x_0_2 -x_1_2 +x_1_3 -x_2_5 +x_3_4 +x_4_5 <= 2
-x_0_2 <= 0
-x_0_2 +x_0_5 -x_1_2 -x_2_3 +x_3_4 +x_4_5 <= 2
-x_0_2 +x_0_5 -x_1_2 -x_2_4 +x_3_4 +x_3_5 <= 2
-x_0_2 +x_0_5 -x_1_2 +x_1_4 +x_3_4 +x_3_5 +x_4_5 <= 3
-x_0_2 +x_0_5 -x_1_2 +x_1_3 +x_3_4 +x_3_5 +x_4_5 <= 3
-x_0_2 +x_0_4 -x_1_2 -x_2_3 +x_3_5 +x_4_5 <= 2
-x_0_2 +x_0_4 -x_1_2 -x_2_5 +x_3_4 +x_3_5 <= 2
-x_0_2 +x_0_4 -x_1_2 +x_1_5 +x_3_4 +x_3_5 +x_4_5 <= 3
-x_0_2 +x_0_4 -x_1_2 +x_1_3 +x_3_4 +x_3_5 +x_4_5 <= 3
-x_0_2 +x_0_3 -x_1_2 -x_2_4 +x_3_5 +x_4_5 <= 2
-x_0_2 +x_0_3 -x_1_2 -x_2_5 +x_3_4 +x_4_5 <= 2
-x_0_2 +x_0_3 -x_1_2 +x_1_5 +x_3_4 +x_3_5 +x_4_5 <= 3
-x_0_2 +x_0_3 -x_1_2 +x_1_4 +x_3_4 +x_3_5 +x_4_5 <= 3
-x_0_4 <= 0
-x_0_5 <= 0
-x_1_2 <= 0
-x_1_4 <= 0
-x_1_5 <= 0
-x_3_4 <= 0
-x_3_5 <= 0
-x_4_5 <= 0
x_4_5 <= 1
x_3_5 <= 1
x_3_4 <= 1
x_2_5 <= 1
x_2_4 <= 1
x_2_3 <= 1
x_1_5 <= 1
x_1_4 <= 1
x_1_3 <= 1
x_1_2 <= 1
x_0_5 <= 1
x_0_5 +x_1_4 +x_2_3 +x_3_4 +x_3_5 +x_4_5 <= 4
x_0_5 +x_1_3 +x_2_4 +x_3_4 +x_3_5 +x_4_5 <= 4
x_0_4 <= 1
x_0_4 +x_1_5 +x_2_3 +x_3_4 +x_3_5 +x_4_5 <= 4
x_0_4 +x_1_4 +x_2_4 +x_3_4 +x_4_5 <= 2
x_0_4 +x_1_3 +x_2_5 +x_3_4 +x_3_5 +x_4_5 <= 4
x_0_3 <= 1
x_0_3 +x_1_5 +x_2_4 +x_3_4 +x_3_5 +x_4_5 <= 4
x_0_3 +x_1_4 +x_2_5 +x_3_4 +x_3_5 +x_4_5 <= 4
x_0_3 +x_1_3 +x_2_3 +x_3_4 +x_3_5 <= 2
x_0_2 <= 1
x_0_1 <= 1
-x_0_1 -x_0_2 -x_0_3 -x_0_4 -x_0_5 -x_1_2 -x_1_3 -x_1_4 -x_1_5 -x_2_4 -x_3_4 -x_4_5 <= -2
-x_0_1 -x_0_2 -x_0_3 -x_0_4 -x_0_5 -x_1_2 -x_1_3 -x_1_4 -x_1_5 -x_2_5 -x_3_5 -x_4_5 <= -2
-x_0_1 -x_0_2 -x_0_3 -x_0_4 -x_0_5 -x_1_2 -x_1_4 -x_2_3 -x_2_4 -x_2_5 -x_3_4 -x_4_5 <= -2
-x_0_1 -x_0_2 -x_0_3 -x_0_4 -x_0_5 -x_1_2 -x_1_5 -x_2_3 -x_2_4 -x_2_5 -x_3_5 -x_4_5 <= -2
-x_0_1 -x_0_2 -x_0_3 -x_0_4 -x_0_5 -x_1_4 -x_1_5 -x_2_4 -x_2_5 -x_3_4 -x_3_5 -x_4_5 <= -2
-x_0_1 -x_0_2 -x_0_3 -x_0_4 -x_1_2 -x_1_3 -x_1_4 -x_2_3 -x_2_4 -x_3_4 <= -2
-x_0_1 -x_0_2 -x_0_3 -x_0_4 -x_1_2 -x_1_3 -x_1_4 +x_2_5 <= 0
-x_0_1 -x_0_2 -x_0_3 -x_0_4 -x_1_2 +x_1_5 -x_2_3 -x_2_4 <= 0
-x_0_1 -x_0_2 -x_0_3 -x_0_4 -x_1_4 -x_2_4 -x_3_4 +x_3_5 <= 0
-x_0_1 -x_0_2 -x_0_3 -x_0_4 -x_1_4 -x_2_4 +x_2_5 -x_3_4 <= 0
-x_0_1 -x_0_2 -x_0_3 -x_0_4 -x_1_4 +x_1_5 -x_2_4 -x_3_4 <= 0
-x_0_1 -x_0_2 -x_0_3 -x_0_5 -x_1_2 -x_1_3 -x_1_5 -x_2_3 -x_2_5 -x_3_5 <= -2
-x_0_1 -x_0_2 -x_0_3 -x_0_5 -x_1_2 -x_1_3 -x_1_5 +x_2_4 <= 0
-x_0_1 -x_0_2 -x_0_3 -x_0_5 -x_1_2 +x_1_4 -x_2_3 -x_2_5 <= 0
-x_0_1 -x_0_2 -x_0_3 -x_0_5 -x_1_5 -x_2_5 +x_3_4 -x_3_5 <= 0
-x_0_1 -x_0_2 -x_0_3 -x_0_5 -x_1_5 +x_2_4 -x_2_5 -x_3_5 <= 0
-x_0_1 -x_0_2 -x_0_3 -x_0_5 +x_1_4 -x_1_5 -x_2_5 -x_3_5 <= 0
-x_0_1 -x_0_2 -x_0_3 -x_1_2 -x_1_3 -x_1_4 -x_1_5 -x_2_3 -x_2_4 -x_2_5 -x_3_4 -x_3_5 <= -2
-x_0_1 -x_0_2 -x_0_3 +x_1_5 +x_2_4 +x_4_5 <= 2
-x_0_1 -x_0_2 -x_0_3 +x_1_4 +x_2_5 +x_4_5 <= 2
-x_0_1 -x_0_2 -x_0_4 -x_0_5 -x_1_2 -x_1_4 -x_1_5 -x_2_4 -x_2_5 -x_4_5 <= -2
-x_0_1 -x_0_2 +x_0_5 -x_1_2 -x_1_3 -x_1_4 -x_2_3 -x_2_4 <= 0
-x_0_1 -x_0_2 +x_0_4 -x_1_2 -x_1_3 -x_1_5 -x_2_3 -x_2_5 <= 0
-x_0_1 -x_0_3 -x_0_4 -x_0_5 -x_1_3 -x_1_4 -x_1_5 -x_3_4 -x_3_5 -x_4_5 <= -2
-x_0_1 -x_0_3 -x_0_4 -x_0_5 -x_1_3 -x_1_4 -x_1_5 +x_2_5 <= 0
-x_0_1 -x_0_3 -x_0_4 -x_0_5 -x_1_3 -x_1_4 -x_1_5 +x_2_4 <= 0
-x_0_1 -x_0_3 -x_0_4 -x_0_5 -x_1_3 -x_1_4 -x_1_5 +x_2_3 <= 0
-x_0_1 -x_0_3 -x_0_4 -x_0_5 -x_1_4 +x_2_5 -x_3_4 -x_4_5 <= 0
-x_0_1 -x_0_3 -x_0_4 -x_0_5 -x_1_4 +x_2_3 -x_3_4 -x_4_5 <= 0
-x_0_1 -x_0_3 -x_0_4 -x_0_5 -x_1_5 +x_2_4 -x_3_5 -x_4_5 <= 0
-x_0_1 -x_0_3 -x_0_4 -x_0_5 -x_1_5 +x_2_3 -x_3_5 -x_4_5 <= 0
-x_0_1 -x_0_3 -x_0_4 -x_0_5 +x_1_2 -x_1_4 -x_3_4 -x_4_5 <= 0
-x_0_1 -x_0_3 -x_0_4 -x_0_5 +x_1_2 -x_1_5 -x_3_5 -x_4_5 <= 0
-x_0_1 -x_0_3 -x_0_4 -x_1_2 -x_1_3 -x_1_4 -x_1_5 -x_2_3 -x_2_4 -x_3_4 -x_3_5 -x_4_5 <= -2
-x_0_1 -x_0_3 -x_0_4 +x_2_4 +x_2_5 +x_3_5 <= 2
-x_0_1 -x_0_3 -x_0_4 +x_2_3 +x_2_5 +x_4_5 <= 2
-x_0_1 -x_0_3 -x_0_4 +x_1_5 +x_2_4 +x_2_5 <= 2
-x_0_1 -x_0_3 -x_0_4 +x_1_5 +x_2_3 +x_2_5 <= 2
-x_0_1 -x_0_3 -x_0_4 +x_1_2 +x_2_5 +x_4_5 <= 2
-x_0_1 -x_0_3 -x_0_4 +x_1_2 +x_2_5 +x_3_5 <= 2
-x_0_1 -x_0_3 -x_0_5 -x_1_2 -x_1_3 -x_1_4 -x_1_5 -x_2_3 -x_2_5 -x_3_4 -x_3_5 -x_4_5 <= -2
-x_0_1 -x_0_3 -x_0_5 +x_2_4 +x_2_5 +x_3_4 <= 2
-x_0_1 -x_0_3 -x_0_5 +x_2_3 +x_2_4 +x_4_5 <= 2
-x_0_1 -x_0_3 -x_0_5 +x_1_4 +x_2_4 +x_2_5 <= 2
-x_0_1 -x_0_3 -x_0_5 +x_1_4 +x_2_3 +x_2_4 <= 2
-x_0_1 -x_0_3 -x_0_5 +x_1_2 +x_2_4 +x_4_5 <= 2
-x_0_1 -x_0_3 -x_0_5 +x_1_2 +x_2_4 +x_3_4 <= 2
-x_0_1 -x_0_3 -x_1_2 -x_1_3 -x_1_4 -x_2_3 -x_3_4 +x_4_5 <= 0
-x_0_1 -x_0_3 -x_1_2 -x_1_3 -x_1_4 -x_2_3 +x_2_5 -x_3_4 <= 0
-x_0_1 -x_0_3 -x_1_2 -x_1_3 -x_1_5 -x_2_3 -x_3_5 +x_4_5 <= 0
-x_0_1 -x_0_3 -x_1_2 -x_1_3 -x_1_5 -x_2_3 +x_2_4 -x_3_5 <= 0
-x_0_1 -x_0_3 -x_1_3 -x_1_4 -x_1_5 +x_2_5 -x_3_4 -x_3_5 <= 0
-x_0_1 -x_0_3 -x_1_3 -x_1_4 -x_1_5 +x_2_4 -x_3_4 -x_3_5 <= 0
-x_0_1 -x_0_3 -x_1_3 +x_2_4 +x_2_5 +x_4_5 <= 1
-x_0_1 -x_0_3 +x_1_5 +x_2_4 +x_2_5 +x_3_4 +x_4_5 <= 3
-x_0_1 -x_0_3 +x_1_5 +x_2_3 +x_2_4 +x_2_5 +x_4_5 <= 3
-x_0_1 -x_0_3 +x_1_4 +x_2_4 +x_2_5 +x_3_5 +x_4_5 <= 3
-x_0_1 -x_0_3 +x_1_4 +x_2_3 +x_2_4 +x_2_5 +x_4_5 <= 3
-x_0_1 -x_0_3 +x_1_2 +x_2_4 +x_2_5 +x_3_5 +x_4_5 <= 3
-x_0_1 -x_0_3 +x_1_2 +x_2_4 +x_2_5 +x_3_4 +x_4_5 <= 3
-x_0_1 -x_0_3 +x_0_5 -x_1_2 -x_1_3 -x_1_4 -x_2_3 -x_3_4 <= 0
-x_0_1 -x_0_3 +x_0_4 -x_1_2 -x_1_3 -x_1_5 -x_2_3 -x_3_5 <= 0
-x_0_1 -x_0_4 -x_1_2 -x_1_3 -x_1_4 -x_2_4 -x_3_4 +x_3_5 <= 0
-x_0_1 -x_0_4 -x_1_2 -x_1_4 -x_1_5 -x_2_4 +x_3_5 -x_4_5 <= 0
-x_0_1 -x_0_4 -x_1_2 -x_1_4 -x_1_5 +x_2_3 -x_2_4 -x_4_5 <= 0
-x_0_1 -x_0_4 -x_1_3 -x_1_4 -x_1_5 +x_2_3 -x_3_4 -x_4_5 <= 0
-x_0_1 -x_0_4 -x_1_4 +x_2_3 +x_2_5 +x_3_5 <= 1
-x_0_1 -x_0_4 +x_1_5 +x_2_3 +x_2_5 +x_3_4 +x_3_5 <= 3
-x_0_1 -x_0_4 +x_1_3 +x_2_3 +x_2_5 +x_3_5 +x_4_5 <= 3
-x_0_1 -x_0_4 +x_1_3 +x_2_3 +x_2_4 +x_2_5 +x_3_5 <= 3
-x_0_1 -x_0_4 +x_1_2 +x_2_3 +x_2_5 +x_3_4 +x_3_5 <= 3
-x_0_1 -x_0_4 +x_0_5 -x_1_2 -x_1_3 -x_1_4 -x_2_4 -x_3_4 <= 0
-x_0_1 -x_0_5 -x_1_2 -x_1_3 -x_1_5 -x_2_5 +x_3_4 -x_3_5 <= 0
-x_0_1 -x_0_5 -x_1_2 -x_1_4 -x_1_5 -x_2_5 +x_3_4 -x_4_5 <= 0
-x_0_1 -x_0_5 -x_1_2 -x_1_4 -x_1_5 +x_2_3 -x_2_5 -x_4_5 <= 0
-x_0_1 -x_0_5 -x_1_3 -x_1_4 -x_1_5 +x_2_3 -x_3_5 -x_4_5 <= 0
-x_0_1 -x_0_5 -x_1_5 +x_2_3 +x_2_4 +x_3_4 <= 1
-x_0_1 -x_0_5 +x_1_4 +x_2_3 +x_2_4 +x_3_4 +x_3_5 <= 3
-x_0_1 -x_0_5 +x_1_3 +x_2_3 +x_2_4 +x_3_4 +x_4_5 <= 3
-x_0_1 -x_0_5 +x_1_3 +x_2_3 +x_2_4 +x_2_5 +x_3_4 <= 3
-x_0_1 -x_0_5 +x_1_2 +x_2_3 +x_2_4 +x_3_4 +x_3_5 <= 3
-x_0_1 -x_1_4 -x_1_5 +x_2_3 +x_2_5 +x_3_4 <= 2
-x_0_1 -x_1_4 -x_1_5 +x_2_3 +x_2_4 +x_3_5 <= 2
-x_0_1 +x_0_5 -x_1_2 -x_1_4 +x_2_3 +x_3_5 <= 2
-x_0_1 +x_0_5 -x_1_3 -x_1_4 +x_2_3 +x_2_5 <= 2
-x_0_1 +x_0_5 -x_1_4 +x_2_3 +x_2_5 +x_3_4 +x_3_5 <= 3
-x_0_1 +x_0_5 -x_1_4 +x_2_3 +x_2_4 +x_2_5 +x_3_5 <= 3
-x_0_1 +x_0_4 -x_0_5 -x_1_2 -x_1_3 -x_1_5 -x_2_5 -x_3_5 <= 0
-x_0_1 +x_0_4 -x_1_2 -x_1_5 +x_2_3 +x_3_4 <= 2
-x_0_1 +x_0_4 -x_1_3 -x_1_5 +x_2_3 +x_2_4 <= 2
-x_0_1 +x_0_4 -x_1_5 +x_2_3 +x_2_4 +x_3_4 +x_3_5 <= 3
-x_0_1 +x_0_4 -x_1_5 +x_2_3 +x_2_4 +x_2_5 +x_3_4 <= 3
-x_0_1 +x_0_2 -x_0_3 -x_1_3 -x_1_4 -x_1_5 -x_3_4 -x_3_5 <= 0
-x_0_1 +x_0_2 -x_0_4 -x_1_3 -x_1_4 -x_1_5 -x_3_4 -x_4_5 <= 0
-x_0_1 +x_0_2 -x_0_5 -x_1_3 -x_1_4 -x_1_5 -x_3_5 -x_4_5 <= 0
-x_0_1 +x_0_2 -x_1_3 -x_1_4 +x_2_5 +x_3_5 <= 2
-x_0_1 +x_0_2 -x_1_3 -x_1_5 +x_2_4 +x_3_4 <= 2
-x_0_1 +x_0_2 -x_1_4 -x_1_5 +x_2_3 +x_3_5 <= 2
-x_0_1 +x_0_2 -x_1_4 -x_1_5 +x_2_3 +x_3_4 <= 2
-x_0_1 +x_0_2 -x_1_4 +x_2_3 +x_2_5 +x_3_5 +x_4_5 <= 3
-x_0_1 +x_0_2 -x_1_4 +x_2_3 +x_2_5 +x_3_4 +x_3_5 <= 3
-x_0_1 +x_0_2 -x_1_5 +x_2_3 +x_2_4 +x_3_4 +x_4_5 <= 3
-x_0_1 +x_0_2 -x_1_5 +x_2_3 +x_2_4 +x_3_4 +x_3_5 <= 3
-x_0_2 -x_0_3 -x_0_4 -x_0_5 -x_2_3 -x_2_4 -x_2_5 -x_3_4 -x_3_5 -x_4_5 <= -2
-x_0_2 -x_0_3 -x_0_4 -x_0_5 +x_1_5 -x_2_3 -x_2_4 -x_2_5 <= 0
-x_0_2 -x_0_3 -x_0_4 -x_0_5 +x_1_5 -x_2_4 -x_3_4 -x_4_5 <= 0
-x_0_2 -x_0_3 -x_0_4 -x_0_5 +x_1_4 -x_2_3 -x_2_4 -x_2_5 <= 0
-x_0_2 -x_0_3 -x_0_4 -x_0_5 +x_1_4 -x_2_5 -x_3_5 -x_4_5 <= 0
-x_0_2 -x_0_3 -x_0_4 -x_0_5 +x_1_3 -x_2_3 -x_2_4 -x_2_5 <= 0
-x_0_2 -x_0_3 -x_0_4 -x_0_5 +x_1_3 -x_2_4 -x_3_4 -x_4_5 <= 0
-x_0_2 -x_0_3 -x_0_4 -x_0_5 +x_1_3 -x_2_5 -x_3_5 -x_4_5 <= 0
-x_0_2 -x_0_3 -x_0_4 -x_0_5 +x_1_2 -x_2_4 -x_3_4 -x_4_5 <= 0
-x_0_2 -x_0_3 -x_0_4 -x_0_5 +x_1_2 -x_2_5 -x_3_5 -x_4_5 <= 0
-x_0_2 -x_0_3 -x_0_4 -x_1_2 -x_1_3 -x_1_4 -x_2_3 -x_2_4 -x_2_5 -x_3_4 -x_3_5 -x_4_5 <= -2
-x_0_2 -x_0_3 -x_0_4 +x_1_4 +x_1_5 +x_3_5 <= 2
-x_0_2 -x_0_3 -x_0_4 +x_1_4 +x_1_5 +x_2_5 <= 2
-x_0_2 -x_0_3 -x_0_4 +x_1_3 +x_1_5 +x_4_5 <= 2
-x_0_2 -x_0_3 -x_0_4 +x_1_3 +x_1_5 +x_2_5 <= 2
-x_0_2 -x_0_3 -x_0_4 +x_1_2 +x_1_5 +x_4_5 <= 2
-x_0_2 -x_0_3 -x_0_4 +x_1_2 +x_1_5 +x_3_5 <= 2
-x_0_2 -x_0_3 -x_0_5 -x_1_2 -x_1_3 -x_1_5 -x_2_3 -x_2_4 -x_2_5 -x_3_4 -x_3_5 -x_4_5 <= -2
-x_0_2 -x_0_3 -x_0_5 +x_1_4 +x_1_5 +x_3_4 <= 2
-x_0_2 -x_0_3 -x_0_5 +x_1_4 +x_1_5 +x_2_4 <= 2
-x_0_2 -x_0_3 -x_0_5 +x_1_3 +x_1_4 +x_4_5 <= 2
-x_0_2 -x_0_3 -x_0_5 +x_1_3 +x_1_4 +x_2_4 <= 2
-x_0_2 -x_0_3 -x_0_5 +x_1_2 +x_1_4 +x_4_5 <= 2
-x_0_2 -x_0_3 -x_0_5 +x_1_2 +x_1_4 +x_3_4 <= 2
-x_0_2 -x_0_3 -x_1_2 -x_1_3 -x_2_3 -x_2_4 -x_3_4 +x_4_5 <= 0
-x_0_2 -x_0_3 -x_1_2 -x_1_3 -x_2_3 -x_2_5 -x_3_5 +x_4_5 <= 0
-x_0_2 -x_0_3 -x_1_2 -x_1_3 +x_1_5 -x_2_3 -x_2_4 -x_3_4 <= 0
-x_0_2 -x_0_3 -x_1_2 -x_1_3 +x_1_4 -x_2_3 -x_2_5 -x_3_5 <= 0
-x_0_2 -x_0_3 +x_1_5 -x_2_3 -x_2_4 -x_2_5 -x_3_4 -x_3_5 <= 0
-x_0_2 -x_0_3 +x_1_4 -x_2_3 -x_2_4 -x_2_5 -x_3_4 -x_3_5 <= 0
-x_0_2 -x_0_3 +x_1_4 +x_1_5 -x_2_3 +x_4_5 <= 1
-x_0_2 -x_0_3 +x_1_4 +x_1_5 +x_2_5 +x_3_4 +x_4_5 <= 3
-x_0_2 -x_0_3 +x_1_4 +x_1_5 +x_2_4 +x_3_5 +x_4_5 <= 3
-x_0_2 -x_0_3 +x_1_3 +x_1_4 +x_1_5 +x_2_5 +x_4_5 <= 3
-x_0_2 -x_0_3 +x_1_3 +x_1_4 +x_1_5 +x_2_4 +x_4_5 <= 3
-x_0_2 -x_0_3 +x_1_2 +x_1_4 +x_1_5 +x_3_5 +x_4_5 <= 3
-x_0_2 -x_0_3 +x_1_2 +x_1_4 +x_1_5 +x_3_4 +x_4_5 <= 3
-x_0_2 -x_0_3 +x_0_5 -x_1_2 -x_1_3 -x_2_3 -x_2_4 -x_3_4 <= 0
-x_0_2 -x_0_3 +x_0_4 -x_1_2 -x_1_3 -x_2_3 -x_2_5 -x_3_5 <= 0
-x_0_2 -x_0_4 -x_1_2 -x_1_4 -x_2_3 -x_2_4 -x_3_4 +x_3_5 <= 0
-x_0_2 -x_0_4 -x_1_2 -x_1_4 -x_2_4 -x_2_5 +x_3_5 -x_4_5 <= 0
-x_0_2 -x_0_4 -x_1_2 +x_1_3 -x_1_4 -x_2_4 -x_2_5 -x_4_5 <= 0
-x_0_2 -x_0_4 +x_1_3 -x_2_3 -x_2_4 -x_2_5 -x_3_4 -x_4_5 <= 0
-x_0_2 -x_0_4 +x_1_3 +x_1_5 -x_2_4 +x_3_5 <= 1
-x_0_2 -x_0_4 +x_1_3 +x_1_5 +x_2_5 +x_3_4 +x_3_5 <= 3
-x_0_2 -x_0_4 +x_1_3 +x_1_5 +x_2_3 +x_3_5 +x_4_5 <= 3
-x_0_2 -x_0_4 +x_1_3 +x_1_4 +x_1_5 +x_2_3 +x_3_5 <= 3
-x_0_2 -x_0_4 +x_1_2 +x_1_3 +x_1_5 +x_3_4 +x_3_5 <= 3
-x_0_2 -x_0_4 +x_0_5 -x_1_2 -x_1_4 -x_2_3 -x_2_4 -x_3_4 <= 0
-x_0_2 -x_0_5 -x_1_2 -x_1_5 -x_2_3 -x_2_5 +x_3_4 -x_3_5 <= 0
-x_0_2 -x_0_5 -x_1_2 -x_1_5 -x_2_4 -x_2_5 +x_3_4 -x_4_5 <= 0
-x_0_2 -x_0_5 -x_1_2 +x_1_3 -x_1_5 -x_2_4 -x_2_5 -x_4_5 <= 0
-x_0_2 -x_0_5 +x_1_3 -x_2_3 -x_2_4 -x_2_5 -x_3_5 -x_4_5 <= 0
-x_0_2 -x_0_5 +x_1_3 +x_1_4 -x_2_5 +x_3_4 <= 1
-x_0_2 -x_0_5 +x_1_3 +x_1_4 +x_2_4 +x_3_4 +x_3_5 <= 3
-x_0_2 -x_0_5 +x_1_3 +x_1_4 +x_2_3 +x_3_4 +x_4_5 <= 3
-x_0_2 -x_0_5 +x_1_3 +x_1_4 +x_1_5 +x_2_3 +x_3_4 <= 3
-x_0_2 -x_0_5 +x_1_2 +x_1_3 +x_1_4 +x_3_4 +x_3_5 <= 3
-x_0_2 +x_1_3 +x_1_5 -x_2_4 -x_2_5 +x_3_4 <= 2
-x_0_2 +x_1_3 +x_1_4 -x_2_4 -x_2_5 +x_3_5 <= 2
-x_0_2 +x_0_5 -x_1_2 +x_1_3 -x_2_4 +x_3_5 <= 2
-x_0_2 +x_0_5 +x_1_3 +x_1_5 -x_2_3 -x_2_4 <= 2
-x_0_2 +x_0_5 +x_1_3 +x_1_5 -x_2_4 +x_3_4 +x_3_5 <= 3
-x_0_2 +x_0_5 +x_1_3 +x_1_4 +x_1_5 -x_2_4 +x_3_5 <= 3
-x_0_2 +x_0_4 -x_0_5 -x_1_2 -x_1_5 -x_2_3 -x_2_5 -x_3_5 <= 0
-x_0_2 +x_0_4 -x_1_2 +x_1_3 -x_2_5 +x_3_4 <= 2
-x_0_2 +x_0_4 +x_1_3 +x_1_4 -x_2_3 -x_2_5 <= 2
-x_0_2 +x_0_4 +x_1_3 +x_1_4 -x_2_5 +x_3_4 +x_3_5 <= 3
-x_0_2 +x_0_4 +x_1_3 +x_1_4 +x_1_5 -x_2_5 +x_3_4 <= 3
-x_0_3 -x_0_4 -x_0_5 -x_1_3 -x_1_4 -x_1_5 -x_2_3 -x_2_4 -x_2_5 -x_3_4 -x_3_5 -x_4_5 <= -2
-x_0_3 -x_0_4 -x_0_5 +x_1_2 +x_1_5 +x_2_4 <= 2
-x_0_3 -x_0_4 -x_0_5 +x_1_2 +x_1_5 +x_2_3 <= 2
-x_0_3 -x_0_4 -x_0_5 +x_1_2 +x_1_4 +x_2_5 <= 2
-x_0_3 -x_0_4 -x_0_5 +x_1_2 +x_1_4 +x_2_3 <= 2
-x_0_3 -x_0_4 -x_0_5 +x_1_2 +x_1_3 +x_2_5 <= 2
-x_0_3 -x_0_4 -x_0_5 +x_1_2 +x_1_3 +x_2_4 <= 2
-x_0_3 -x_0_4 -x_1_3 -x_1_4 -x_2_3 -x_2_4 +x_2_5 -x_3_4 <= 0
-x_0_3 -x_0_4 -x_1_3 -x_1_4 +x_2_5 -x_3_4 -x_3_5 -x_4_5 <= 0
-x_0_3 -x_0_4 -x_1_3 -x_1_4 +x_1_5 -x_2_3 -x_2_4 -x_3_4 <= 0
-x_0_3 -x_0_4 +x_1_5 -x_2_3 -x_2_4 -x_3_4 -x_3_5 -x_4_5 <= 0
-x_0_3 -x_0_4 +x_1_2 -x_1_3 -x_1_4 -x_3_4 -x_3_5 -x_4_5 <= 0
-x_0_3 -x_0_4 +x_1_2 -x_2_3 -x_2_4 -x_3_4 -x_3_5 -x_4_5 <= 0
-x_0_3 -x_0_4 +x_1_2 +x_1_5 +x_2_5 -x_3_4 <= 1
-x_0_3 -x_0_4 +x_1_2 +x_1_5 +x_2_4 +x_2_5 +x_3_5 <= 3
-x_0_3 -x_0_4 +x_1_2 +x_1_5 +x_2_3 +x_2_5 +x_4_5 <= 3
-x_0_3 -x_0_4 +x_1_2 +x_1_4 +x_1_5 +x_2_5 +x_3_5 <= 3
-x_0_3 -x_0_4 +x_1_2 +x_1_4 +x_1_5 +x_2_3 +x_2_5 <= 3
-x_0_3 -x_0_4 +x_1_2 +x_1_3 +x_1_5 +x_2_5 +x_4_5 <= 3
-x_0_3 -x_0_4 +x_1_2 +x_1_3 +x_1_5 +x_2_4 +x_2_5 <= 3
-x_0_3 -x_0_4 +x_0_5 -x_1_3 -x_1_4 -x_2_3 -x_2_4 -x_3_4 <= 0
-x_0_3 -x_0_5 -x_1_3 -x_1_5 -x_2_3 +x_2_4 -x_2_5 -x_3_5 <= 0
-x_0_3 -x_0_5 -x_1_3 -x_1_5 +x_2_4 -x_3_4 -x_3_5 -x_4_5 <= 0
-x_0_3 -x_0_5 -x_1_3 +x_1_4 -x_1_5 -x_2_3 -x_2_5 -x_3_5 <= 0
-x_0_3 -x_0_5 +x_1_4 -x_2_3 -x_2_5 -x_3_4 -x_3_5 -x_4_5 <= 0
-x_0_3 -x_0_5 +x_1_2 -x_1_3 -x_1_5 -x_3_4 -x_3_5 -x_4_5 <= 0
-x_0_3 -x_0_5 +x_1_2 -x_2_3 -x_2_5 -x_3_4 -x_3_5 -x_4_5 <= 0
-x_0_3 -x_0_5 +x_1_2 +x_1_4 +x_2_4 -x_3_5 <= 1
-x_0_3 -x_0_5 +x_1_2 +x_1_4 +x_2_4 +x_2_5 +x_3_4 <= 3
-x_0_3 -x_0_5 +x_1_2 +x_1_4 +x_2_3 +x_2_4 +x_4_5 <= 3
-x_0_3 -x_0_5 +x_1_2 +x_1_4 +x_1_5 +x_2_4 +x_3_4 <= 3
-x_0_3 -x_0_5 +x_1_2 +x_1_4 +x_1_5 +x_2_3 +x_2_4 <= 3
-x_0_3 -x_0_5 +x_1_2 +x_1_3 +x_1_4 +x_2_4 +x_4_5 <= 3
-x_0_3 -x_0_5 +x_1_2 +x_1_3 +x_1_4 +x_2_4 +x_2_5 <= 3
-x_0_3 -x_1_3 -x_2_3 -x_3_4 -x_3_5 <= -1
-x_0_3 -x_1_3 +x_1_5 -x_2_3 +x_2_4 +x_4_5 <= 2
-x_0_3 -x_1_3 +x_1_5 +x_2_4 +x_2_5 -x_3_4 <= 2
-x_0_3 -x_1_3 +x_1_4 -x_2_3 +x_2_5 +x_4_5 <= 2
-x_0_3 -x_1_3 +x_1_4 +x_2_4 +x_2_5 -x_3_5 <= 2
-x_0_3 +x_1_4 +x_1_5 -x_2_3 +x_2_5 -x_3_4 <= 2
-x_0_3 +x_1_4 +x_1_5 -x_2_3 +x_2_4 -x_3_5 <= 2
-x_0_3 +x_1_2 -x_1_3 +x_2_5 -x_3_4 +x_4_5 <= 2
-x_0_3 +x_1_2 -x_1_3 +x_2_4 -x_3_5 +x_4_5 <= 2
-x_0_3 +x_1_2 +x_1_5 -x_2_3 -x_3_4 +x_4_5 <= 2
-x_0_3 +x_1_2 +x_1_5 +x_2_4 -x_3_4 -x_3_5 <= 2
-x_0_3 +x_1_2 +x_1_4 -x_2_3 -x_3_5 +x_4_5 <= 2
-x_0_3 +x_1_2 +x_1_4 +x_2_5 -x_3_4 -x_3_5 <= 2
-x_0_3 +x_0_5 -x_1_3 -x_2_3 +x_2_4 +x_4_5 <= 2
-x_0_3 +x_0_5 -x_1_3 +x_2_4 +x_2_5 -x_3_4 <= 2
-x_0_3 +x_0_5 -x_1_3 +x_1_4 -x_2_3 +x_4_5 <= 2
-x_0_3 +x_0_5 -x_1_3 +x_1_4 +x_2_4 +x_2_5 +x_4_5 <= 3
-x_0_3 +x_0_5 +x_1_4 +x_1_5 -x_2_3 -x_3_4 <= 2
-x_0_3 +x_0_5 +x_1_4 +x_1_5 -x_2_3 +x_2_4 +x_4_5 <= 3
-x_0_3 +x_0_5 +x_1_2 -x_1_3 +x_2_5 -x_3_4 <= 2
-x_0_3 +x_0_5 +x_1_2 -x_1_3 +x_2_4 +x_2_5 +x_4_5 <= 3
-x_0_3 +x_0_5 +x_1_2 +x_1_5 -x_2_3 -x_3_4 <= 2
-x_0_3 +x_0_5 +x_1_2 +x_1_5 +x_2_4 +x_2_5 -x_3_4 <= 3
-x_0_3 +x_0_5 +x_1_2 +x_1_4 +x_1_5 -x_2_3 +x_4_5 <= 3
-x_0_3 +x_0_5 +x_1_2 +x_1_4 +x_1_5 +x_2_5 -x_3_4 <= 3
-x_0_3 +x_0_4 -x_0_5 -x_1_3 -x_1_5 -x_2_3 -x_2_5 -x_3_5 <= 0
-x_0_3 +x_0_4 -x_1_3 -x_2_3 +x_2_5 +x_4_5 <= 2
-x_0_3 +x_0_4 -x_1_3 +x_2_4 +x_2_5 -x_3_5 <= 2
-x_0_3 +x_0_4 -x_1_3 +x_1_5 -x_2_3 +x_4_5 <= 2
-x_0_3 +x_0_4 -x_1_3 +x_1_5 +x_2_4 +x_2_5 +x_4_5 <= 3
-x_0_3 +x_0_4 +x_1_4 +x_1_5 -x_2_3 -x_3_5 <= 2
-x_0_3 +x_0_4 +x_1_4 +x_1_5 -x_2_3 +x_2_5 +x_4_5 <= 3
-x_0_3 +x_0_4 +x_1_2 -x_1_3 +x_2_4 -x_3_5 <= 2
-x_0_3 +x_0_4 +x_1_2 -x_1_3 +x_2_4 +x_2_5 +x_4_5 <= 3
-x_0_3 +x_0_4 +x_1_2 +x_1_4 -x_2_3 -x_3_5 <= 2
-x_0_3 +x_0_4 +x_1_2 +x_1_4 +x_2_4 +x_2_5 -x_3_5 <= 3
-x_0_3 +x_0_4 +x_1_2 +x_1_4 +x_1_5 -x_2_3 +x_4_5 <= 3
-x_0_3 +x_0_4 +x_1_2 +x_1_4 +x_1_5 +x_2_4 -x_3_5 <= 3
-x_0_4 -x_0_5 -x_1_4 -x_1_5 +x_2_3 -x_2_4 -x_2_5 -x_4_5 <= 0
-x_0_4 -x_0_5 -x_1_4 -x_1_5 +x_2_3 -x_3_4 -x_3_5 -x_4_5 <= 0
-x_0_4 -x_0_5 +x_1_3 -x_1_4 -x_1_5 -x_2_4 -x_2_5 -x_4_5 <= 0
-x_0_4 -x_0_5 +x_1_3 -x_2_4 -x_2_5 -x_3_4 -x_3_5 -x_4_5 <= 0
-x_0_4 -x_0_5 +x_1_2 +x_1_3 +x_2_3 -x_4_5 <= 1
-x_0_4 -x_0_5 +x_1_2 +x_1_3 +x_2_3 +x_2_5 +x_3_4 <= 3
-x_0_4 -x_0_5 +x_1_2 +x_1_3 +x_2_3 +x_2_4 +x_3_5 <= 3
-x_0_4 -x_0_5 +x_1_2 +x_1_3 +x_1_5 +x_2_3 +x_3_4 <= 3
-x_0_4 -x_0_5 +x_1_2 +x_1_3 +x_1_4 +x_2_3 +x_3_5 <= 3
-x_0_4 -x_1_4 -x_2_4 -x_3_4 -x_4_5 <= -1
-x_0_4 -x_1_4 +x_1_5 +x_2_3 -x_2_4 +x_3_5 <= 2
-x_0_4 +x_1_3 -x_1_4 -x_2_4 +x_2_5 +x_3_5 <= 2
-x_0_4 +x_1_3 -x_1_4 +x_2_3 +x_2_5 -x_4_5 <= 2
-x_0_4 +x_1_3 +x_1_5 +x_2_3 -x_2_4 -x_4_5 <= 2
-x_0_4 +x_1_2 -x_1_4 +x_2_3 +x_3_5 -x_4_5 <= 2
-x_0_4 +x_1_2 +x_1_3 -x_2_4 +x_3_5 -x_4_5 <= 2
-x_0_4 +x_0_5 -x_1_4 +x_2_3 -x_2_4 +x_3_5 <= 2
-x_0_4 +x_0_5 -x_1_4 +x_2_3 +x_2_5 -x_3_4 <= 2
-x_0_4 +x_0_5 +x_1_3 -x_1_4 -x_2_4 +x_3_5 <= 2
-x_0_4 +x_0_5 +x_1_3 -x_1_4 +x_2_3 +x_2_5 +x_3_5 <= 3
-x_0_4 +x_0_5 +x_1_3 +x_1_5 -x_2_4 -x_3_4 <= 2
-x_0_4 +x_0_5 +x_1_3 +x_1_5 +x_2_3 -x_2_4 +x_3_5 <= 3
-x_0_4 +x_0_5 +x_1_2 -x_1_4 +x_2_3 +x_2_5 +x_3_5 <= 3
-x_0_4 +x_0_5 +x_1_2 +x_1_3 +x_1_5 -x_2_4 +x_3_5 <= 3
-x_0_5 -x_1_5 -x_2_5 -x_3_5 -x_4_5 <= -1
-x_0_5 +x_1_4 -x_1_5 +x_2_3 -x_2_5 +x_3_4 <= 2
-x_0_5 +x_1_3 -x_1_5 +x_2_4 -x_2_5 +x_3_4 <= 2
-x_0_5 +x_1_3 -x_1_5 +x_2_3 +x_2_4 -x_4_5 <= 2
-x_0_5 +x_1_3 +x_1_4 +x_2_3 -x_2_5 -x_4_5 <= 2
-x_0_5 +x_1_2 -x_1_5 +x_2_3 +x_3_4 -x_4_5 <= 2
-x_0_5 +x_1_2 +x_1_3 -x_2_5 +x_3_4 -x_4_5 <= 2
-x_1_2 -x_1_3 -x_1_4 -x_1_5 -x_2_3 -x_2_4 -x_2_5 -x_3_4 -x_3_5 -x_4_5 <= -2
x_1_2 +x_1_3 +x_1_4 +x_1_5 +x_2_3 +x_2_4 +x_2_5 +x_3_4 +x_3_5 +x_4_5 <= 4
x_0_5 -x_1_2 -x_1_3 -x_1_4 -x_1_5 -x_2_3 -x_2_4 -x_2_5 <= 0
x_0_5 -x_1_2 -x_1_3 -x_1_4 -x_1_5 -x_2_4 -x_3_4 -x_4_5 <= 0
x_0_5 -x_1_2 -x_1_4 -x_2_3 -x_2_4 -x_2_5 -x_3_4 -x_4_5 <= 0
x_0_5 +x_1_4 +x_2_3 +x_2_4 +x_2_5 +x_4_5 <= 4
x_0_5 +x_1_3 +x_2_3 +x_2_4 +x_2_5 +x_3_5 <= 4
x_0_5 +x_1_3 +x_1_4 +x_1_5 +x_2_4 +x_4_5 <= 4
x_0_5 +x_1_3 +x_1_4 +x_1_5 +x_2_3 +x_3_5 <= 4
x_0_5 +x_1_2 +x_2_4 +x_2_5 +x_3_4 +x_4_5 <= 4
x_0_5 +x_1_2 +x_2_3 +x_2_5 +x_3_4 +x_3_5 <= 4
x_0_5 +x_1_2 +x_1_4 +x_1_5 +x_3_4 +x_4_5 <= 4
x_0_5 +x_1_2 +x_1_4 +x_1_5 +x_2_3 +x_2_5 <= 4
x_0_5 +x_1_2 +x_1_3 +x_1_5 +x_3_4 +x_3_5 <= 4
x_0_5 +x_1_2 +x_1_3 +x_1_5 +x_2_4 +x_2_5 <= 4
x_0_4 -x_0_5 -x_1_5 +x_2_3 -x_2_5 +x_3_4 <= 2
x_0_4 -x_0_5 -x_1_5 +x_2_3 +x_2_4 -x_3_5 <= 2
x_0_4 -x_0_5 +x_1_3 -x_1_5 -x_2_5 +x_3_4 <= 2
x_0_4 -x_0_5 +x_1_3 -x_1_5 +x_2_3 +x_2_4 +x_3_4 <= 3
x_0_4 -x_0_5 +x_1_3 +x_1_4 -x_2_5 -x_3_5 <= 2
x_0_4 -x_0_5 +x_1_3 +x_1_4 +x_2_3 -x_2_5 +x_3_4 <= 3
x_0_4 -x_0_5 +x_1_2 -x_1_5 +x_2_3 +x_2_4 +x_3_4 <= 3
x_0_4 -x_0_5 +x_1_2 +x_1_3 +x_1_4 -x_2_5 +x_3_4 <= 3
x_0_4 -x_1_2 -x_1_3 -x_1_4 -x_1_5 -x_2_3 -x_2_4 -x_2_5 <= 0
x_0_4 -x_1_2 -x_1_3 -x_1_4 -x_1_5 -x_2_5 -x_3_5 -x_4_5 <= 0
x_0_4 -x_1_2 -x_1_5 -x_2_3 -x_2_4 -x_2_5 -x_3_5 -x_4_5 <= 0
x_0_4 +x_1_5 +x_2_3 +x_2_4 +x_2_5 +x_4_5 <= 4
x_0_4 +x_1_3 +x_2_3 +x_2_4 +x_2_5 +x_3_4 <= 4
x_0_4 +x_1_3 +x_1_4 +x_1_5 +x_2_5 +x_4_5 <= 4
x_0_4 +x_1_3 +x_1_4 +x_1_5 +x_2_3 +x_3_4 <= 4
x_0_4 +x_1_2 +x_2_4 +x_2_5 +x_3_5 +x_4_5 <= 4
x_0_4 +x_1_2 +x_2_3 +x_2_4 +x_3_4 +x_3_5 <= 4
x_0_4 +x_1_2 +x_1_4 +x_1_5 +x_3_5 +x_4_5 <= 4
x_0_4 +x_1_2 +x_1_4 +x_1_5 +x_2_3 +x_2_4 <= 4
x_0_4 +x_1_2 +x_1_3 +x_1_4 +x_3_4 +x_3_5 <= 4
x_0_4 +x_1_2 +x_1_3 +x_1_4 +x_2_4 +x_2_5 <= 4
x_0_4 +x_0_5 -x_1_2 -x_1_3 -x_1_4 +x_3_5 <= 2
x_0_4 +x_0_5 -x_1_2 -x_1_3 -x_1_4 +x_2_5 <= 2
x_0_4 +x_0_5 -x_1_2 -x_1_3 -x_1_5 +x_3_4 <= 2
x_0_4 +x_0_5 -x_1_2 -x_1_3 -x_1_5 +x_2_4 <= 2
x_0_4 +x_0_5 -x_1_2 -x_1_3 -x_2_3 +x_4_5 <= 1
x_0_4 +x_0_5 -x_1_2 -x_1_3 +x_2_5 +x_3_4 +x_4_5 <= 3
x_0_4 +x_0_5 -x_1_2 -x_1_3 +x_2_4 +x_3_5 +x_4_5 <= 3
x_0_4 +x_0_5 -x_1_2 -x_2_3 -x_2_4 +x_3_5 <= 2
x_0_4 +x_0_5 -x_1_2 -x_2_3 -x_2_5 +x_3_4 <= 2
x_0_4 +x_0_5 -x_1_2 +x_1_5 -x_2_3 -x_2_4 <= 2
x_0_4 +x_0_5 -x_1_2 +x_1_5 -x_2_3 +x_3_4 +x_4_5 <= 3
x_0_4 +x_0_5 -x_1_2 +x_1_4 -x_2_3 -x_2_5 <= 2
x_0_4 +x_0_5 -x_1_2 +x_1_4 -x_2_3 +x_3_5 +x_4_5 <= 3
x_0_3 +x_0_5 -x_1_2 -x_1_4 -x_2_4 +x_3_5 <= 1
x_0_3 +x_0_4 -x_1_2 -x_1_5 -x_2_5 +x_3_4 <= 1
x_0_3 +x_0_4 +x_0_5 -x_1_2 -x_1_4 +x_2_3 +x_3_5 <= 3
x_0_3 +x_0_4 +x_0_5 -x_1_2 -x_1_5 +x_2_3 +x_3_4 <= 3
x_0_3 +x_0_4 +x_0_5 -x_1_2 +x_1_3 -x_2_4 +x_3_5 <= 3
x_0_3 +x_0_4 +x_0_5 -x_1_2 +x_1_3 -x_2_5 +x_3_4 <= 3
x_0_2 -x_0_3 -x_0_4 -x_1_3 -x_1_4 -x_3_4 -x_3_5 -x_4_5 <= 0
x_0_2 -x_0_3 -x_0_5 -x_1_3 -x_1_5 -x_3_4 -x_3_5 -x_4_5 <= 0
x_0_2 -x_0_3 -x_1_3 +x_2_5 -x_3_4 +x_4_5 <= 2
x_0_2 -x_0_3 -x_1_3 +x_2_4 -x_3_5 +x_4_5 <= 2
x_0_2 -x_0_3 -x_1_3 +x_1_5 +x_2_5 -x_3_4 <= 2
x_0_2 -x_0_3 -x_1_3 +x_1_5 +x_2_4 +x_2_5 +x_4_5 <= 3
x_0_2 -x_0_3 -x_1_3 +x_1_4 +x_2_4 -x_3_5 <= 2
x_0_2 -x_0_3 -x_1_3 +x_1_4 +x_2_4 +x_2_5 +x_4_5 <= 3
x_0_2 -x_0_3 +x_1_2 +x_1_5 -x_3_4 -x_3_5 <= 2
x_0_2 -x_0_3 +x_1_2 +x_1_5 +x_2_5 -x_3_4 +x_4_5 <= 3
x_0_2 -x_0_3 +x_1_2 +x_1_4 -x_3_4 -x_3_5 <= 2
x_0_2 -x_0_3 +x_1_2 +x_1_4 +x_2_4 -x_3_5 +x_4_5 <= 3
x_0_2 -x_0_3 +x_1_2 +x_1_4 +x_1_5 +x_2_5 -x_3_4 <= 3
x_0_2 -x_0_3 +x_1_2 +x_1_4 +x_1_5 +x_2_4 -x_3_5 <= 3
x_0_2 -x_0_4 -x_0_5 -x_1_4 -x_1_5 -x_3_4 -x_3_5 -x_4_5 <= 0
x_0_2 -x_0_4 -x_1_4 +x_2_5 -x_3_4 +x_3_5 <= 2
x_0_2 -x_0_4 -x_1_4 +x_2_3 +x_3_5 -x_4_5 <= 2
x_0_2 -x_0_4 -x_1_4 +x_1_5 +x_2_3 +x_2_5 +x_3_5 <= 3
x_0_2 -x_0_4 +x_1_3 -x_1_4 +x_2_3 -x_4_5 <= 2
x_0_2 -x_0_4 +x_1_3 -x_1_4 +x_2_3 +x_2_5 +x_3_5 <= 3
x_0_2 -x_0_4 +x_1_2 +x_1_3 -x_3_4 -x_4_5 <= 2
x_0_2 -x_0_4 +x_1_2 +x_1_3 +x_2_3 +x_3_5 -x_4_5 <= 3
x_0_2 -x_0_4 +x_1_2 +x_1_3 +x_1_5 +x_2_3 -x_4_5 <= 3
x_0_2 -x_0_5 -x_1_5 +x_2_4 +x_3_4 -x_3_5 <= 2
x_0_2 -x_0_5 -x_1_5 +x_2_3 +x_3_4 -x_4_5 <= 2
x_0_2 -x_0_5 +x_1_4 -x_1_5 +x_2_3 +x_2_4 +x_3_4 <= 3
x_0_2 -x_0_5 +x_1_3 -x_1_5 +x_2_3 -x_4_5 <= 2
x_0_2 -x_0_5 +x_1_3 -x_1_5 +x_2_3 +x_2_4 +x_3_4 <= 3
x_0_2 -x_0_5 +x_1_2 +x_1_3 -x_3_5 -x_4_5 <= 2
x_0_2 -x_0_5 +x_1_2 +x_1_3 +x_2_3 +x_3_4 -x_4_5 <= 3
x_0_2 -x_0_5 +x_1_2 +x_1_3 +x_1_4 +x_2_3 -x_4_5 <= 3
x_0_2 -x_1_2 -x_1_3 -x_1_4 -x_1_5 -x_2_4 -x_3_4 -x_4_5 <= 0
x_0_2 -x_1_2 -x_1_3 -x_1_4 -x_1_5 -x_2_5 -x_3_5 -x_4_5 <= 0
x_0_2 -x_1_4 -x_1_5 -x_2_4 -x_2_5 -x_3_4 -x_3_5 -x_4_5 <= 0
x_0_2 +x_1_5 +x_2_4 +x_2_5 +x_3_4 +x_4_5 <= 4
x_0_2 +x_1_5 +x_2_3 +x_2_5 +x_3_4 +x_3_5 <= 4
x_0_2 +x_1_4 +x_2_4 +x_2_5 +x_3_5 +x_4_5 <= 4
x_0_2 +x_1_4 +x_2_3 +x_2_4 +x_3_4 +x_3_5 <= 4
x_0_2 +x_1_3 +x_2_3 +x_2_5 +x_3_5 +x_4_5 <= 4
x_0_2 +x_1_3 +x_2_3 +x_2_4 +x_3_4 +x_4_5 <= 4
x_0_2 +x_1_2 +x_2_3 +x_2_4 +x_2_5 <= 2
x_0_2 +x_1_2 +x_1_4 +x_1_5 +x_2_5 +x_3_5 <= 4
x_0_2 +x_1_2 +x_1_4 +x_1_5 +x_2_4 +x_3_4 <= 4
x_0_2 +x_1_2 +x_1_3 +x_1_5 +x_2_5 +x_4_5 <= 4
x_0_2 +x_1_2 +x_1_3 +x_1_5 +x_2_3 +x_3_4 <= 4
x_0_2 +x_1_2 +x_1_3 +x_1_4 +x_2_4 +x_4_5 <= 4
x_0_2 +x_1_2 +x_1_3 +x_1_4 +x_2_3 +x_3_5 <= 4
x_0_2 +x_0_5 -x_1_2 -x_1_3 -x_1_4 +x_4_5 <= 2
x_0_2 +x_0_5 -x_1_2 -x_1_3 -x_1_4 +x_3_5 <= 2
x_0_2 +x_0_5 -x_1_3 -x_1_4 -x_1_5 +x_2_4 <= 2
x_0_2 +x_0_5 -x_1_3 -x_1_4 -x_1_5 +x_2_3 <= 2
x_0_2 +x_0_5 -x_1_3 -x_1_4 +x_2_5 -x_3_4 <= 1
x_0_2 +x_0_5 -x_1_3 -x_1_4 +x_2_4 +x_2_5 +x_3_5 <= 3
x_0_2 +x_0_5 -x_1_3 -x_1_4 +x_2_3 +x_2_5 +x_4_5 <= 3
x_0_2 +x_0_5 -x_1_4 -x_2_4 -x_3_4 +x_3_5 <= 2
x_0_2 +x_0_5 -x_1_4 +x_2_3 -x_3_4 -x_4_5 <= 2
x_0_2 +x_0_5 -x_1_4 +x_1_5 -x_2_4 -x_3_4 <= 2
x_0_2 +x_0_5 -x_1_4 +x_1_5 +x_2_3 +x_2_5 -x_3_4 <= 3
x_0_2 +x_0_5 +x_1_2 -x_1_4 -x_3_4 -x_4_5 <= 2
x_0_2 +x_0_5 +x_1_2 -x_1_4 +x_2_5 -x_3_4 +x_3_5 <= 3
x_0_2 +x_0_4 -x_1_2 -x_1_3 -x_1_5 +x_4_5 <= 2
x_0_2 +x_0_4 -x_1_2 -x_1_3 -x_1_5 +x_3_4 <= 2
x_0_2 +x_0_4 -x_1_3 -x_1_4 -x_1_5 +x_2_5 <= 2
x_0_2 +x_0_4 -x_1_3 -x_1_4 -x_1_5 +x_2_3 <= 2
x_0_2 +x_0_4 -x_1_3 -x_1_5 +x_2_4 -x_3_5 <= 1
x_0_2 +x_0_4 -x_1_3 -x_1_5 +x_2_4 +x_2_5 +x_3_4 <= 3
x_0_2 +x_0_4 -x_1_3 -x_1_5 +x_2_3 +x_2_4 +x_4_5 <= 3
x_0_2 +x_0_4 -x_1_5 -x_2_5 +x_3_4 -x_3_5 <= 2
x_0_2 +x_0_4 -x_1_5 +x_2_3 -x_3_5 -x_4_5 <= 2
x_0_2 +x_0_4 +x_1_4 -x_1_5 -x_2_5 -x_3_5 <= 2
x_0_2 +x_0_4 +x_1_4 -x_1_5 +x_2_3 +x_2_4 -x_3_5 <= 3
x_0_2 +x_0_4 +x_1_2 -x_1_5 -x_3_5 -x_4_5 <= 2
x_0_2 +x_0_4 +x_1_2 -x_1_5 +x_2_4 +x_3_4 -x_3_5 <= 3
x_0_2 +x_0_4 +x_0_5 -x_1_2 -x_1_3 +x_3_5 +x_4_5 <= 3
x_0_2 +x_0_4 +x_0_5 -x_1_2 -x_1_3 +x_3_4 +x_4_5 <= 3
x_0_2 +x_0_4 +x_0_5 -x_1_3 -x_1_4 +x_2_5 +x_3_5 <= 3
x_0_2 +x_0_4 +x_0_5 -x_1_3 -x_1_4 +x_2_3 +x_2_5 <= 3
x_0_2 +x_0_4 +x_0_5 -x_1_3 -x_1_5 +x_2_4 +x_3_4 <= 3
x_0_2 +x_0_4 +x_0_5 -x_1_3 -x_1_5 +x_2_3 +x_2_4 <= 3
x_0_2 +x_0_4 +x_0_5 -x_1_3 +x_1_5 -x_2_3 +x_4_5 <= 3
x_0_2 +x_0_4 +x_0_5 -x_1_3 +x_1_5 +x_2_5 -x_3_4 <= 3
x_0_2 +x_0_4 +x_0_5 -x_1_3 +x_1_4 -x_2_3 +x_4_5 <= 3
x_0_2 +x_0_4 +x_0_5 -x_1_3 +x_1_4 +x_2_4 -x_3_5 <= 3
x_0_2 +x_0_4 +x_0_5 +x_1_5 +x_3_4 +x_4_5 <= 4
x_0_2 +x_0_4 +x_0_5 +x_1_5 +x_2_3 +x_2_5 <= 4
x_0_2 +x_0_4 +x_0_5 +x_1_4 +x_3_5 +x_4_5 <= 4
x_0_2 +x_0_4 +x_0_5 +x_1_4 +x_2_3 +x_2_4 <= 4
x_0_2 +x_0_4 +x_0_5 +x_1_2 -x_1_3 +x_2_5 -x_3_4 <= 3
x_0_2 +x_0_4 +x_0_5 +x_1_2 -x_1_3 +x_2_4 -x_3_5 <= 3
x_0_2 +x_0_4 +x_0_5 +x_1_2 +x_2_5 +x_3_5 <= 4
x_0_2 +x_0_4 +x_0_5 +x_1_2 +x_2_4 +x_3_4 <= 4
x_0_2 +x_0_3 -x_1_4 -x_1_5 +x_2_3 -x_4_5 <= 1
x_0_2 +x_0_3 +x_0_5 -x_1_2 -x_1_4 +x_3_4 +x_3_5 <= 3
x_0_2 +x_0_3 +x_0_5 -x_1_4 -x_1_5 +x_2_3 +x_3_4 <= 3
x_0_2 +x_0_3 +x_0_5 +x_1_3 -x_1_4 -x_2_4 +x_3_5 <= 3
x_0_2 +x_0_3 +x_0_5 +x_1_3 -x_1_4 +x_2_3 -x_4_5 <= 3
x_0_2 +x_0_3 +x_0_4 -x_1_2 -x_1_5 +x_3_4 +x_3_5 <= 3
x_0_2 +x_0_3 +x_0_4 -x_1_4 -x_1_5 +x_2_3 +x_3_5 <= 3
x_0_2 +x_0_3 +x_0_4 +x_1_3 -x_1_5 -x_2_5 +x_3_4 <= 3
x_0_2 +x_0_3 +x_0_4 +x_1_3 -x_1_5 +x_2_3 -x_4_5 <= 3
x_0_2 +x_0_3 +x_0_4 +x_0_5 +x_2_3 +x_2_4 +x_2_5 +x_3_4 +x_3_5 +x_4_5 <= 4
x_0_1 -x_0_2 -x_0_3 -x_2_3 -x_2_4 -x_2_5 -x_3_4 -x_3_5 <= 0
x_0_1 -x_0_2 -x_0_4 -x_2_3 -x_2_4 -x_2_5 -x_3_4 -x_4_5 <= 0
x_0_1 -x_0_2 -x_0_5 -x_2_3 -x_2_4 -x_2_5 -x_3_5 -x_4_5 <= 0
x_0_1 -x_0_2 +x_1_5 -x_2_3 -x_2_4 +x_3_5 <= 2
x_0_1 -x_0_2 +x_1_4 -x_2_3 -x_2_5 +x_3_4 <= 2
x_0_1 -x_0_2 +x_1_3 -x_2_4 -x_2_5 +x_3_5 <= 2
x_0_1 -x_0_2 +x_1_3 -x_2_4 -x_2_5 +x_3_4 <= 2
x_0_1 -x_0_2 +x_1_3 +x_1_5 -x_2_4 +x_3_5 +x_4_5 <= 3
x_0_1 -x_0_2 +x_1_3 +x_1_5 -x_2_4 +x_3_4 +x_3_5 <= 3
x_0_1 -x_0_2 +x_1_3 +x_1_4 -x_2_5 +x_3_4 +x_4_5 <= 3
x_0_1 -x_0_2 +x_1_3 +x_1_4 -x_2_5 +x_3_4 +x_3_5 <= 3
x_0_1 -x_0_3 -x_0_4 -x_2_3 -x_2_4 -x_3_4 -x_3_5 -x_4_5 <= 0
x_0_1 -x_0_3 -x_0_5 -x_2_3 -x_2_5 -x_3_4 -x_3_5 -x_4_5 <= 0
x_0_1 -x_0_3 +x_1_5 -x_2_3 -x_3_4 +x_4_5 <= 2
x_0_1 -x_0_3 +x_1_5 -x_2_3 +x_2_5 -x_3_4 <= 2
x_0_1 -x_0_3 +x_1_4 -x_2_3 -x_3_5 +x_4_5 <= 2
x_0_1 -x_0_3 +x_1_4 -x_2_3 +x_2_4 -x_3_5 <= 2
x_0_1 -x_0_3 +x_1_4 +x_1_5 -x_2_3 +x_2_5 +x_4_5 <= 3
x_0_1 -x_0_3 +x_1_4 +x_1_5 -x_2_3 +x_2_4 +x_4_5 <= 3
x_0_1 -x_0_3 +x_1_2 +x_2_5 -x_3_4 -x_3_5 <= 2
x_0_1 -x_0_3 +x_1_2 +x_2_4 -x_3_4 -x_3_5 <= 2
x_0_1 -x_0_3 +x_1_2 +x_1_5 +x_2_5 -x_3_4 +x_4_5 <= 3
x_0_1 -x_0_3 +x_1_2 +x_1_5 +x_2_4 +x_2_5 -x_3_4 <= 3
x_0_1 -x_0_3 +x_1_2 +x_1_4 +x_2_4 -x_3_5 +x_4_5 <= 3
x_0_1 -x_0_3 +x_1_2 +x_1_4 +x_2_4 +x_2_5 -x_3_5 <= 3
x_0_1 -x_0_4 -x_0_5 -x_2_4 -x_2_5 -x_3_4 -x_3_5 -x_4_5 <= 0
x_0_1 -x_0_4 +x_1_5 -x_2_4 -x_3_4 +x_3_5 <= 2
x_0_1 -x_0_4 +x_1_3 -x_2_4 +x_3_5 -x_4_5 <= 2
x_0_1 -x_0_4 +x_1_3 +x_2_3 -x_2_4 -x_4_5 <= 2
x_0_1 -x_0_4 +x_1_3 +x_1_5 -x_2_4 +x_2_5 +x_3_5 <= 3
x_0_1 -x_0_4 +x_1_3 +x_1_5 +x_2_3 -x_2_4 +x_3_5 <= 3
x_0_1 -x_0_4 +x_1_2 +x_2_3 -x_3_4 -x_4_5 <= 2
x_0_1 -x_0_4 +x_1_2 +x_1_3 +x_2_3 +x_3_5 -x_4_5 <= 3
x_0_1 -x_0_4 +x_1_2 +x_1_3 +x_2_3 +x_2_5 -x_4_5 <= 3
x_0_1 -x_0_5 +x_1_4 -x_2_5 +x_3_4 -x_3_5 <= 2
x_0_1 -x_0_5 +x_1_3 -x_2_5 +x_3_4 -x_4_5 <= 2
x_0_1 -x_0_5 +x_1_3 +x_2_3 -x_2_5 -x_4_5 <= 2
x_0_1 -x_0_5 +x_1_3 +x_1_4 +x_2_4 -x_2_5 +x_3_4 <= 3
x_0_1 -x_0_5 +x_1_3 +x_1_4 +x_2_3 -x_2_5 +x_3_4 <= 3
x_0_1 -x_0_5 +x_1_2 +x_2_3 -x_3_5 -x_4_5 <= 2
x_0_1 -x_0_5 +x_1_2 +x_1_3 +x_2_3 +x_3_4 -x_4_5 <= 3
x_0_1 -x_0_5 +x_1_2 +x_1_3 +x_2_3 +x_2_4 -x_4_5 <= 3
x_0_1 -x_1_2 -x_1_4 -x_2_3 -x_2_4 -x_2_5 -x_3_4 -x_4_5 <= 0
x_0_1 -x_1_2 -x_1_5 -x_2_3 -x_2_4 -x_2_5 -x_3_5 -x_4_5 <= 0
x_0_1 -x_1_4 -x_1_5 -x_2_4 -x_2_5 -x_3_4 -x_3_5 -x_4_5 <= 0
x_0_1 +x_1_4 +x_1_5 +x_2_5 +x_3_4 +x_4_5 <= 4
x_0_1 +x_1_4 +x_1_5 +x_2_4 +x_3_5 +x_4_5 <= 4
x_0_1 +x_1_3 +x_1_5 +x_2_5 +x_3_4 +x_3_5 <= 4
x_0_1 +x_1_3 +x_1_5 +x_2_3 +x_3_5 +x_4_5 <= 4
x_0_1 +x_1_3 +x_1_4 +x_2_4 +x_3_4 +x_3_5 <= 4
x_0_1 +x_1_3 +x_1_4 +x_2_3 +x_3_4 +x_4_5 <= 4
x_0_1 +x_1_2 +x_1_5 +x_2_4 +x_2_5 +x_3_5 <= 4
x_0_1 +x_1_2 +x_1_5 +x_2_3 +x_2_5 +x_4_5 <= 4
x_0_1 +x_1_2 +x_1_4 +x_2_4 +x_2_5 +x_3_4 <= 4
x_0_1 +x_1_2 +x_1_4 +x_2_3 +x_2_4 +x_4_5 <= 4
x_0_1 +x_1_2 +x_1_3 +x_2_3 +x_2_5 +x_3_4 <= 4
x_0_1 +x_1_2 +x_1_3 +x_2_3 +x_2_4 +x_3_5 <= 4
x_0_1 +x_1_2 +x_1_3 +x_1_4 +x_1_5 <= 2
x_0_1 +x_0_5 -x_1_2 -x_2_3 -x_2_4 +x_4_5 <= 2
x_0_1 +x_0_5 -x_1_2 -x_2_3 -x_2_4 +x_3_5 <= 2
x_0_1 +x_0_5 -x_1_4 -x_2_4 -x_3_4 +x_3_5 <= 2
x_0_1 +x_0_5 -x_1_4 -x_2_4 +x_2_5 -x_3_4 <= 2
x_0_1 +x_0_5 +x_1_5 -x_2_3 -x_2_4 -x_3_4 <= 1
x_0_1 +x_0_5 +x_1_4 -x_2_3 -x_2_4 -x_2_5 <= 2
x_0_1 +x_0_5 +x_1_4 +x_1_5 -x_2_3 -x_2_4 +x_3_5 <= 3
x_0_1 +x_0_5 +x_1_3 -x_2_3 -x_2_4 -x_2_5 <= 2
x_0_1 +x_0_5 +x_1_3 -x_2_4 -x_3_4 -x_4_5 <= 2
x_0_1 +x_0_5 +x_1_3 +x_1_5 -x_2_3 -x_2_4 +x_4_5 <= 3
x_0_1 +x_0_5 +x_1_3 +x_1_5 -x_2_4 +x_2_5 -x_3_4 <= 3
x_0_1 +x_0_5 +x_1_2 -x_2_4 -x_3_4 -x_4_5 <= 2
x_0_1 +x_0_5 +x_1_2 +x_1_5 -x_2_4 -x_3_4 +x_3_5 <= 3
x_0_1 +x_0_4 -x_1_2 -x_2_3 -x_2_5 +x_4_5 <= 2
x_0_1 +x_0_4 -x_1_2 -x_2_3 -x_2_5 +x_3_4 <= 2
x_0_1 +x_0_4 -x_1_5 -x_2_5 +x_3_4 -x_3_5 <= 2
x_0_1 +x_0_4 -x_1_5 +x_2_4 -x_2_5 -x_3_5 <= 2
x_0_1 +x_0_4 +x_1_5 -x_2_3 -x_2_4 -x_2_5 <= 2
x_0_1 +x_0_4 +x_1_4 -x_2_3 -x_2_5 -x_3_5 <= 1
x_0_1 +x_0_4 +x_1_4 +x_1_5 -x_2_3 -x_2_5 +x_3_4 <= 3
x_0_1 +x_0_4 +x_1_3 -x_2_3 -x_2_4 -x_2_5 <= 2
x_0_1 +x_0_4 +x_1_3 -x_2_5 -x_3_5 -x_4_5 <= 2
x_0_1 +x_0_4 +x_1_3 +x_1_4 -x_2_3 -x_2_5 +x_4_5 <= 3
x_0_1 +x_0_4 +x_1_3 +x_1_4 +x_2_4 -x_2_5 -x_3_5 <= 3
x_0_1 +x_0_4 +x_1_2 -x_2_5 -x_3_5 -x_4_5 <= 2
x_0_1 +x_0_4 +x_1_2 +x_1_4 -x_2_5 +x_3_4 -x_3_5 <= 3
x_0_1 +x_0_4 +x_0_5 -x_1_2 -x_2_3 +x_3_5 +x_4_5 <= 3
x_0_1 +x_0_4 +x_0_5 -x_1_2 -x_2_3 +x_3_4 +x_4_5 <= 3
x_0_1 +x_0_4 +x_0_5 -x_1_3 -x_2_3 +x_2_5 +x_4_5 <= 3
x_0_1 +x_0_4 +x_0_5 -x_1_3 -x_2_3 +x_2_4 +x_4_5 <= 3
x_0_1 +x_0_4 +x_0_5 +x_2_5 +x_3_4 +x_4_5 <= 4
x_0_1 +x_0_4 +x_0_5 +x_2_4 +x_3_5 +x_4_5 <= 4
x_0_1 +x_0_4 +x_0_5 +x_1_5 -x_2_3 -x_2_4 +x_3_5 <= 3
x_0_1 +x_0_4 +x_0_5 +x_1_5 -x_2_3 +x_2_5 -x_3_4 <= 3
x_0_1 +x_0_4 +x_0_5 +x_1_4 -x_2_3 -x_2_5 +x_3_4 <= 3
x_0_1 +x_0_4 +x_0_5 +x_1_4 -x_2_3 +x_2_4 -x_3_5 <= 3
x_0_1 +x_0_4 +x_0_5 +x_1_3 +x_1_5 -x_2_3 -x_2_4 <= 3
x_0_1 +x_0_4 +x_0_5 +x_1_3 +x_1_5 +x_2_5 <= 4
x_0_1 +x_0_4 +x_0_5 +x_1_3 +x_1_4 -x_2_3 -x_2_5 <= 3
x_0_1 +x_0_4 +x_0_5 +x_1_3 +x_1_4 +x_2_4 <= 4
x_0_1 +x_0_4 +x_0_5 +x_1_2 +x_1_5 -x_2_3 -x_3_4 <= 3
x_0_1 +x_0_4 +x_0_5 +x_1_2 +x_1_5 +x_3_5 <= 4
x_0_1 +x_0_4 +x_0_5 +x_1_2 +x_1_4 -x_2_3 -x_3_5 <= 3
x_0_1 +x_0_4 +x_0_5 +x_1_2 +x_1_4 +x_3_4 <= 4
x_0_1 +x_0_3 +x_1_3 -x_2_4 -x_2_5 -x_4_5 <= 1
x_0_1 +x_0_3 +x_0_5 -x_1_2 -x_2_4 +x_3_4 +x_3_5 <= 3
x_0_1 +x_0_3 +x_0_5 -x_1_4 +x_2_3 -x_2_4 +x_3_5 <= 3
x_0_1 +x_0_3 +x_0_5 +x_1_3 -x_2_4 -x_2_5 +x_3_4 <= 3
x_0_1 +x_0_3 +x_0_5 +x_1_3 +x_2_3 -x_2_4 -x_4_5 <= 3
x_0_1 +x_0_3 +x_0_4 -x_1_2 -x_2_5 +x_3_4 +x_3_5 <= 3
x_0_1 +x_0_3 +x_0_4 -x_1_5 +x_2_3 -x_2_5 +x_3_4 <= 3
x_0_1 +x_0_3 +x_0_4 +x_1_3 -x_2_4 -x_2_5 +x_3_5 <= 3
x_0_1 +x_0_3 +x_0_4 +x_1_3 +x_2_3 -x_2_5 -x_4_5 <= 3
x_0_1 +x_0_3 +x_0_4 +x_0_5 +x_1_3 +x_1_4 +x_1_5 +x_3_4 +x_3_5 +x_4_5 <= 4
x_0_1 +x_0_2 -x_1_4 +x_2_5 -x_3_4 -x_4_5 <= 2
x_0_1 +x_0_2 -x_1_4 +x_2_3 -x_3_4 -x_4_5 <= 2
x_0_1 +x_0_2 -x_1_5 +x_2_4 -x_3_5 -x_4_5 <= 2
x_0_1 +x_0_2 -x_1_5 +x_2_3 -x_3_5 -x_4_5 <= 2
x_0_1 +x_0_2 +x_1_5 -x_2_4 -x_3_4 -x_4_5 <= 2
x_0_1 +x_0_2 +x_1_4 -x_2_5 -x_3_5 -x_4_5 <= 2
x_0_1 +x_0_2 +x_1_3 -x_2_4 -x_3_4 -x_4_5 <= 2
x_0_1 +x_0_2 +x_1_3 -x_2_5 -x_3_5 -x_4_5 <= 2
x_0_1 +x_0_2 +x_1_2 -x_3_4 -x_3_5 -x_4_5 <= 1
x_0_1 +x_0_2 +x_1_2 +x_1_5 +x_2_3 -x_3_4 -x_4_5 <= 3
x_0_1 +x_0_2 +x_1_2 +x_1_4 +x_2_3 -x_3_5 -x_4_5 <= 3
x_0_1 +x_0_2 +x_1_2 +x_1_3 +x_2_5 -x_3_4 -x_4_5 <= 3
x_0_1 +x_0_2 +x_1_2 +x_1_3 +x_2_4 -x_3_5 -x_4_5 <= 3
x_0_1 +x_0_2 +x_0_5 -x_1_3 +x_2_5 -x_3_4 +x_4_5 <= 3
x_0_1 +x_0_2 +x_0_5 -x_1_3 +x_2_4 +x_2_5 -x_3_4 <= 3
x_0_1 +x_0_2 +x_0_5 -x_1_4 +x_2_5 -x_3_4 +x_3_5 <= 3
x_0_1 +x_0_2 +x_0_5 -x_1_4 +x_2_3 +x_2_5 -x_3_4 <= 3
x_0_1 +x_0_2 +x_0_5 +x_2_4 +x_2_5 +x_3_5 <= 4
x_0_1 +x_0_2 +x_0_5 +x_2_3 +x_2_5 +x_4_5 <= 4
x_0_1 +x_0_2 +x_0_5 +x_1_5 -x_2_3 -x_3_4 +x_4_5 <= 3
x_0_1 +x_0_2 +x_0_5 +x_1_5 -x_2_4 -x_3_4 +x_3_5 <= 3
x_0_1 +x_0_2 +x_0_5 +x_1_4 +x_1_5 -x_2_3 -x_3_4 <= 3
x_0_1 +x_0_2 +x_0_5 +x_1_4 +x_1_5 +x_3_5 <= 4
x_0_1 +x_0_2 +x_0_5 +x_1_3 +x_1_5 -x_2_4 -x_3_4 <= 3
x_0_1 +x_0_2 +x_0_5 +x_1_3 +x_1_5 +x_4_5 <= 4
x_0_1 +x_0_2 +x_0_5 +x_1_2 +x_2_4 -x_3_4 -x_3_5 <= 3
x_0_1 +x_0_2 +x_0_5 +x_1_2 +x_2_3 -x_3_4 -x_4_5 <= 3
x_0_1 +x_0_2 +x_0_5 +x_1_2 +x_1_4 -x_3_4 -x_3_5 <= 3
x_0_1 +x_0_2 +x_0_5 +x_1_2 +x_1_4 +x_2_3 <= 4
x_0_1 +x_0_2 +x_0_5 +x_1_2 +x_1_3 -x_3_4 -x_4_5 <= 3
x_0_1 +x_0_2 +x_0_5 +x_1_2 +x_1_3 +x_2_4 <= 4
x_0_1 +x_0_2 +x_0_4 -x_1_3 +x_2_4 -x_3_5 +x_4_5 <= 3
x_0_1 +x_0_2 +x_0_4 -x_1_3 +x_2_4 +x_2_5 -x_3_5 <= 3
x_0_1 +x_0_2 +x_0_4 -x_1_5 +x_2_4 +x_3_4 -x_3_5 <= 3
x_0_1 +x_0_2 +x_0_4 -x_1_5 +x_2_3 +x_2_4 -x_3_5 <= 3
x_0_1 +x_0_2 +x_0_4 +x_2_4 +x_2_5 +x_3_4 <= 4
x_0_1 +x_0_2 +x_0_4 +x_2_3 +x_2_4 +x_4_5 <= 4
x_0_1 +x_0_2 +x_0_4 +x_1_4 -x_2_3 -x_3_5 +x_4_5 <= 3
x_0_1 +x_0_2 +x_0_4 +x_1_4 -x_2_5 +x_3_4 -x_3_5 <= 3
x_0_1 +x_0_2 +x_0_4 +x_1_4 +x_1_5 -x_2_3 -x_3_5 <= 3
x_0_1 +x_0_2 +x_0_4 +x_1_4 +x_1_5 +x_3_4 <= 4
x_0_1 +x_0_2 +x_0_4 +x_1_3 +x_1_4 -x_2_5 -x_3_5 <= 3
x_0_1 +x_0_2 +x_0_4 +x_1_3 +x_1_4 +x_4_5 <= 4
x_0_1 +x_0_2 +x_0_4 +x_1_2 +x_2_5 -x_3_4 -x_3_5 <= 3
x_0_1 +x_0_2 +x_0_4 +x_1_2 +x_2_3 -x_3_5 -x_4_5 <= 3
x_0_1 +x_0_2 +x_0_4 +x_1_2 +x_1_5 -x_3_4 -x_3_5 <= 3
x_0_1 +x_0_2 +x_0_4 +x_1_2 +x_1_5 +x_2_3 <= 4
x_0_1 +x_0_2 +x_0_4 +x_1_2 +x_1_3 -x_3_5 -x_4_5 <= 3
x_0_1 +x_0_2 +x_0_4 +x_1_2 +x_1_3 +x_2_5 <= 4
x_0_1 +x_0_2 +x_0_4 +x_0_5 +x_1_2 +x_1_4 +x_1_5 +x_2_4 +x_2_5 +x_4_5 <= 4
x_0_1 +x_0_2 +x_0_3 -x_1_4 +x_2_3 +x_3_5 -x_4_5 <= 3
x_0_1 +x_0_2 +x_0_3 -x_1_5 +x_2_3 +x_3_4 -x_4_5 <= 3
x_0_1 +x_0_2 +x_0_3 +x_1_3 -x_2_4 +x_3_5 -x_4_5 <= 3
x_0_1 +x_0_2 +x_0_3 +x_1_3 -x_2_5 +x_3_4 -x_4_5 <= 3
x_0_1 +x_0_2 +x_0_3 +x_0_5 +x_1_2 +x_1_3 +x_1_5 +x_2_3 +x_2_5 +x_3_5 <= 4
x_0_1 +x_0_2 +x_0_3 +x_0_4 +x_1_2 +x_1_3 +x_1_4 +x_2_3 +x_2_4 +x_3_4 <= 4
x_0_1 +x_0_2 +x_0_3 +x_0_4 +x_0_5 <= 2
-x_0_1 -x_0_2 -x_0_3 -x_0_4 -x_0_5 -x_1_2 -x_1_3 -x_2_3 -x_2_4 -x_2_5 -x_3_4 -x_3_5 <= -2
-x_0_1 -x_0_2 -x_0_3 -x_0_4 -x_0_5 -x_1_3 -x_1_4 -x_2_3 -x_2_4 -x_3_4 -x_3_5 -x_4_5 <= -2
-x_0_1 -x_0_2 -x_0_3 -x_0_4 -x_0_5 -x_1_3 -x_1_5 -x_2_3 -x_2_5 -x_3_4 -x_3_5 -x_4_5 <= -2
-x_0_1 -x_0_2 -x_0_3 -x_0_4 -x_1_3 -x_2_3 -x_3_4 +x_4_5 <= 0
-x_0_1 -x_0_2 -x_0_3 -x_0_4 -x_1_3 -x_2_3 +x_2_5 -x_3_4 <= 0
-x_0_1 -x_0_2 -x_0_3 -x_0_4 -x_1_3 +x_1_5 -x_2_3 -x_3_4 <= 0
-x_0_1 -x_0_2 -x_0_3 -x_0_5 -x_1_3 -x_2_3 -x_3_5 +x_4_5 <= 0
-x_0_1 -x_0_2 -x_0_3 -x_0_5 -x_1_3 -x_2_3 +x_2_4 -x_3_5 <= 0
-x_0_1 -x_0_2 -x_0_3 -x_0_5 -x_1_3 +x_1_4 -x_2_3 -x_3_5 <= 0
-x_0_1 -x_0_2 -x_0_4 -x_0_5 -x_1_4 -x_2_4 +x_3_5 -x_4_5 <= 0
-x_0_1 -x_0_2 -x_0_4 -x_0_5 -x_1_4 +x_2_3 -x_2_4 -x_4_5 <= 0
-x_0_1 -x_0_2 -x_0_4 -x_0_5 -x_1_5 -x_2_5 +x_3_4 -x_4_5 <= 0
-x_0_1 -x_0_2 -x_0_4 -x_0_5 -x_1_5 +x_2_3 -x_2_5 -x_4_5 <= 0
-x_0_1 -x_0_2 -x_0_4 -x_1_2 -x_1_3 -x_1_4 -x_1_5 -x_2_3 -x_2_4 -x_2_5 -x_3_4 -x_4_5 <= -2
-x_0_1 -x_0_2 -x_0_4 +x_1_5 +x_2_3 +x_3_5 <= 2
-x_0_1 -x_0_2 -x_0_5 -x_1_2 -x_1_3 -x_1_4 -x_1_5 -x_2_3 -x_2_4 -x_2_5 -x_3_5 -x_4_5 <= -2
-x_0_1 -x_0_2 -x_0_5 +x_1_4 +x_2_3 +x_3_4 <= 2
-x_0_1 -x_0_3 -x_0_4 -x_0_5 -x_1_3 +x_2_5 -x_3_4 -x_3_5 <= 0
-x_0_1 -x_0_3 -x_0_4 -x_0_5 -x_1_3 +x_2_4 -x_3_4 -x_3_5 <= 0
-x_0_1 -x_0_3 -x_0_4 -x_0_5 +x_1_2 -x_1_3 -x_3_4 -x_3_5 <= 0
-x_0_1 -x_0_4 -x_0_5 -x_1_2 -x_1_3 -x_1_4 -x_1_5 -x_2_4 -x_2_5 -x_3_4 -x_3_5 -x_4_5 <= -2
-x_0_1 -x_0_4 -x_0_5 +x_2_3 +x_2_5 +x_3_4 <= 2
-x_0_1 -x_0_4 -x_0_5 +x_2_3 +x_2_4 +x_3_5 <= 2
-x_0_1 -x_0_4 -x_0_5 +x_1_2 +x_2_3 +x_3_5 <= 2
-x_0_1 -x_0_4 -x_0_5 +x_1_2 +x_2_3 +x_3_4 <= 2
-x_0_1 -x_0_4 -x_1_2 -x_1_3 -x_1_4 -x_2_4 +x_2_5 -x_3_4 <= 0
-x_0_1 -x_0_4 -x_1_3 -x_1_4 -x_1_5 +x_2_5 -x_3_4 -x_4_5 <= 0
-x_0_1 -x_0_4 +x_1_5 +x_2_3 +x_2_4 +x_2_5 +x_3_5 <= 3
-x_0_1 -x_0_4 +x_1_2 +x_2_3 +x_2_5 +x_3_5 +x_4_5 <= 3
-x_0_1 -x_0_5 -x_1_2 -x_1_3 -x_1_5 +x_2_4 -x_2_5 -x_3_5 <= 0
-x_0_1 -x_0_5 -x_1_3 -x_1_4 -x_1_5 +x_2_4 -x_3_5 -x_4_5 <= 0
-x_0_1 -x_0_5 +x_1_4 +x_2_3 +x_2_4 +x_2_5 +x_3_4 <= 3
-x_0_1 -x_0_5 +x_1_2 +x_2_3 +x_2_4 +x_3_4 +x_4_5 <= 3
-x_0_1 -x_1_3 -x_1_4 +x_2_4 +x_2_5 +x_3_5 <= 2
-x_0_1 -x_1_3 -x_1_4 +x_2_3 +x_2_5 +x_4_5 <= 2
-x_0_1 -x_1_3 -x_1_5 +x_2_4 +x_2_5 +x_3_4 <= 2
-x_0_1 -x_1_3 -x_1_5 +x_2_3 +x_2_4 +x_4_5 <= 2
-x_0_1 +x_0_5 -x_1_2 -x_1_3 +x_2_4 +x_4_5 <= 2
-x_0_1 +x_0_5 -x_1_3 -x_1_4 +x_2_4 +x_2_5 <= 2
-x_0_1 +x_0_5 -x_1_3 +x_2_4 +x_2_5 +x_3_4 +x_4_5 <= 3
-x_0_1 +x_0_5 -x_1_3 +x_2_3 +x_2_4 +x_2_5 +x_4_5 <= 3
-x_0_1 +x_0_4 -x_1_2 -x_1_3 +x_2_5 +x_4_5 <= 2
-x_0_1 +x_0_4 -x_1_3 -x_1_5 +x_2_4 +x_2_5 <= 2
-x_0_1 +x_0_4 -x_1_3 +x_2_4 +x_2_5 +x_3_5 +x_4_5 <= 3
-x_0_1 +x_0_4 -x_1_3 +x_2_3 +x_2_4 +x_2_5 +x_4_5 <= 3
-x_0_1 +x_0_3 -x_1_4 +x_2_3 +x_2_5 +x_3_5 +x_4_5 <= 3
-x_0_1 +x_0_3 -x_1_4 +x_2_3 +x_2_4 +x_2_5 +x_3_5 <= 3
-x_0_1 +x_0_3 -x_1_5 +x_2_3 +x_2_4 +x_3_4 +x_4_5 <= 3
-x_0_1 +x_0_3 -x_1_5 +x_2_3 +x_2_4 +x_2_5 +x_3_4 <= 3
-x_0_1 +x_0_2 -x_1_3 -x_1_4 +x_2_5 +x_4_5 <= 2
-x_0_1 +x_0_2 -x_1_3 -x_1_5 +x_2_4 +x_4_5 <= 2
-x_0_1 +x_0_2 -x_1_3 +x_2_4 +x_2_5 +x_3_5 +x_4_5 <= 3
-x_0_1 +x_0_2 -x_1_3 +x_2_4 +x_2_5 +x_3_4 +x_4_5 <= 3
-x_0_2 -x_0_4 -x_1_2 -x_1_4 +x_1_5 -x_2_3 -x_2_4 -x_3_4 <= 0
-x_0_2 -x_0_4 +x_1_5 -x_2_3 -x_2_4 -x_2_5 -x_3_4 -x_4_5 <= 0
-x_0_2 -x_0_5 -x_1_2 +x_1_4 -x_1_5 -x_2_3 -x_2_5 -x_3_5 <= 0
-x_0_2 -x_0_5 +x_1_4 -x_2_3 -x_2_4 -x_2_5 -x_3_5 -x_4_5 <= 0
-x_0_2 +x_1_4 +x_1_5 -x_2_3 -x_2_4 +x_3_5 <= 2
-x_0_2 +x_1_4 +x_1_5 -x_2_3 -x_2_5 +x_3_4 <= 2
-x_0_2 +x_0_5 +x_1_4 +x_1_5 -x_2_3 -x_2_4 <= 2
-x_0_2 +x_0_5 +x_1_4 +x_1_5 -x_2_3 +x_3_4 +x_4_5 <= 3
-x_0_2 +x_0_4 +x_1_4 +x_1_5 -x_2_3 -x_2_5 <= 2
-x_0_2 +x_0_4 +x_1_4 +x_1_5 -x_2_3 +x_3_5 +x_4_5 <= 3
-x_0_2 +x_0_3 -x_0_4 -x_1_2 -x_1_4 -x_2_4 -x_2_5 -x_4_5 <= 0
-x_0_2 +x_0_3 -x_0_5 -x_1_2 -x_1_5 -x_2_4 -x_2_5 -x_4_5 <= 0
-x_0_2 +x_0_3 -x_1_2 +x_1_5 -x_2_4 +x_3_5 <= 2
-x_0_2 +x_0_3 -x_1_2 +x_1_4 -x_2_5 +x_3_4 <= 2
-x_0_2 +x_0_3 +x_1_3 +x_1_4 +x_1_5 -x_2_4 +x_3_5 <= 3
-x_0_2 +x_0_3 +x_1_3 +x_1_4 +x_1_5 -x_2_5 +x_3_4 <= 3
-x_0_4 -x_0_5 +x_1_2 -x_1_4 -x_1_5 -x_3_4 -x_3_5 -x_4_5 <= 0
-x_0_4 -x_0_5 +x_1_2 -x_2_4 -x_2_5 -x_3_4 -x_3_5 -x_4_5 <= 0
-x_0_4 -x_1_4 +x_1_5 +x_2_3 +x_2_5 -x_3_4 <= 2
-x_0_4 +x_1_2 -x_1_4 +x_2_5 -x_3_4 +x_3_5 <= 2
-x_0_4 +x_1_2 +x_1_5 -x_2_4 -x_3_4 +x_3_5 <= 2
-x_0_4 +x_1_2 +x_1_5 +x_2_3 -x_3_4 -x_4_5 <= 2
-x_0_4 +x_0_5 +x_1_2 +x_1_5 -x_2_4 -x_3_4 <= 2
-x_0_4 +x_0_5 +x_1_2 +x_1_5 +x_2_3 +x_2_5 -x_3_4 <= 3
-x_0_5 +x_1_4 -x_1_5 +x_2_3 +x_2_4 -x_3_5 <= 2
-x_0_5 +x_1_2 -x_1_5 +x_2_4 +x_3_4 -x_3_5 <= 2
-x_0_5 +x_1_2 +x_1_4 -x_2_5 +x_3_4 -x_3_5 <= 2
-x_0_5 +x_1_2 +x_1_4 +x_2_3 -x_3_5 -x_4_5 <= 2
x_0_5 -x_1_2 -x_1_3 -x_2_3 -x_2_4 -x_2_5 -x_3_4 -x_3_5 <= 0
x_0_5 -x_1_3 -x_1_4 -x_2_3 -x_2_4 -x_3_4 -x_3_5 -x_4_5 <= 0
x_0_4 -x_0_5 +x_1_2 +x_1_4 -x_2_5 -x_3_5 <= 2
x_0_4 -x_0_5 +x_1_2 +x_1_4 +x_2_3 +x_2_4 -x_3_5 <= 3
x_0_4 -x_1_2 -x_1_3 -x_2_3 -x_2_4 -x_2_5 -x_3_4 -x_3_5 <= 0
x_0_4 -x_1_3 -x_1_5 -x_2_3 -x_2_5 -x_3_4 -x_3_5 -x_4_5 <= 0
x_0_4 +x_0_5 -x_1_3 -x_2_3 +x_2_5 -x_3_4 <= 2
x_0_4 +x_0_5 -x_1_3 -x_2_3 +x_2_4 -x_3_5 <= 2
x_0_4 +x_0_5 -x_1_3 +x_1_5 -x_2_3 -x_3_4 <= 2
x_0_4 +x_0_5 -x_1_3 +x_1_5 -x_2_3 +x_2_4 +x_4_5 <= 3
x_0_4 +x_0_5 -x_1_3 +x_1_4 -x_2_3 -x_3_5 <= 2
x_0_4 +x_0_5 -x_1_3 +x_1_4 -x_2_3 +x_2_5 +x_4_5 <= 3
x_0_3 -x_0_4 -x_0_5 -x_1_4 -x_1_5 -x_2_4 -x_2_5 -x_4_5 <= 0
x_0_3 -x_0_4 -x_1_4 -x_2_4 +x_2_5 +x_3_5 <= 2
x_0_3 -x_0_4 -x_1_4 +x_2_3 +x_2_5 -x_4_5 <= 2
x_0_3 -x_0_4 -x_1_4 +x_1_5 -x_2_4 +x_3_5 <= 2
x_0_3 -x_0_4 -x_1_4 +x_1_5 +x_2_3 +x_2_5 +x_3_5 <= 3
x_0_3 -x_0_4 +x_1_2 -x_1_4 +x_2_3 -x_4_5 <= 2
x_0_3 -x_0_4 +x_1_2 -x_1_4 +x_2_3 +x_2_5 +x_3_5 <= 3
x_0_3 -x_0_4 +x_1_2 +x_1_3 +x_1_5 -x_2_4 +x_3_5 <= 3
x_0_3 -x_0_4 +x_1_2 +x_1_3 +x_1_5 +x_2_3 -x_4_5 <= 3
x_0_3 -x_0_5 -x_1_5 +x_2_4 -x_2_5 +x_3_4 <= 2
x_0_3 -x_0_5 -x_1_5 +x_2_3 +x_2_4 -x_4_5 <= 2
x_0_3 -x_0_5 +x_1_4 -x_1_5 -x_2_5 +x_3_4 <= 2
x_0_3 -x_0_5 +x_1_4 -x_1_5 +x_2_3 +x_2_4 +x_3_4 <= 3
x_0_3 -x_0_5 +x_1_2 -x_1_5 +x_2_3 -x_4_5 <= 2
x_0_3 -x_0_5 +x_1_2 -x_1_5 +x_2_3 +x_2_4 +x_3_4 <= 3
x_0_3 -x_0_5 +x_1_2 +x_1_3 +x_1_4 -x_2_5 +x_3_4 <= 3
x_0_3 -x_0_5 +x_1_2 +x_1_3 +x_1_4 +x_2_3 -x_4_5 <= 3
x_0_3 -x_1_2 -x_1_3 -x_1_4 -x_1_5 -x_2_3 -x_2_4 -x_2_5 <= 0
x_0_3 -x_1_2 -x_1_3 -x_1_4 -x_1_5 -x_2_4 -x_3_4 -x_4_5 <= 0
x_0_3 -x_1_2 -x_1_3 -x_1_4 -x_1_5 -x_2_5 -x_3_5 -x_4_5 <= 0
x_0_3 -x_1_2 -x_1_4 -x_2_3 -x_2_4 -x_2_5 -x_3_4 -x_4_5 <= 0
x_0_3 -x_1_2 -x_1_5 -x_2_3 -x_2_4 -x_2_5 -x_3_5 -x_4_5 <= 0
x_0_3 -x_1_4 -x_1_5 -x_2_4 -x_2_5 -x_3_4 -x_3_5 -x_4_5 <= 0
x_0_3 +x_1_5 +x_2_3 +x_2_4 +x_2_5 +x_3_5 <= 4
x_0_3 +x_1_4 +x_2_3 +x_2_4 +x_2_5 +x_3_4 <= 4
x_0_3 +x_1_2 +x_2_3 +x_2_5 +x_3_5 +x_4_5 <= 4
x_0_3 +x_1_2 +x_2_3 +x_2_4 +x_3_4 +x_4_5 <= 4
x_0_3 +x_0_5 -x_1_2 -x_1_3 -x_1_4 +x_4_5 <= 2
x_0_3 +x_0_5 -x_1_2 -x_1_3 -x_1_4 +x_2_5 <= 2
x_0_3 +x_0_5 -x_1_2 -x_1_4 +x_2_5 +x_3_4 +x_3_5 <= 3
x_0_3 +x_0_5 -x_1_2 -x_1_4 +x_2_3 +x_3_5 +x_4_5 <= 3
x_0_3 +x_0_5 -x_1_2 -x_2_4 -x_2_5 +x_3_4 <= 2
x_0_3 +x_0_5 -x_1_2 +x_1_5 -x_2_3 -x_2_4 <= 2
x_0_3 +x_0_5 -x_1_2 +x_1_5 -x_2_4 +x_3_4 +x_3_5 <= 3
x_0_3 +x_0_5 -x_1_4 +x_2_3 -x_2_4 -x_4_5 <= 2
x_0_3 +x_0_5 -x_1_4 +x_1_5 -x_2_4 -x_3_4 <= 2
x_0_3 +x_0_5 -x_1_4 +x_1_5 +x_2_3 -x_2_4 +x_3_5 <= 3
x_0_3 +x_0_4 -x_1_2 -x_1_3 -x_1_5 +x_4_5 <= 2
x_0_3 +x_0_4 -x_1_2 -x_1_3 -x_1_5 +x_2_4 <= 2
x_0_3 +x_0_4 -x_1_2 -x_1_5 +x_2_4 +x_3_4 +x_3_5 <= 3
x_0_3 +x_0_4 -x_1_2 -x_1_5 +x_2_3 +x_3_4 +x_4_5 <= 3
x_0_3 +x_0_4 -x_1_2 -x_2_4 -x_2_5 +x_3_5 <= 2
x_0_3 +x_0_4 -x_1_2 +x_1_4 -x_2_3 -x_2_5 <= 2
x_0_3 +x_0_4 -x_1_2 +x_1_4 -x_2_5 +x_3_4 +x_3_5 <= 3
x_0_3 +x_0_4 -x_1_5 +x_2_3 -x_2_5 -x_4_5 <= 2
x_0_3 +x_0_4 +x_1_4 -x_1_5 -x_2_5 -x_3_5 <= 2
x_0_3 +x_0_4 +x_1_4 -x_1_5 +x_2_3 -x_2_5 +x_3_4 <= 3
x_0_3 +x_0_4 +x_0_5 -x_1_2 -x_1_3 +x_2_5 +x_4_5 <= 3
x_0_3 +x_0_4 +x_0_5 -x_1_2 -x_1_3 +x_2_4 +x_4_5 <= 3
x_0_3 +x_0_4 +x_0_5 -x_1_2 +x_1_5 -x_2_4 +x_3_5 <= 3
x_0_3 +x_0_4 +x_0_5 -x_1_2 +x_1_4 -x_2_5 +x_3_4 <= 3
x_0_3 +x_0_4 +x_0_5 +x_1_5 +x_2_4 +x_4_5 <= 4
x_0_3 +x_0_4 +x_0_5 +x_1_5 +x_2_3 +x_3_5 <= 4
x_0_3 +x_0_4 +x_0_5 +x_1_4 +x_2_5 +x_4_5 <= 4
x_0_3 +x_0_4 +x_0_5 +x_1_4 +x_2_3 +x_3_4 <= 4
x_0_2 -x_0_4 +x_1_2 +x_1_5 -x_3_4 -x_4_5 <= 2
x_0_2 -x_0_4 +x_1_2 +x_1_5 +x_2_5 -x_3_4 +x_3_5 <= 3
x_0_2 -x_0_5 +x_1_2 +x_1_4 -x_3_5 -x_4_5 <= 2
x_0_2 -x_0_5 +x_1_2 +x_1_4 +x_2_4 +x_3_4 -x_3_5 <= 3
x_0_2 -x_1_3 -x_1_4 -x_2_3 -x_2_4 -x_3_4 -x_3_5 -x_4_5 <= 0
x_0_2 -x_1_3 -x_1_5 -x_2_3 -x_2_5 -x_3_4 -x_3_5 -x_4_5 <= 0
x_0_2 +x_0_5 -x_1_3 -x_2_3 -x_3_4 +x_4_5 <= 2
x_0_2 +x_0_5 -x_1_3 +x_2_4 -x_3_4 -x_3_5 <= 2
x_0_2 +x_0_5 -x_1_3 +x_1_5 -x_2_3 -x_3_4 <= 2
x_0_2 +x_0_5 -x_1_3 +x_1_5 +x_2_4 +x_2_5 -x_3_4 <= 3
x_0_2 +x_0_5 +x_1_2 -x_1_3 -x_3_4 -x_3_5 <= 2
x_0_2 +x_0_5 +x_1_2 -x_1_3 +x_2_5 -x_3_4 +x_4_5 <= 3
x_0_2 +x_0_4 -x_1_3 -x_2_3 -x_3_5 +x_4_5 <= 2
x_0_2 +x_0_4 -x_1_3 +x_2_5 -x_3_4 -x_3_5 <= 2
x_0_2 +x_0_4 -x_1_3 +x_1_4 -x_2_3 -x_3_5 <= 2
x_0_2 +x_0_4 -x_1_3 +x_1_4 +x_2_4 +x_2_5 -x_3_5 <= 3
x_0_2 +x_0_4 +x_1_2 -x_1_3 -x_3_4 -x_3_5 <= 2
x_0_2 +x_0_4 +x_1_2 -x_1_3 +x_2_4 -x_3_5 +x_4_5 <= 3
x_0_2 +x_0_3 -x_1_3 -x_1_4 -x_1_5 +x_2_5 <= 2
x_0_2 +x_0_3 -x_1_3 -x_1_4 -x_1_5 +x_2_4 <= 2
x_0_2 +x_0_3 -x_1_4 -x_1_5 +x_2_3 +x_2_5 +x_3_4 <= 3
x_0_2 +x_0_3 -x_1_4 -x_1_5 +x_2_3 +x_2_4 +x_3_5 <= 3
x_0_2 +x_0_3 -x_1_4 -x_2_4 +x_3_5 -x_4_5 <= 2
x_0_2 +x_0_3 -x_1_5 -x_2_5 +x_3_4 -x_4_5 <= 2
x_0_2 +x_0_3 +x_1_2 -x_1_4 -x_3_4 -x_4_5 <= 2
x_0_2 +x_0_3 +x_1_2 -x_1_4 +x_2_3 +x_3_5 -x_4_5 <= 3
x_0_2 +x_0_3 +x_1_2 -x_1_5 -x_3_5 -x_4_5 <= 2
x_0_2 +x_0_3 +x_1_2 -x_1_5 +x_2_3 +x_3_4 -x_4_5 <= 3
x_0_2 +x_0_3 +x_0_5 -x_1_3 -x_1_4 +x_2_5 +x_4_5 <= 3
x_0_2 +x_0_3 +x_0_5 -x_1_3 -x_1_4 +x_2_4 +x_2_5 <= 3
x_0_2 +x_0_3 +x_0_5 -x_1_4 +x_1_5 -x_2_4 +x_3_5 <= 3
x_0_2 +x_0_3 +x_0_5 +x_1_5 +x_3_4 +x_3_5 <= 4
x_0_2 +x_0_3 +x_0_5 +x_1_5 +x_2_4 +x_2_5 <= 4
x_0_2 +x_0_3 +x_0_5 +x_1_2 -x_1_4 +x_2_3 -x_4_5 <= 3
x_0_2 +x_0_3 +x_0_5 +x_1_2 +x_2_5 +x_4_5 <= 4
x_0_2 +x_0_3 +x_0_5 +x_1_2 +x_2_3 +x_3_4 <= 4
x_0_2 +x_0_3 +x_0_4 -x_1_3 -x_1_5 +x_2_4 +x_4_5 <= 3
x_0_2 +x_0_3 +x_0_4 -x_1_3 -x_1_5 +x_2_4 +x_2_5 <= 3
x_0_2 +x_0_3 +x_0_4 +x_1_4 -x_1_5 -x_2_5 +x_3_4 <= 3
x_0_2 +x_0_3 +x_0_4 +x_1_4 +x_3_4 +x_3_5 <= 4
x_0_2 +x_0_3 +x_0_4 +x_1_4 +x_2_4 +x_2_5 <= 4
x_0_2 +x_0_3 +x_0_4 +x_1_2 -x_1_5 +x_2_3 -x_4_5 <= 3
x_0_2 +x_0_3 +x_0_4 +x_1_2 +x_2_4 +x_4_5 <= 4
x_0_2 +x_0_3 +x_0_4 +x_1_2 +x_2_3 +x_3_5 <= 4
x_0_1 -x_0_2 +x_1_5 -x_2_3 -x_2_4 +x_4_5 <= 2
x_0_1 -x_0_2 +x_1_4 -x_2_3 -x_2_5 +x_4_5 <= 2
x_0_1 -x_0_2 +x_1_4 +x_1_5 -x_2_3 +x_3_5 +x_4_5 <= 3
x_0_1 -x_0_2 +x_1_4 +x_1_5 -x_2_3 +x_3_4 +x_4_5 <= 3
x_0_1 -x_0_4 +x_1_5 -x_2_4 +x_2_5 -x_3_4 <= 2
x_0_1 -x_0_4 +x_1_2 +x_2_5 -x_3_4 -x_4_5 <= 2
x_0_1 -x_0_4 +x_1_2 +x_1_5 +x_2_5 -x_3_4 +x_3_5 <= 3
x_0_1 -x_0_4 +x_1_2 +x_1_5 +x_2_3 +x_2_5 -x_3_4 <= 3
x_0_1 -x_0_5 +x_1_4 +x_2_4 -x_2_5 -x_3_5 <= 2
x_0_1 -x_0_5 +x_1_2 +x_2_4 -x_3_5 -x_4_5 <= 2
x_0_1 -x_0_5 +x_1_2 +x_1_4 +x_2_4 +x_3_4 -x_3_5 <= 3
x_0_1 -x_0_5 +x_1_2 +x_1_4 +x_2_3 +x_2_4 -x_3_5 <= 3
x_0_1 -x_1_2 -x_1_3 -x_2_3 -x_2_4 -x_2_5 -x_3_4 -x_3_5 <= 0
x_0_1 -x_1_3 -x_1_4 -x_2_3 -x_2_4 -x_3_4 -x_3_5 -x_4_5 <= 0
x_0_1 -x_1_3 -x_1_5 -x_2_3 -x_2_5 -x_3_4 -x_3_5 -x_4_5 <= 0
x_0_1 +x_0_5 -x_1_3 -x_2_3 -x_3_4 +x_4_5 <= 2
x_0_1 +x_0_5 -x_1_3 -x_2_3 +x_2_5 -x_3_4 <= 2
x_0_1 +x_0_5 +x_1_4 +x_1_5 -x_2_3 +x_2_5 -x_3_4 <= 3
x_0_1 +x_0_5 +x_1_2 +x_1_5 -x_2_3 -x_3_4 +x_4_5 <= 3
x_0_1 +x_0_4 -x_1_3 -x_2_3 -x_3_5 +x_4_5 <= 2
x_0_1 +x_0_4 -x_1_3 -x_2_3 +x_2_4 -x_3_5 <= 2
x_0_1 +x_0_4 +x_1_4 +x_1_5 -x_2_3 +x_2_4 -x_3_5 <= 3
x_0_1 +x_0_4 +x_1_2 +x_1_4 -x_2_3 -x_3_5 +x_4_5 <= 3
x_0_1 +x_0_3 -x_1_2 -x_2_4 -x_2_5 +x_3_5 <= 2
x_0_1 +x_0_3 -x_1_2 -x_2_4 -x_2_5 +x_3_4 <= 2
x_0_1 +x_0_3 -x_1_4 -x_2_4 +x_3_5 -x_4_5 <= 2
x_0_1 +x_0_3 -x_1_4 +x_2_3 -x_2_4 -x_4_5 <= 2
x_0_1 +x_0_3 -x_1_5 -x_2_5 +x_3_4 -x_4_5 <= 2
x_0_1 +x_0_3 -x_1_5 +x_2_3 -x_2_5 -x_4_5 <= 2
x_0_1 +x_0_3 +x_1_5 -x_2_3 -x_2_4 -x_2_5 <= 2
x_0_1 +x_0_3 +x_1_5 -x_2_4 -x_3_4 -x_4_5 <= 2
x_0_1 +x_0_3 +x_1_4 -x_2_3 -x_2_4 -x_2_5 <= 2
x_0_1 +x_0_3 +x_1_4 -x_2_5 -x_3_5 -x_4_5 <= 2
x_0_1 +x_0_3 +x_1_3 +x_1_5 -x_2_4 -x_2_5 +x_3_4 <= 3
x_0_1 +x_0_3 +x_1_3 +x_1_5 +x_2_3 -x_2_4 -x_4_5 <= 3
x_0_1 +x_0_3 +x_1_3 +x_1_4 -x_2_4 -x_2_5 +x_3_5 <= 3
x_0_1 +x_0_3 +x_1_3 +x_1_4 +x_2_3 -x_2_5 -x_4_5 <= 3
x_0_1 +x_0_3 +x_1_2 -x_2_4 -x_3_4 -x_4_5 <= 2
x_0_1 +x_0_3 +x_1_2 -x_2_5 -x_3_5 -x_4_5 <= 2
x_0_1 +x_0_3 +x_1_2 +x_1_3 -x_2_4 +x_3_5 -x_4_5 <= 3
x_0_1 +x_0_3 +x_1_2 +x_1_3 -x_2_5 +x_3_4 -x_4_5 <= 3
x_0_1 +x_0_3 +x_0_5 -x_1_2 -x_2_4 +x_3_5 +x_4_5 <= 3
x_0_1 +x_0_3 +x_0_5 -x_1_4 -x_2_4 +x_2_5 +x_3_5 <= 3
x_0_1 +x_0_3 +x_0_5 +x_2_5 +x_3_4 +x_3_5 <= 4
x_0_1 +x_0_3 +x_0_5 +x_2_3 +x_3_5 +x_4_5 <= 4
x_0_1 +x_0_3 +x_0_5 +x_1_5 -x_2_3 -x_2_4 +x_4_5 <= 3
x_0_1 +x_0_3 +x_0_5 +x_1_5 -x_2_4 +x_2_5 -x_3_4 <= 3
x_0_1 +x_0_3 +x_0_5 +x_1_4 +x_1_5 -x_2_3 -x_2_4 <= 3
x_0_1 +x_0_3 +x_0_5 +x_1_4 +x_1_5 +x_2_5 <= 4
x_0_1 +x_0_3 +x_0_5 +x_1_2 +x_1_5 -x_2_4 -x_3_4 <= 3
x_0_1 +x_0_3 +x_0_5 +x_1_2 +x_1_5 +x_4_5 <= 4
x_0_1 +x_0_3 +x_0_4 -x_1_2 -x_2_5 +x_3_4 +x_4_5 <= 3
x_0_1 +x_0_3 +x_0_4 -x_1_5 +x_2_4 -x_2_5 +x_3_4 <= 3
x_0_1 +x_0_3 +x_0_4 +x_2_4 +x_3_4 +x_3_5 <= 4
x_0_1 +x_0_3 +x_0_4 +x_2_3 +x_3_4 +x_4_5 <= 4
x_0_1 +x_0_3 +x_0_4 +x_1_4 -x_2_3 -x_2_5 +x_4_5 <= 3
x_0_1 +x_0_3 +x_0_4 +x_1_4 +x_2_4 -x_2_5 -x_3_5 <= 3
x_0_1 +x_0_3 +x_0_4 +x_1_4 +x_1_5 -x_2_3 -x_2_5 <= 3
x_0_1 +x_0_3 +x_0_4 +x_1_4 +x_1_5 +x_2_4 <= 4
x_0_1 +x_0_3 +x_0_4 +x_1_2 +x_1_4 -x_2_5 -x_3_5 <= 3
x_0_1 +x_0_3 +x_0_4 +x_1_2 +x_1_4 +x_4_5 <= 4
x_0_1 +x_0_2 -x_1_3 +x_2_5 -x_3_4 -x_3_5 <= 2
x_0_1 +x_0_2 -x_1_3 +x_2_4 -x_3_4 -x_3_5 <= 2
x_0_1 +x_0_2 +x_1_2 +x_1_5 +x_2_4 -x_3_4 -x_3_5 <= 3
x_0_1 +x_0_2 +x_1_2 +x_1_4 +x_2_5 -x_3_4 -x_3_5 <= 3
x_0_1 +x_0_2 +x_0_3 -x_1_4 +x_2_3 +x_2_5 -x_4_5 <= 3
x_0_1 +x_0_2 +x_0_3 -x_1_5 +x_2_3 +x_2_4 -x_4_5 <= 3
x_0_1 +x_0_2 +x_0_3 +x_2_3 +x_2_5 +x_3_4 <= 4
x_0_1 +x_0_2 +x_0_3 +x_2_3 +x_2_4 +x_3_5 <= 4
x_0_1 +x_0_2 +x_0_3 +x_1_2 +x_2_5 -x_3_4 -x_4_5 <= 3
x_0_1 +x_0_2 +x_0_3 +x_1_2 +x_2_4 -x_3_5 -x_4_5 <= 3
x_0_1 +x_0_2 +x_0_3 +x_1_2 +x_1_5 -x_3_4 -x_4_5 <= 3
x_0_1 +x_0_2 +x_0_3 +x_1_2 +x_1_5 +x_2_4 <= 4
x_0_1 +x_0_2 +x_0_3 +x_1_2 +x_1_4 -x_3_5 -x_4_5 <= 3
x_0_1 +x_0_2 +x_0_3 +x_1_2 +x_1_4 +x_2_5 <= 4
-x_0_1 -x_0_2 -x_0_3 -x_0_4 -x_0_5 -x_1_2 -x_1_3 -x_1_4 -x_1_5 -x_2_3 -x_3_4 -x_3_5 <= -2
-x_0_1 -x_0_2 -x_0_4 -x_0_5 +x_1_3 -x_1_4 -x_2_4 -x_4_5 <= 0
-x_0_1 -x_0_2 -x_0_4 -x_0_5 +x_1_3 -x_1_5 -x_2_5 -x_4_5 <= 0
-x_0_1 -x_0_2 -x_0_4 +x_1_3 +x_2_5 +x_3_5 <= 2
-x_0_1 -x_0_2 -x_0_5 +x_1_3 +x_2_4 +x_3_4 <= 2
-x_0_1 +x_0_3 -x_0_4 -x_1_2 -x_1_4 -x_1_5 -x_2_4 -x_4_5 <= 0
-x_0_1 +x_0_3 -x_0_5 -x_1_2 -x_1_4 -x_1_5 -x_2_5 -x_4_5 <= 0
-x_0_1 +x_0_3 -x_1_2 -x_1_4 +x_2_5 +x_3_5 <= 2
-x_0_1 +x_0_3 -x_1_2 -x_1_5 +x_2_4 +x_3_4 <= 2
-x_0_2 -x_0_3 -x_0_4 -x_0_5 +x_1_5 -x_2_3 -x_3_4 -x_3_5 <= 0
-x_0_2 -x_0_3 -x_0_4 -x_0_5 +x_1_4 -x_2_3 -x_3_4 -x_3_5 <= 0
-x_0_2 -x_0_3 -x_0_4 -x_0_5 +x_1_2 -x_2_3 -x_3_4 -x_3_5 <= 0
-x_0_2 -x_0_4 -x_0_5 -x_1_2 -x_1_4 -x_1_5 -x_2_3 -x_2_4 -x_2_5 -x_3_4 -x_3_5 -x_4_5 <= -2
-x_0_2 -x_0_4 -x_0_5 +x_1_3 +x_1_5 +x_3_4 <= 2
-x_0_2 -x_0_4 -x_0_5 +x_1_3 +x_1_4 +x_3_5 <= 2
-x_0_2 -x_0_4 -x_0_5 +x_1_2 +x_1_3 +x_3_5 <= 2
-x_0_2 -x_0_4 -x_0_5 +x_1_2 +x_1_3 +x_3_4 <= 2
-x_0_2 -x_0_4 +x_1_3 +x_1_4 +x_1_5 +x_2_5 +x_3_5 <= 3
-x_0_2 -x_0_4 +x_1_2 +x_1_3 +x_1_5 +x_3_5 +x_4_5 <= 3
-x_0_2 -x_0_5 +x_1_3 +x_1_4 +x_1_5 +x_2_4 +x_3_4 <= 3
-x_0_2 -x_0_5 +x_1_2 +x_1_3 +x_1_4 +x_3_4 +x_4_5 <= 3
-x_0_2 +x_1_3 +x_1_5 -x_2_3 -x_2_4 +x_4_5 <= 2
-x_0_2 +x_1_3 +x_1_4 -x_2_3 -x_2_5 +x_4_5 <= 2
-x_0_2 +x_0_5 -x_1_2 +x_1_4 -x_2_3 +x_4_5 <= 2
-x_0_2 +x_0_5 +x_1_3 +x_1_4 +x_1_5 -x_2_3 +x_4_5 <= 3
-x_0_2 +x_0_4 -x_1_2 +x_1_5 -x_2_3 +x_4_5 <= 2
-x_0_2 +x_0_4 +x_1_3 +x_1_4 +x_1_5 -x_2_3 +x_4_5 <= 3
-x_0_2 +x_0_3 +x_1_3 +x_1_5 -x_2_4 +x_3_5 +x_4_5 <= 3
-x_0_2 +x_0_3 +x_1_3 +x_1_4 -x_2_5 +x_3_4 +x_4_5 <= 3
-x_0_4 +x_1_3 +x_1_5 -x_2_4 +x_2_5 -x_3_4 <= 2
-x_0_4 +x_1_2 +x_1_3 +x_2_5 -x_3_4 -x_4_5 <= 2
-x_0_4 +x_0_5 +x_1_2 -x_1_4 +x_2_5 -x_3_4 <= 2
-x_0_4 +x_0_5 +x_1_2 +x_1_3 +x_1_5 +x_2_5 -x_3_4 <= 3
-x_0_5 +x_1_3 +x_1_4 +x_2_4 -x_2_5 -x_3_5 <= 2
-x_0_5 +x_1_2 +x_1_3 +x_2_4 -x_3_5 -x_4_5 <= 2
x_0_5 -x_1_2 -x_1_3 -x_1_4 -x_1_5 -x_2_3 -x_3_4 -x_3_5 <= 0
x_0_4 -x_0_5 +x_1_2 -x_1_5 +x_2_4 -x_3_5 <= 2
x_0_4 -x_0_5 +x_1_2 +x_1_3 +x_1_4 +x_2_4 -x_3_5 <= 3
x_0_4 -x_1_2 -x_1_3 -x_1_4 -x_1_5 -x_2_3 -x_3_4 -x_3_5 <= 0
x_0_3 -x_0_4 +x_1_3 +x_1_5 -x_2_4 -x_4_5 <= 2
x_0_3 -x_0_4 +x_1_3 +x_1_5 -x_2_4 +x_2_5 +x_3_5 <= 3
x_0_3 -x_0_4 +x_1_2 +x_1_3 -x_2_4 -x_4_5 <= 2
x_0_3 -x_0_4 +x_1_2 +x_1_3 +x_2_3 +x_2_5 -x_4_5 <= 3
x_0_3 -x_0_5 +x_1_3 +x_1_4 -x_2_5 -x_4_5 <= 2
x_0_3 -x_0_5 +x_1_3 +x_1_4 +x_2_4 -x_2_5 +x_3_4 <= 3
x_0_3 -x_0_5 +x_1_2 +x_1_3 -x_2_5 -x_4_5 <= 2
x_0_3 -x_0_5 +x_1_2 +x_1_3 +x_2_3 +x_2_4 -x_4_5 <= 3
x_0_3 +x_1_3 +x_1_4 +x_1_5 +x_2_5 +x_3_5 <= 4
x_0_3 +x_1_3 +x_1_4 +x_1_5 +x_2_4 +x_3_4 <= 4
x_0_3 +x_1_2 +x_1_3 +x_1_5 +x_3_5 +x_4_5 <= 4
x_0_3 +x_1_2 +x_1_3 +x_1_4 +x_3_4 +x_4_5 <= 4
x_0_3 +x_0_5 -x_1_2 -x_1_4 -x_1_5 +x_3_4 <= 2
x_0_3 +x_0_5 -x_1_2 -x_2_3 -x_2_4 +x_4_5 <= 2
x_0_3 +x_0_5 -x_1_2 +x_1_3 -x_2_4 +x_3_5 +x_4_5 <= 3
x_0_3 +x_0_5 -x_1_4 -x_2_4 +x_2_5 -x_3_4 <= 2
x_0_3 +x_0_5 +x_1_3 -x_1_4 -x_2_4 -x_4_5 <= 2
x_0_3 +x_0_5 +x_1_3 -x_1_4 -x_2_4 +x_2_5 +x_3_5 <= 3
x_0_3 +x_0_4 -x_1_2 -x_1_4 -x_1_5 +x_3_5 <= 2
x_0_3 +x_0_4 -x_1_2 -x_2_3 -x_2_5 +x_4_5 <= 2
x_0_3 +x_0_4 -x_1_2 +x_1_3 -x_2_5 +x_3_4 +x_4_5 <= 3
x_0_3 +x_0_4 -x_1_5 +x_2_4 -x_2_5 -x_3_5 <= 2
x_0_3 +x_0_4 +x_1_3 -x_1_5 -x_2_5 -x_4_5 <= 2
x_0_3 +x_0_4 +x_1_3 -x_1_5 +x_2_4 -x_2_5 +x_3_4 <= 3
x_0_3 +x_0_4 +x_0_5 -x_1_2 -x_1_4 +x_2_5 +x_3_5 <= 3
x_0_3 +x_0_4 +x_0_5 -x_1_2 -x_1_5 +x_2_4 +x_3_4 <= 3
x_0_3 +x_0_4 +x_0_5 -x_1_2 +x_1_5 -x_2_3 +x_4_5 <= 3
x_0_3 +x_0_4 +x_0_5 -x_1_2 +x_1_4 -x_2_3 +x_4_5 <= 3
x_0_3 +x_0_4 +x_0_5 +x_1_3 +x_2_5 +x_3_5 <= 4
x_0_3 +x_0_4 +x_0_5 +x_1_3 +x_2_4 +x_3_4 <= 4
x_0_2 -x_0_4 -x_1_4 +x_1_5 +x_2_5 -x_3_4 <= 2
x_0_2 -x_0_4 +x_1_2 +x_1_3 +x_1_5 +x_2_5 -x_3_4 <= 3
x_0_2 -x_0_5 +x_1_4 -x_1_5 +x_2_4 -x_3_5 <= 2
x_0_2 -x_0_5 +x_1_2 +x_1_3 +x_1_4 +x_2_4 -x_3_5 <= 3
x_0_2 -x_1_2 -x_1_3 -x_1_4 -x_1_5 -x_2_3 -x_3_4 -x_3_5 <= 0
x_0_2 +x_0_3 -x_1_2 -x_1_4 -x_1_5 +x_3_5 <= 2
x_0_2 +x_0_3 -x_1_2 -x_1_4 -x_1_5 +x_3_4 <= 2
x_0_2 +x_0_3 -x_1_4 +x_2_5 -x_3_4 -x_4_5 <= 2
x_0_2 +x_0_3 -x_1_5 +x_2_4 -x_3_5 -x_4_5 <= 2
x_0_2 +x_0_3 +x_1_3 -x_1_4 -x_2_4 -x_4_5 <= 2
x_0_2 +x_0_3 +x_1_3 -x_1_4 +x_2_3 +x_2_5 -x_4_5 <= 3
x_0_2 +x_0_3 +x_1_3 -x_1_5 -x_2_5 -x_4_5 <= 2
x_0_2 +x_0_3 +x_1_3 -x_1_5 +x_2_3 +x_2_4 -x_4_5 <= 3
x_0_2 +x_0_3 +x_0_5 -x_1_2 -x_1_4 +x_3_5 +x_4_5 <= 3
x_0_2 +x_0_3 +x_0_5 -x_1_4 +x_1_5 +x_2_5 -x_3_4 <= 3
x_0_2 +x_0_3 +x_0_5 +x_1_3 +x_3_5 +x_4_5 <= 4
x_0_2 +x_0_3 +x_0_5 +x_1_2 -x_1_4 +x_2_5 -x_3_4 <= 3
x_0_2 +x_0_3 +x_0_4 -x_1_2 -x_1_5 +x_3_4 +x_4_5 <= 3
x_0_2 +x_0_3 +x_0_4 +x_1_4 -x_1_5 +x_2_4 -x_3_5 <= 3
x_0_2 +x_0_3 +x_0_4 +x_1_3 +x_3_4 +x_4_5 <= 4
x_0_2 +x_0_3 +x_0_4 +x_1_2 -x_1_5 +x_2_4 -x_3_5 <= 3
x_0_1 +x_0_5 +x_1_4 -x_2_3 -x_3_4 -x_3_5 <= 2
x_0_1 +x_0_5 +x_1_2 -x_2_3 -x_3_4 -x_3_5 <= 2
x_0_1 +x_0_4 +x_1_5 -x_2_3 -x_3_4 -x_3_5 <= 2
x_0_1 +x_0_4 +x_1_2 -x_2_3 -x_3_4 -x_3_5 <= 2
x_0_1 +x_0_3 +x_0_5 +x_1_2 +x_1_3 -x_2_4 -x_4_5 <= 3
x_0_1 +x_0_3 +x_0_5 +x_1_2 +x_1_3 +x_3_4 <= 4
x_0_1 +x_0_3 +x_0_4 +x_1_2 +x_1_3 -x_2_5 -x_4_5 <= 3
x_0_1 +x_0_3 +x_0_4 +x_1_2 +x_1_3 +x_3_5 <= 4
x_0_1 +x_0_2 +x_1_5 -x_2_3 -x_3_4 -x_3_5 <= 2
x_0_1 +x_0_2 +x_1_4 -x_2_3 -x_3_4 -x_3_5 <= 2
x_0_1 +x_0_2 +x_0_3 +x_1_3 +x_1_5 -x_2_4 -x_4_5 <= 3
x_0_1 +x_0_2 +x_0_3 +x_1_3 +x_1_5 +x_3_4 <= 4
x_0_1 +x_0_2 +x_0_3 +x_1_3 +x_1_4 -x_2_5 -x_4_5 <= 3
x_0_1 +x_0_2 +x_0_3 +x_1_3 +x_1_4 +x_3_5 <= 4
-x_0_1 -x_0_2 -x_0_4 -x_0_5 -x_1_2 -x_1_4 -x_1_5 +x_2_3 <= 0
-x_0_1 -x_0_2 -x_0_4 -x_0_5 -x_1_2 +x_1_3 -x_2_4 -x_2_5 <= 0
-x_0_1 -x_0_4 -x_0_5 +x_1_3 +x_2_3 +x_2_5 <= 2
-x_0_1 -x_0_4 -x_0_5 +x_1_3 +x_2_3 +x_2_4 <= 2
-x_0_2 -x_0_4 -x_0_5 +x_1_3 +x_1_5 +x_2_3 <= 2
-x_0_2 -x_0_4 -x_0_5 +x_1_3 +x_1_4 +x_2_3 <= 2
-x_0_4 -x_0_5 +x_1_2 +x_1_3 +x_1_5 +x_2_3 +x_2_4 <= 3
-x_0_4 -x_0_5 +x_1_2 +x_1_3 +x_1_4 +x_2_3 +x_2_5 <= 3
-x_0_1 -x_0_2 +x_0_3 -x_1_2 -x_1_4 -x_1_5 -x_2_4 -x_2_5 <= 0
-x_0_1 +x_0_3 -x_1_4 -x_1_5 +x_2_3 +x_2_5 <= 2
-x_0_2 +x_0_3 +x_1_3 +x_1_5 -x_2_4 -x_2_5 <= 2
-x_0_2 +x_0_3 +x_1_3 +x_1_4 -x_2_4 -x_2_5 <= 2
x_0_3 +x_1_2 +x_1_3 +x_1_4 +x_2_3 +x_2_5 <= 4
x_0_3 +x_0_5 -x_1_2 +x_1_3 -x_2_4 -x_2_5 <= 2
x_0_3 +x_0_4 -x_1_2 -x_1_4 -x_1_5 +x_2_3 <= 2
x_0_3 +x_0_4 -x_1_2 +x_1_3 -x_2_4 -x_2_5 <= 2
x_0_2 +x_0_3 +x_0_4 -x_1_4 -x_1_5 +x_2_3 +x_2_5 <= 3
x_0_2 +x_0_3 +x_0_4 +x_1_3 +x_2_3 +x_2_5 <= 4
x_0_1 +x_0_3 +x_0_5 +x_1_3 +x_1_4 -x_2_4 -x_2_5 <= 3
x_0_1 +x_0_3 +x_0_5 +x_1_3 +x_1_4 +x_2_3 <= 4
x_0_1 +x_0_3 +x_0_4 +x_1_3 +x_1_5 -x_2_4 -x_2_5 <= 3
x_0_1 +x_0_3 +x_0_4 +x_1_3 +x_1_5 +x_2_3 <= 4
-x_0_1 +x_0_3 -x_1_4 -x_1_5 +x_2_3 +x_2_4 <= 2
x_0_3 +x_0_5 -x_1_2 -x_1_4 -x_1_5 +x_2_3 <= 2
x_0_2 +x_0_3 +x_0_5 -x_1_4 -x_1_5 +x_2_3 +x_2_4 <= 3
x_0_3 +x_1_2 +x_1_3 +x_1_5 +x_2_3 +x_2_4 <= 4
x_0_2 +x_0_3 +x_0_5 +x_1_3 +x_2_3 +x_2_4 <= 4
