Names:
x_0_1 x_0_2 x_0_3 x_1_2 x_1_3 x_2_4 x_3_5 x_4_6 x_4_7 x_5_6 x_5_8 x_6_9 x_7_8 x_7_9 x_8_9 
Inequalities:
x_4_7 +x_7_8 +x_7_9 <= 2
x_6_9 +x_7_9 +x_8_9 <= 2
x_7_9 <= 1
x_5_8 +x_7_8 +x_8_9 <= 2
-x_0_1 -x_0_2 -x_0_3 -x_1_2 -x_1_3 -x_2_4 -x_3_5 -x_4_6 -x_4_7 -x_5_6 -x_5_8 -x_6_9 <= -4
-x_0_1 -x_0_2 -x_0_3 -x_1_2 -x_1_3 -x_2_4 -x_3_5 -x_4_6 -x_4_7 -x_5_6 -x_5_8 -x_7_8 <= -4
-x_0_1 -x_0_2 -x_0_3 -x_1_2 -x_1_3 -x_2_4 -x_3_5 -x_4_6 -x_5_6 -x_5_8 -x_6_9 -x_8_9 <= -4
-x_0_1 -x_0_2 -x_0_3 -x_1_2 -x_1_3 -x_2_4 -x_3_5 -x_4_6 -x_5_6 +x_7_8 +x_7_9 +x_8_9 <= -1
-x_0_1 -x_0_2 -x_0_3 -x_1_2 -x_1_3 -x_2_4 -x_3_5 -x_5_8 +x_6_9 +x_7_9 <= -1
-x_0_1 -x_0_2 -x_0_3 -x_1_2 -x_1_3 -x_2_4 -x_4_6 -x_4_7 +x_5_8 -x_6_9 <= -2
-x_0_1 -x_0_2 -x_0_3 -x_1_2 -x_1_3 -x_2_4 -x_4_7 +x_5_6 +x_6_9 -x_7_8 <= -1
-x_0_1 -x_0_2 -x_0_3 -x_1_2 -x_1_3 -x_2_4 -x_4_7 +x_5_6 +x_5_8 +x_6_9 <= 0
-x_0_1 -x_0_2 -x_0_3 -x_1_2 -x_1_3 -x_2_4 <= -2
-x_0_1 -x_0_2 -x_0_3 -x_1_2 -x_1_3 -x_2_4 +x_5_6 +x_5_8 +x_6_9 +x_7_8 +x_7_9 +x_8_9 <= 2
-x_0_1 -x_0_2 -x_0_3 -x_1_2 -x_1_3 -x_3_5 <= -2
-x_0_1 -x_0_2 -x_0_3 -x_1_2 -x_1_3 -x_3_5 +x_4_7 -x_5_6 -x_5_8 +x_7_9 <= -1
-x_0_1 -x_0_2 -x_0_3 -x_1_2 -x_1_3 +x_4_7 -x_6_9 -x_8_9 <= -1
-x_0_1 -x_0_2 -x_0_3 -x_1_2 -x_1_3 +x_4_7 +x_5_8 -x_6_9 <= 0
-x_0_1 -x_0_2 -x_0_3 -x_1_2 -x_1_3 +x_4_7 +x_5_8 +x_7_8 +x_7_9 +x_8_9 <= 2
-x_0_1 -x_0_2 -x_0_3 -x_1_2 -x_1_3 +x_4_6 +x_4_7 +x_5_6 +x_6_9 +x_7_9 <= 2
-x_0_1 -x_0_2 -x_0_3 <= -1
-x_0_1 -x_0_2 -x_1_2 -x_2_4 -x_4_6 -x_5_6 -x_5_8 +x_7_9 <= -1
-x_0_1 -x_0_2 -x_1_2 -x_2_4 +x_3_5 -x_4_6 -x_6_9 -x_8_9 <= -1
-x_0_1 -x_0_2 -x_1_2 -x_2_4 +x_3_5 -x_4_6 +x_5_8 +x_7_8 +x_7_9 +x_8_9 <= 2
-x_0_1 -x_0_2 -x_1_2 -x_2_4 +x_3_5 -x_4_6 +x_5_6 +x_7_9 -x_8_9 <= 1
-x_0_1 -x_0_2 -x_1_2 -x_2_4 +x_3_5 +x_5_6 +x_6_9 +x_7_9 <= 2
-x_0_1 -x_0_2 -x_1_2 +x_4_7 -x_5_6 -x_5_8 -x_6_9 -x_8_9 <= -1
-x_0_1 -x_0_2 -x_1_2 +x_4_7 -x_5_6 +x_7_8 +x_7_9 +x_8_9 <= 2
-x_0_1 -x_0_2 -x_1_2 +x_4_6 +x_4_7 -x_5_6 -x_5_8 +x_7_9 -x_8_9 <= 1
-x_0_1 -x_0_2 -x_1_2 +x_4_6 +x_4_7 -x_5_8 +x_6_9 +x_7_9 <= 2
-x_0_1 -x_0_2 -x_1_2 +x_3_5 <= 0
-x_0_1 -x_0_2 -x_1_2 +x_3_5 +x_4_6 +x_4_7 +x_5_6 -x_8_9 <= 2
-x_0_1 -x_0_2 -x_1_2 +x_3_5 +x_4_6 +x_4_7 +x_5_6 +x_5_8 +x_6_9 +x_7_8 +x_7_9 +x_8_9 <= 5
-x_0_1 -x_0_3 -x_1_3 -x_3_5 -x_4_6 -x_5_6 -x_5_8 +x_7_9 <= -1
-x_0_1 -x_0_3 -x_1_3 -x_4_6 -x_6_9 -x_8_9 <= -1
-x_0_1 -x_0_3 -x_1_3 -x_4_6 +x_5_8 +x_7_8 +x_7_9 +x_8_9 <= 2
-x_0_1 -x_0_3 -x_1_3 -x_4_6 +x_5_6 +x_7_9 -x_8_9 <= 1
-x_0_1 -x_0_3 -x_1_3 +x_5_6 +x_6_9 +x_7_9 <= 2
-x_0_1 -x_0_3 -x_1_3 +x_2_4 -x_3_5 +x_4_7 -x_5_6 -x_5_8 -x_6_9 -x_8_9 <= -1
-x_0_1 -x_0_3 -x_1_3 +x_2_4 -x_3_5 +x_4_7 -x_5_6 +x_7_8 +x_7_9 +x_8_9 <= 2
-x_0_1 -x_0_3 -x_1_3 +x_2_4 -x_3_5 +x_4_6 +x_4_7 -x_5_6 -x_5_8 +x_7_9 -x_8_9 <= 1
-x_0_1 -x_0_3 -x_1_3 +x_2_4 -x_3_5 +x_4_6 +x_4_7 -x_5_8 +x_6_9 +x_7_9 <= 2
-x_0_1 -x_0_3 -x_1_3 +x_2_4 <= 0
-x_0_1 -x_0_3 -x_1_3 +x_2_4 +x_4_6 +x_4_7 +x_5_6 -x_8_9 <= 2
-x_0_1 -x_0_3 -x_1_3 +x_2_4 +x_4_6 +x_4_7 +x_5_6 +x_5_8 +x_6_9 +x_7_8 +x_7_9 +x_8_9 <= 5
-x_0_1 -x_1_2 -x_1_3 <= -1
-x_0_1 <= 0
-x_0_2 -x_0_3 -x_2_4 -x_3_5 -x_4_6 -x_5_6 -x_5_8 +x_7_9 <= -1
-x_0_2 -x_0_3 -x_2_4 -x_3_5 <= -1
-x_0_2 -x_0_3 -x_2_4 -x_4_6 -x_6_9 -x_8_9 <= -1
-x_0_2 -x_0_3 -x_2_4 -x_4_6 +x_5_8 +x_7_8 +x_7_9 +x_8_9 <= 2
-x_0_2 -x_0_3 -x_2_4 -x_4_6 +x_5_6 +x_7_9 -x_8_9 <= 1
-x_0_2 -x_0_3 -x_2_4 +x_5_6 +x_6_9 +x_7_9 <= 2
-x_0_2 -x_0_3 -x_3_5 +x_4_7 -x_5_6 -x_5_8 -x_6_9 -x_8_9 <= -1
-x_0_2 -x_0_3 -x_3_5 +x_4_7 -x_5_6 +x_7_8 +x_7_9 +x_8_9 <= 2
-x_0_2 -x_0_3 -x_3_5 +x_4_6 +x_4_7 -x_5_6 -x_5_8 +x_7_9 -x_8_9 <= 1
-x_0_2 -x_0_3 -x_3_5 +x_4_6 +x_4_7 -x_5_8 +x_6_9 +x_7_9 <= 2
-x_0_2 -x_0_3 +x_4_6 +x_4_7 +x_5_6 -x_8_9 <= 2
-x_0_2 -x_0_3 +x_4_6 +x_4_7 +x_5_6 +x_5_8 +x_6_9 +x_7_8 +x_7_9 +x_8_9 <= 5
-x_0_2 -x_0_3 +x_1_3 -x_2_4 <= 0
-x_0_2 -x_0_3 +x_1_2 -x_3_5 <= 0
-x_0_2 -x_1_2 -x_2_4 <= -1
-x_0_2 <= 0
-x_0_2 +x_1_3 -x_2_4 -x_4_6 -x_4_7 -x_5_6 -x_5_8 -x_6_9 <= -1
-x_0_2 +x_1_3 -x_2_4 -x_4_6 -x_4_7 -x_5_6 -x_5_8 -x_7_8 <= -1
-x_0_2 +x_1_3 -x_2_4 -x_4_6 -x_5_6 -x_5_8 -x_6_9 -x_8_9 <= -1
-x_0_2 +x_1_3 -x_2_4 -x_4_6 -x_5_6 +x_7_8 +x_7_9 +x_8_9 <= 2
-x_0_2 +x_1_3 -x_2_4 -x_5_8 +x_6_9 +x_7_9 <= 2
-x_0_2 +x_1_3 -x_2_4 +x_3_5 -x_4_6 -x_4_7 +x_5_8 -x_6_9 <= 1
-x_0_2 +x_1_3 -x_2_4 +x_3_5 -x_4_7 +x_5_6 +x_6_9 -x_7_8 <= 2
-x_0_2 +x_1_3 -x_2_4 +x_3_5 -x_4_7 +x_5_6 +x_5_8 +x_6_9 <= 3
-x_0_2 +x_1_3 -x_2_4 +x_3_5 <= 1
-x_0_2 +x_1_3 -x_2_4 +x_3_5 +x_5_6 +x_5_8 +x_6_9 +x_7_8 +x_7_9 +x_8_9 <= 5
-x_0_2 +x_1_3 +x_4_7 -x_5_6 -x_5_8 +x_7_9 <= 2
-x_0_2 +x_1_3 +x_3_5 +x_4_7 -x_6_9 -x_8_9 <= 2
-x_0_2 +x_1_3 +x_3_5 +x_4_7 +x_5_8 -x_6_9 <= 3
-x_0_2 +x_1_3 +x_3_5 +x_4_7 +x_5_8 +x_7_8 +x_7_9 +x_8_9 <= 5
-x_0_2 +x_1_3 +x_3_5 +x_4_6 +x_4_7 +x_5_6 +x_6_9 +x_7_9 <= 5
-x_0_2 +x_1_2 +x_1_3 +x_3_5 <= 2
-x_0_3 -x_1_3 -x_3_5 <= -1
-x_0_3 <= 0
-x_0_3 +x_1_2 -x_3_5 -x_4_6 -x_4_7 -x_5_6 -x_5_8 -x_6_9 <= -1
-x_0_3 +x_1_2 -x_3_5 -x_4_6 -x_4_7 -x_5_6 -x_5_8 -x_7_8 <= -1
-x_0_3 +x_1_2 -x_3_5 -x_4_6 -x_5_6 -x_5_8 -x_6_9 -x_8_9 <= -1
-x_0_3 +x_1_2 -x_3_5 -x_4_6 -x_5_6 +x_7_8 +x_7_9 +x_8_9 <= 2
-x_0_3 +x_1_2 -x_3_5 -x_5_8 +x_6_9 +x_7_9 <= 2
-x_0_3 +x_1_2 -x_4_6 -x_4_7 +x_5_8 -x_6_9 <= 1
-x_0_3 +x_1_2 -x_4_7 +x_5_6 +x_6_9 -x_7_8 <= 2
-x_0_3 +x_1_2 -x_4_7 +x_5_6 +x_5_8 +x_6_9 <= 3
-x_0_3 +x_1_2 +x_5_6 +x_5_8 +x_6_9 +x_7_8 +x_7_9 +x_8_9 <= 5
-x_0_3 +x_1_2 +x_2_4 -x_3_5 <= 1
-x_0_3 +x_1_2 +x_2_4 -x_3_5 +x_4_7 -x_5_6 -x_5_8 +x_7_9 <= 2
-x_0_3 +x_1_2 +x_2_4 +x_4_7 -x_6_9 -x_8_9 <= 2
-x_0_3 +x_1_2 +x_2_4 +x_4_7 +x_5_8 -x_6_9 <= 3
-x_0_3 +x_1_2 +x_2_4 +x_4_7 +x_5_8 +x_7_8 +x_7_9 +x_8_9 <= 5
-x_0_3 +x_1_2 +x_2_4 +x_4_6 +x_4_7 +x_5_6 +x_6_9 +x_7_9 <= 5
-x_0_3 +x_1_2 +x_1_3 +x_2_4 <= 2
-x_1_2 -x_1_3 -x_2_4 -x_3_5 -x_4_6 -x_5_6 -x_5_8 +x_7_9 <= -1
-x_1_2 -x_1_3 -x_2_4 -x_3_5 <= -1
-x_1_2 -x_1_3 -x_2_4 -x_4_6 -x_6_9 -x_8_9 <= -1
-x_1_2 -x_1_3 -x_2_4 -x_4_6 +x_5_8 +x_7_8 +x_7_9 +x_8_9 <= 2
-x_1_2 -x_1_3 -x_2_4 -x_4_6 +x_5_6 +x_7_9 -x_8_9 <= 1
-x_1_2 -x_1_3 -x_2_4 +x_5_6 +x_6_9 +x_7_9 <= 2
-x_1_2 -x_1_3 -x_3_5 +x_4_7 -x_5_6 -x_5_8 -x_6_9 -x_8_9 <= -1
-x_1_2 -x_1_3 -x_3_5 +x_4_7 -x_5_6 +x_7_8 +x_7_9 +x_8_9 <= 2
-x_1_2 -x_1_3 -x_3_5 +x_4_6 +x_4_7 -x_5_6 -x_5_8 +x_7_9 -x_8_9 <= 1
-x_1_2 -x_1_3 -x_3_5 +x_4_6 +x_4_7 -x_5_8 +x_6_9 +x_7_9 <= 2
-x_1_2 -x_1_3 +x_4_6 +x_4_7 +x_5_6 -x_8_9 <= 2
-x_1_2 -x_1_3 +x_4_6 +x_4_7 +x_5_6 +x_5_8 +x_6_9 +x_7_8 +x_7_9 +x_8_9 <= 5
-x_1_2 <= 0
-x_1_3 <= 0
-x_2_4 -x_3_5 -x_4_6 -x_5_6 -x_5_8 -x_6_9 -x_8_9 <= -2
-x_2_4 -x_3_5 -x_4_6 -x_5_6 +x_7_8 +x_7_9 +x_8_9 <= 1
-x_2_4 -x_3_5 -x_5_8 +x_6_9 +x_7_9 <= 1
-x_2_4 -x_4_6 -x_4_7 <= -1
-x_2_4 -x_4_6 -x_5_6 -x_5_8 +x_7_9 <= 0
-x_2_4 -x_4_6 -x_5_6 +x_5_8 +x_7_8 +x_7_9 +x_8_9 <= 2
-x_2_4 <= 0
-x_2_4 +x_5_6 -x_5_8 +x_6_9 +x_7_9 <= 2
-x_2_4 +x_5_6 +x_5_8 +x_6_9 +x_7_8 +x_7_9 +x_8_9 <= 4
-x_2_4 +x_3_5 -x_4_6 -x_6_9 -x_8_9 <= 0
-x_2_4 +x_3_5 -x_4_6 +x_5_8 +x_7_8 +x_7_9 +x_8_9 <= 3
-x_2_4 +x_3_5 +x_5_6 +x_6_9 +x_7_9 <= 3
-x_3_5 -x_5_6 -x_5_8 <= -1
-x_3_5 <= 0
-x_4_6 -x_5_6 -x_6_9 <= -1
-x_4_6 <= 0
-x_4_7 <= 0
-x_5_6 <= 0
-x_5_8 -x_7_8 -x_8_9 <= -1
-x_5_8 <= 0
-x_6_9 <= 0
-x_7_8 <= 0
-x_8_9 <= 0
x_5_8 <= 1
x_5_6 <= 1
x_4_6 <= 1
x_4_6 +x_5_6 +x_6_9 <= 2
x_3_5 <= 1
x_3_5 +x_5_6 +x_5_8 <= 2
x_2_4 -x_3_5 +x_4_7 -x_5_6 -x_5_8 -x_6_9 -x_8_9 <= 0
x_2_4 -x_3_5 +x_4_7 -x_5_6 +x_7_8 +x_7_9 +x_8_9 <= 3
x_2_4 -x_3_5 +x_4_6 +x_4_7 -x_5_8 +x_6_9 +x_7_9 <= 3
x_2_4 <= 1
x_2_4 +x_4_7 -x_5_6 -x_5_8 +x_7_9 <= 2
x_2_4 +x_4_7 -x_5_6 +x_5_8 +x_7_8 +x_7_9 +x_8_9 <= 4
x_2_4 +x_4_6 +x_4_7 <= 2
x_2_4 +x_4_6 +x_4_7 +x_5_6 -x_5_8 +x_6_9 +x_7_9 <= 4
x_2_4 +x_4_6 +x_4_7 +x_5_6 +x_5_8 +x_6_9 +x_7_8 +x_7_9 +x_8_9 <= 6
x_2_4 +x_3_5 +x_4_7 -x_6_9 -x_8_9 <= 2
x_2_4 +x_3_5 +x_4_7 +x_5_8 +x_7_8 +x_7_9 +x_8_9 <= 5
x_2_4 +x_3_5 +x_4_6 +x_4_7 +x_5_6 +x_6_9 +x_7_9 <= 5
x_1_3 <= 1
x_1_2 <= 1
x_1_2 +x_1_3 -x_4_6 -x_5_6 -x_5_8 +x_7_9 <= 2
x_1_2 +x_1_3 +x_3_5 -x_4_6 -x_6_9 -x_8_9 <= 2
x_1_2 +x_1_3 +x_3_5 -x_4_6 +x_5_8 +x_7_8 +x_7_9 +x_8_9 <= 5
x_1_2 +x_1_3 +x_3_5 -x_4_6 +x_5_6 +x_7_9 -x_8_9 <= 4
x_1_2 +x_1_3 +x_3_5 +x_5_6 +x_6_9 +x_7_9 <= 5
x_1_2 +x_1_3 +x_2_4 +x_4_7 -x_5_6 -x_5_8 -x_6_9 -x_8_9 <= 2
x_1_2 +x_1_3 +x_2_4 +x_4_7 -x_5_6 +x_7_8 +x_7_9 +x_8_9 <= 5
x_1_2 +x_1_3 +x_2_4 +x_4_6 +x_4_7 -x_5_6 -x_5_8 +x_7_9 -x_8_9 <= 4
x_1_2 +x_1_3 +x_2_4 +x_4_6 +x_4_7 -x_5_8 +x_6_9 +x_7_9 <= 5
x_1_2 +x_1_3 +x_2_4 +x_3_5 <= 3
x_1_2 +x_1_3 +x_2_4 +x_3_5 +x_4_6 +x_4_7 +x_5_6 -x_8_9 <= 5
x_1_2 +x_1_3 +x_2_4 +x_3_5 +x_4_6 +x_4_7 +x_5_6 +x_5_8 +x_6_9 +x_7_8 +x_7_9 +x_8_9 <= 8
x_0_3 -x_1_2 -x_1_3 -x_2_4 <= 0
x_0_3 -x_1_2 -x_2_4 -x_4_6 -x_4_7 -x_5_6 -x_5_8 -x_6_9 <= -1
x_0_3 -x_1_2 -x_2_4 -x_4_6 -x_4_7 -x_5_6 -x_5_8 -x_7_8 <= -1
x_0_3 -x_1_2 -x_2_4 -x_4_6 -x_5_6 -x_5_8 -x_6_9 -x_8_9 <= -1
x_0_3 -x_1_2 -x_2_4 -x_4_6 -x_5_6 +x_7_8 +x_7_9 +x_8_9 <= 2
x_0_3 -x_1_2 -x_2_4 -x_5_8 +x_6_9 +x_7_9 <= 2
x_0_3 -x_1_2 -x_2_4 +x_3_5 -x_4_6 -x_4_7 +x_5_8 -x_6_9 <= 1
x_0_3 -x_1_2 -x_2_4 +x_3_5 -x_4_7 +x_5_6 +x_6_9 -x_7_8 <= 2
x_0_3 -x_1_2 -x_2_4 +x_3_5 -x_4_7 +x_5_6 +x_5_8 +x_6_9 <= 3
x_0_3 -x_1_2 -x_2_4 +x_3_5 <= 1
x_0_3 -x_1_2 -x_2_4 +x_3_5 +x_5_6 +x_5_8 +x_6_9 +x_7_8 +x_7_9 +x_8_9 <= 5
x_0_3 -x_1_2 +x_4_7 -x_5_6 -x_5_8 +x_7_9 <= 2
x_0_3 -x_1_2 +x_3_5 +x_4_7 -x_6_9 -x_8_9 <= 2
x_0_3 -x_1_2 +x_3_5 +x_4_7 +x_5_8 -x_6_9 <= 3
x_0_3 -x_1_2 +x_3_5 +x_4_7 +x_5_8 +x_7_8 +x_7_9 +x_8_9 <= 5
x_0_3 -x_1_2 +x_3_5 +x_4_6 +x_4_7 +x_5_6 +x_6_9 +x_7_9 <= 5
x_0_3 <= 1
x_0_3 +x_1_3 +x_3_5 <= 2
x_0_2 -x_1_2 -x_1_3 -x_3_5 <= 0
x_0_2 -x_1_3 -x_3_5 -x_4_6 -x_4_7 -x_5_6 -x_5_8 -x_6_9 <= -1
x_0_2 -x_1_3 -x_3_5 -x_4_6 -x_4_7 -x_5_6 -x_5_8 -x_7_8 <= -1
x_0_2 -x_1_3 -x_3_5 -x_4_6 -x_5_6 -x_5_8 -x_6_9 -x_8_9 <= -1
x_0_2 -x_1_3 -x_3_5 -x_4_6 -x_5_6 +x_7_8 +x_7_9 +x_8_9 <= 2
x_0_2 -x_1_3 -x_3_5 -x_5_8 +x_6_9 +x_7_9 <= 2
x_0_2 -x_1_3 -x_4_6 -x_4_7 +x_5_8 -x_6_9 <= 1
x_0_2 -x_1_3 -x_4_7 +x_5_6 +x_6_9 -x_7_8 <= 2
x_0_2 -x_1_3 -x_4_7 +x_5_6 +x_5_8 +x_6_9 <= 3
x_0_2 -x_1_3 +x_5_6 +x_5_8 +x_6_9 +x_7_8 +x_7_9 +x_8_9 <= 5
x_0_2 -x_1_3 +x_2_4 -x_3_5 <= 1
x_0_2 -x_1_3 +x_2_4 -x_3_5 +x_4_7 -x_5_6 -x_5_8 +x_7_9 <= 2
x_0_2 -x_1_3 +x_2_4 +x_4_7 -x_6_9 -x_8_9 <= 2
x_0_2 -x_1_3 +x_2_4 +x_4_7 +x_5_8 -x_6_9 <= 3
x_0_2 -x_1_3 +x_2_4 +x_4_7 +x_5_8 +x_7_8 +x_7_9 +x_8_9 <= 5
x_0_2 -x_1_3 +x_2_4 +x_4_6 +x_4_7 +x_5_6 +x_6_9 +x_7_9 <= 5
x_0_2 <= 1
x_0_2 +x_1_2 +x_2_4 <= 2
x_0_2 +x_0_3 -x_1_2 +x_3_5 <= 2
x_0_2 +x_0_3 -x_1_3 +x_2_4 <= 2
x_0_2 +x_0_3 -x_4_6 -x_5_6 -x_5_8 +x_7_9 <= 2
x_0_2 +x_0_3 +x_3_5 -x_4_6 -x_6_9 -x_8_9 <= 2
x_0_2 +x_0_3 +x_3_5 -x_4_6 +x_5_8 +x_7_8 +x_7_9 +x_8_9 <= 5
x_0_2 +x_0_3 +x_3_5 -x_4_6 +x_5_6 +x_7_9 -x_8_9 <= 4
x_0_2 +x_0_3 +x_3_5 +x_5_6 +x_6_9 +x_7_9 <= 5
x_0_2 +x_0_3 +x_2_4 +x_4_7 -x_5_6 -x_5_8 -x_6_9 -x_8_9 <= 2
x_0_2 +x_0_3 +x_2_4 +x_4_7 -x_5_6 +x_7_8 +x_7_9 +x_8_9 <= 5
x_0_2 +x_0_3 +x_2_4 +x_4_6 +x_4_7 -x_5_6 -x_5_8 +x_7_9 -x_8_9 <= 4
x_0_2 +x_0_3 +x_2_4 +x_4_6 +x_4_7 -x_5_8 +x_6_9 +x_7_9 <= 5
x_0_2 +x_0_3 +x_2_4 +x_3_5 <= 3
x_0_2 +x_0_3 +x_2_4 +x_3_5 +x_4_6 +x_4_7 +x_5_6 -x_8_9 <= 5
x_0_2 +x_0_3 +x_2_4 +x_3_5 +x_4_6 +x_4_7 +x_5_6 +x_5_8 +x_6_9 +x_7_8 +x_7_9 +x_8_9 <= 8
x_0_1 <= 1
x_0_1 +x_1_2 +x_1_3 <= 2
x_0_1 +x_0_3 +x_1_3 -x_2_4 -x_4_6 -x_5_6 -x_5_8 +x_7_9 <= 2
x_0_1 +x_0_3 +x_1_3 -x_2_4 <= 2
x_0_1 +x_0_3 +x_1_3 -x_2_4 +x_3_5 -x_4_6 -x_6_9 -x_8_9 <= 2
x_0_1 +x_0_3 +x_1_3 -x_2_4 +x_3_5 -x_4_6 +x_5_8 +x_7_8 +x_7_9 +x_8_9 <= 5
x_0_1 +x_0_3 +x_1_3 -x_2_4 +x_3_5 -x_4_6 +x_5_6 +x_7_9 -x_8_9 <= 4
x_0_1 +x_0_3 +x_1_3 -x_2_4 +x_3_5 +x_5_6 +x_6_9 +x_7_9 <= 5
x_0_1 +x_0_3 +x_1_3 +x_4_7 -x_5_6 -x_5_8 -x_6_9 -x_8_9 <= 2
x_0_1 +x_0_3 +x_1_3 +x_4_7 -x_5_6 +x_7_8 +x_7_9 +x_8_9 <= 5
x_0_1 +x_0_3 +x_1_3 +x_4_6 +x_4_7 -x_5_6 -x_5_8 +x_7_9 -x_8_9 <= 4
x_0_1 +x_0_3 +x_1_3 +x_4_6 +x_4_7 -x_5_8 +x_6_9 +x_7_9 <= 5
x_0_1 +x_0_3 +x_1_3 +x_3_5 +x_4_6 +x_4_7 +x_5_6 -x_8_9 <= 5
x_0_1 +x_0_3 +x_1_3 +x_3_5 +x_4_6 +x_4_7 +x_5_6 +x_5_8 +x_6_9 +x_7_8 +x_7_9 +x_8_9 <= 8
x_0_1 +x_0_2 +x_1_2 -x_3_5 -x_4_6 -x_5_6 -x_5_8 +x_7_9 <= 2
x_0_1 +x_0_2 +x_1_2 -x_3_5 <= 2
x_0_1 +x_0_2 +x_1_2 -x_4_6 -x_6_9 -x_8_9 <= 2
x_0_1 +x_0_2 +x_1_2 -x_4_6 +x_5_8 +x_7_8 +x_7_9 +x_8_9 <= 5
x_0_1 +x_0_2 +x_1_2 -x_4_6 +x_5_6 +x_7_9 -x_8_9 <= 4
x_0_1 +x_0_2 +x_1_2 +x_5_6 +x_6_9 +x_7_9 <= 5
x_0_1 +x_0_2 +x_1_2 +x_2_4 -x_3_5 +x_4_7 -x_5_6 -x_5_8 -x_6_9 -x_8_9 <= 2
x_0_1 +x_0_2 +x_1_2 +x_2_4 -x_3_5 +x_4_7 -x_5_6 +x_7_8 +x_7_9 +x_8_9 <= 5
x_0_1 +x_0_2 +x_1_2 +x_2_4 -x_3_5 +x_4_6 +x_4_7 -x_5_6 -x_5_8 +x_7_9 -x_8_9 <= 4
x_0_1 +x_0_2 +x_1_2 +x_2_4 -x_3_5 +x_4_6 +x_4_7 -x_5_8 +x_6_9 +x_7_9 <= 5
x_0_1 +x_0_2 +x_1_2 +x_2_4 +x_4_6 +x_4_7 +x_5_6 -x_8_9 <= 5
x_0_1 +x_0_2 +x_1_2 +x_2_4 +x_4_6 +x_4_7 +x_5_6 +x_5_8 +x_6_9 +x_7_8 +x_7_9 +x_8_9 <= 8
x_0_1 +x_0_2 +x_0_3 <= 2
x_0_1 +x_0_2 +x_0_3 +x_1_2 +x_1_3 -x_4_6 -x_4_7 -x_5_6 -x_5_8 -x_6_9 <= 2
x_0_1 +x_0_2 +x_0_3 +x_1_2 +x_1_3 -x_4_6 -x_4_7 -x_5_6 -x_5_8 -x_7_8 <= 2
x_0_1 +x_0_2 +x_0_3 +x_1_2 +x_1_3 -x_4_6 -x_5_6 -x_5_8 -x_6_9 -x_8_9 <= 2
x_0_1 +x_0_2 +x_0_3 +x_1_2 +x_1_3 -x_4_6 -x_5_6 +x_7_8 +x_7_9 +x_8_9 <= 5
x_0_1 +x_0_2 +x_0_3 +x_1_2 +x_1_3 -x_5_8 +x_6_9 +x_7_9 <= 5
x_0_1 +x_0_2 +x_0_3 +x_1_2 +x_1_3 +x_3_5 -x_4_6 -x_4_7 +x_5_8 -x_6_9 <= 4
x_0_1 +x_0_2 +x_0_3 +x_1_2 +x_1_3 +x_3_5 -x_4_7 +x_5_6 +x_6_9 -x_7_8 <= 5
x_0_1 +x_0_2 +x_0_3 +x_1_2 +x_1_3 +x_3_5 -x_4_7 +x_5_6 +x_5_8 +x_6_9 <= 6
x_0_1 +x_0_2 +x_0_3 +x_1_2 +x_1_3 +x_3_5 <= 4
x_0_1 +x_0_2 +x_0_3 +x_1_2 +x_1_3 +x_3_5 +x_5_6 +x_5_8 +x_6_9 +x_7_8 +x_7_9 +x_8_9 <= 8
x_0_1 +x_0_2 +x_0_3 +x_1_2 +x_1_3 +x_2_4 <= 4
x_0_1 +x_0_2 +x_0_3 +x_1_2 +x_1_3 +x_2_4 +x_4_7 -x_5_6 -x_5_8 +x_7_9 <= 5
x_0_1 +x_0_2 +x_0_3 +x_1_2 +x_1_3 +x_2_4 +x_3_5 +x_4_7 -x_6_9 -x_8_9 <= 5
x_0_1 +x_0_2 +x_0_3 +x_1_2 +x_1_3 +x_2_4 +x_3_5 +x_4_7 +x_5_8 -x_6_9 <= 6
x_0_1 +x_0_2 +x_0_3 +x_1_2 +x_1_3 +x_2_4 +x_3_5 +x_4_7 +x_5_8 +x_7_8 +x_7_9 +x_8_9 <= 8
x_0_1 +x_0_2 +x_0_3 +x_1_2 +x_1_3 +x_2_4 +x_3_5 +x_4_6 +x_4_7 +x_5_6 +x_6_9 +x_7_9 <= 8
-x_0_1 -x_0_2 -x_0_3 -x_1_2 -x_1_3 -x_2_4 -x_3_5 -x_4_6 -x_4_7 -x_5_6 -x_6_9 -x_7_9 <= -4
-x_4_7 -x_5_8 -x_6_9 -x_7_8 -x_7_9 -x_8_9 <= -2
-x_4_7 -x_7_8 -x_7_9 <= -1
-x_6_9 -x_7_9 -x_8_9 <= -1
x_8_9 <= 1
x_7_8 <= 1
-x_4_7 -x_5_8 +x_6_9 -x_7_8 <= 0
x_6_9 <= 1
-x_3_5 -x_4_6 +x_4_7 -x_5_6 -x_5_8 -x_6_9 -x_8_9 <= -1
x_4_7 -x_5_8 -x_6_9 -x_8_9 <= 0
-x_3_5 -x_4_6 +x_4_7 -x_5_6 +x_7_8 +x_7_9 +x_8_9 <= 2
x_4_7 +x_5_8 +x_6_9 +x_7_8 +x_7_9 +x_8_9 <= 4
-x_0_1 -x_0_2 -x_0_3 -x_1_2 -x_1_3 -x_2_4 -x_3_5 -x_4_7 -x_5_8 +x_6_9 <= -2
x_4_7 -x_5_8 +x_6_9 +x_7_9 <= 2
-x_0_1 -x_0_2 -x_0_3 -x_1_2 -x_1_3 -x_2_4 -x_4_6 -x_4_7 -x_6_9 -x_7_8 -x_7_9 -x_8_9 <= -4
-x_0_1 -x_0_2 -x_0_3 -x_1_2 -x_1_3 -x_2_4 -x_4_6 -x_4_7 +x_5_8 +x_8_9 <= -1
-x_0_1 -x_0_2 -x_0_3 -x_1_2 -x_1_3 -x_2_4 -x_4_6 +x_5_8 -x_6_9 +x_7_8 <= -1
-x_4_7 +x_5_8 -x_6_9 -x_7_9 <= 0
-x_0_1 -x_0_2 -x_0_3 -x_1_2 -x_1_3 -x_2_4 -x_4_7 +x_5_6 +x_5_8 -x_7_9 <= -1
-x_4_7 +x_5_8 +x_6_9 +x_8_9 <= 2
-x_0_1 -x_0_2 -x_0_3 -x_1_2 -x_1_3 -x_2_4 -x_3_5 -x_4_7 -x_5_8 -x_7_8 -x_7_9 -x_8_9 <= -4
-x_0_1 -x_0_2 -x_0_3 -x_1_2 -x_1_3 -x_2_4 -x_3_5 -x_4_7 +x_6_9 +x_8_9 <= -1
-x_0_1 -x_0_2 -x_0_3 -x_1_2 -x_1_3 -x_3_5 -x_5_6 -x_5_8 -x_6_9 -x_7_8 -x_7_9 -x_8_9 <= -4
-x_0_1 -x_0_2 -x_0_3 -x_1_2 -x_1_3 -x_3_5 +x_4_7 -x_5_6 -x_5_8 -x_6_9 <= -2
-x_0_1 -x_0_2 -x_0_3 -x_1_2 -x_1_3 -x_3_5 +x_4_7 -x_5_6 -x_6_9 +x_7_8 <= -1
-x_0_1 -x_0_2 -x_0_3 -x_1_2 -x_1_3 -x_3_5 +x_4_6 -x_5_8 +x_6_9 -x_7_8 <= -1
-x_0_1 -x_0_2 -x_0_3 -x_1_2 -x_1_3 -x_3_5 +x_4_6 +x_4_7 -x_5_8 -x_8_9 <= -1
-x_0_1 -x_0_2 -x_0_3 -x_1_2 -x_1_3 -x_3_5 +x_4_6 +x_4_7 -x_5_8 +x_6_9 <= 0
-x_0_1 -x_0_2 -x_0_3 -x_1_2 -x_1_3 -x_3_5 +x_4_6 +x_4_7 +x_6_9 +x_7_8 +x_7_9 +x_8_9 <= 2
-x_0_1 -x_0_2 -x_0_3 -x_1_2 -x_1_3 +x_5_8 -x_6_9 -x_7_9 <= -1
-x_0_1 -x_0_2 -x_0_3 -x_1_2 -x_1_3 +x_4_6 +x_5_6 -x_7_8 -x_7_9 -x_8_9 <= -1
-x_0_1 -x_0_2 -x_0_3 -x_1_2 -x_1_3 +x_4_6 +x_5_6 +x_5_8 +x_6_9 +x_8_9 <= 2
-x_0_1 -x_0_2 -x_0_3 -x_1_2 -x_1_3 +x_4_6 +x_4_7 +x_5_6 +x_5_8 +x_7_8 <= 2
-x_0_1 -x_0_2 -x_0_3 -x_1_2 -x_1_3 +x_4_6 +x_4_7 +x_5_6 +x_5_8 +x_6_9 <= 2
-x_2_4 -x_4_6 -x_4_7 -x_5_6 -x_5_8 -x_6_9 -x_7_8 -x_7_9 -x_8_9 <= -3
-x_2_4 -x_4_6 -x_4_7 -x_5_6 +x_5_8 -x_6_9 -x_7_9 <= -1
-x_2_4 -x_4_7 +x_5_6 -x_5_8 -x_7_8 -x_7_9 -x_8_9 <= -1
-x_2_4 +x_3_5 -x_4_6 -x_4_7 +x_5_8 -x_6_9 -x_7_9 <= 0
-x_2_4 +x_3_5 -x_4_7 +x_5_6 -x_7_8 -x_7_9 -x_8_9 <= 0
-x_2_4 +x_3_5 -x_4_7 +x_5_6 +x_5_8 +x_6_9 +x_8_9 <= 3
-x_7_9 <= 0
x_4_7 <= 1
x_4_7 +x_5_8 -x_6_9 +x_7_8 <= 2
x_3_5 -x_4_6 +x_4_7 -x_6_9 -x_8_9 <= 1
x_3_5 -x_4_6 +x_4_7 +x_5_8 +x_7_8 +x_7_9 +x_8_9 <= 4
x_3_5 +x_4_6 -x_4_7 +x_5_6 -x_7_8 -x_7_9 -x_8_9 <= 1
x_3_5 +x_4_6 -x_4_7 +x_5_6 +x_5_8 +x_6_9 +x_8_9 <= 4
x_3_5 +x_4_6 +x_4_7 +x_5_6 -x_8_9 <= 3
x_3_5 +x_4_6 +x_4_7 +x_5_6 +x_5_8 +x_6_9 +x_7_8 +x_7_9 +x_8_9 <= 6
-x_3_5 -x_4_6 -x_4_7 -x_5_6 -x_5_8 -x_6_9 -x_7_8 -x_7_9 -x_8_9 <= -3
-x_3_5 -x_4_6 -x_4_7 -x_5_6 +x_8_9 <= 0
-x_3_5 +x_4_6 -x_4_7 -x_5_8 -x_7_8 -x_7_9 -x_8_9 <= -1
-x_3_5 +x_4_6 -x_4_7 +x_6_9 +x_8_9 <= 2
x_2_4 -x_3_5 -x_5_6 -x_6_9 -x_7_9 <= 0
x_2_4 -x_3_5 +x_4_6 -x_5_8 -x_7_8 -x_7_9 -x_8_9 <= 0
x_2_4 -x_3_5 +x_4_6 +x_6_9 +x_8_9 <= 3
x_2_4 -x_5_6 +x_5_8 -x_6_9 -x_7_9 <= 1
x_2_4 +x_4_6 +x_5_6 -x_5_8 -x_7_8 -x_7_9 -x_8_9 <= 1
x_2_4 +x_4_6 +x_5_6 +x_5_8 -x_7_9 <= 3
-x_0_1 -x_0_2 -x_1_2 -x_2_4 -x_4_6 -x_4_7 -x_5_6 +x_8_9 <= -1
-x_0_1 -x_0_2 -x_1_2 -x_2_4 +x_3_5 -x_4_6 -x_4_7 +x_5_8 -x_6_9 -x_7_9 <= -1
-x_0_1 -x_0_2 -x_1_2 -x_2_4 +x_3_5 -x_4_6 -x_4_7 +x_5_6 +x_5_8 -x_7_9 +x_8_9 <= 1
-x_0_1 -x_0_2 -x_1_2 -x_2_4 +x_3_5 -x_4_7 +x_5_6 +x_5_8 +x_6_9 +x_8_9 <= 2
-x_0_1 -x_0_2 -x_1_2 -x_5_6 -x_6_9 -x_7_9 <= -1
-x_0_1 -x_0_2 -x_1_2 +x_4_6 -x_5_6 -x_7_9 +x_8_9 <= 1
-x_0_1 -x_0_2 -x_1_2 +x_4_6 +x_6_9 +x_8_9 <= 2
-x_0_1 -x_0_2 -x_1_2 +x_3_5 +x_4_6 +x_5_6 +x_5_8 -x_7_9 <= 2
-x_0_1 -x_0_3 -x_1_3 -x_3_5 -x_4_6 -x_4_7 -x_5_6 +x_8_9 <= -1
-x_0_1 -x_0_3 -x_1_3 -x_4_6 -x_4_7 +x_5_8 -x_6_9 -x_7_9 <= -1
-x_0_1 -x_0_3 -x_1_3 -x_4_6 -x_4_7 +x_5_6 +x_5_8 -x_7_9 +x_8_9 <= 1
-x_0_1 -x_0_3 -x_1_3 -x_4_7 +x_5_6 +x_5_8 +x_6_9 +x_8_9 <= 2
-x_0_1 -x_0_3 -x_1_3 +x_2_4 -x_3_5 -x_5_6 -x_6_9 -x_7_9 <= -1
-x_0_1 -x_0_3 -x_1_3 +x_2_4 -x_3_5 +x_4_6 -x_5_6 -x_7_9 +x_8_9 <= 1
-x_0_1 -x_0_3 -x_1_3 +x_2_4 -x_3_5 +x_4_6 +x_6_9 +x_8_9 <= 2
-x_0_1 -x_0_3 -x_1_3 +x_2_4 +x_4_6 +x_5_6 +x_5_8 -x_7_9 <= 2
-x_0_2 -x_0_3 -x_2_4 -x_3_5 -x_4_6 -x_4_7 -x_5_6 +x_8_9 <= -1
-x_0_2 -x_0_3 -x_2_4 -x_4_6 -x_4_7 +x_5_8 -x_6_9 -x_7_9 <= -1
-x_0_2 -x_0_3 -x_2_4 -x_4_6 -x_4_7 +x_5_6 +x_5_8 -x_7_9 +x_8_9 <= 1
-x_0_2 -x_0_3 -x_2_4 -x_4_7 +x_5_6 +x_5_8 +x_6_9 +x_8_9 <= 2
-x_0_2 -x_0_3 -x_3_5 -x_5_6 -x_6_9 -x_7_9 <= -1
-x_0_2 -x_0_3 -x_3_5 +x_4_6 -x_5_6 -x_7_9 +x_8_9 <= 1
-x_0_2 -x_0_3 -x_3_5 +x_4_6 +x_6_9 +x_8_9 <= 2
-x_0_2 -x_0_3 +x_4_6 +x_5_6 +x_5_8 -x_7_9 <= 2
-x_0_2 +x_1_3 -x_2_4 -x_4_6 -x_4_7 -x_5_6 -x_6_9 -x_7_9 <= -1
-x_0_2 +x_1_3 -x_2_4 -x_4_7 +x_6_9 +x_8_9 <= 2
-x_0_2 +x_1_3 -x_2_4 +x_3_5 -x_4_6 -x_4_7 +x_5_8 +x_8_9 <= 2
-x_0_2 +x_1_3 -x_2_4 +x_3_5 -x_4_6 +x_5_8 -x_6_9 +x_7_8 <= 2
-x_0_2 +x_1_3 -x_2_4 +x_3_5 -x_4_7 +x_5_6 +x_5_8 -x_7_9 <= 2
-x_0_2 +x_1_3 +x_4_7 -x_5_6 -x_6_9 +x_7_8 <= 2
-x_0_2 +x_1_3 +x_4_6 +x_4_7 +x_6_9 +x_7_8 +x_7_9 +x_8_9 <= 5
-x_0_2 +x_1_3 +x_3_5 +x_5_8 -x_6_9 -x_7_9 <= 2
-x_0_2 +x_1_3 +x_3_5 +x_4_6 +x_5_6 +x_5_8 +x_6_9 +x_8_9 <= 5
-x_0_2 +x_1_3 +x_3_5 +x_4_6 +x_4_7 +x_5_6 +x_5_8 +x_7_8 <= 5
-x_0_2 +x_1_3 +x_3_5 +x_4_6 +x_4_7 +x_5_6 +x_5_8 +x_6_9 <= 5
-x_0_3 +x_1_2 -x_3_5 -x_4_6 -x_4_7 -x_5_6 -x_6_9 -x_7_9 <= -1
-x_0_3 +x_1_2 -x_3_5 -x_4_7 +x_6_9 +x_8_9 <= 2
-x_0_3 +x_1_2 -x_4_6 -x_4_7 +x_5_8 +x_8_9 <= 2
-x_0_3 +x_1_2 -x_4_6 +x_5_8 -x_6_9 +x_7_8 <= 2
-x_0_3 +x_1_2 -x_4_7 +x_5_6 +x_5_8 -x_7_9 <= 2
-x_0_3 +x_1_2 +x_2_4 -x_3_5 +x_4_7 -x_5_6 -x_6_9 +x_7_8 <= 2
-x_0_3 +x_1_2 +x_2_4 -x_3_5 +x_4_6 +x_4_7 +x_6_9 +x_7_8 +x_7_9 +x_8_9 <= 5
-x_0_3 +x_1_2 +x_2_4 +x_5_8 -x_6_9 -x_7_9 <= 2
-x_0_3 +x_1_2 +x_2_4 +x_4_6 +x_5_6 +x_5_8 +x_6_9 +x_8_9 <= 5
-x_0_3 +x_1_2 +x_2_4 +x_4_6 +x_4_7 +x_5_6 +x_5_8 +x_7_8 <= 5
-x_0_3 +x_1_2 +x_2_4 +x_4_6 +x_4_7 +x_5_6 +x_5_8 +x_6_9 <= 5
-x_1_2 -x_1_3 -x_2_4 -x_3_5 -x_4_6 -x_4_7 -x_5_6 +x_8_9 <= -1
-x_1_2 -x_1_3 -x_2_4 -x_4_6 -x_4_7 +x_5_8 -x_6_9 -x_7_9 <= -1
-x_1_2 -x_1_3 -x_2_4 -x_4_6 -x_4_7 +x_5_6 +x_5_8 -x_7_9 +x_8_9 <= 1
-x_1_2 -x_1_3 -x_2_4 -x_4_7 +x_5_6 +x_5_8 +x_6_9 +x_8_9 <= 2
-x_1_2 -x_1_3 -x_3_5 -x_5_6 -x_6_9 -x_7_9 <= -1
-x_1_2 -x_1_3 -x_3_5 +x_4_6 -x_5_6 -x_7_9 +x_8_9 <= 1
-x_1_2 -x_1_3 -x_3_5 +x_4_6 +x_6_9 +x_8_9 <= 2
-x_1_2 -x_1_3 +x_4_6 +x_5_6 +x_5_8 -x_7_9 <= 2
-x_2_4 -x_3_5 -x_4_6 -x_4_7 -x_5_6 -x_6_9 -x_7_9 <= -2
-x_2_4 -x_3_5 -x_4_7 +x_6_9 +x_8_9 <= 1
-x_2_4 -x_4_7 +x_5_6 +x_5_8 -x_7_9 <= 1
-x_3_5 +x_4_6 +x_4_7 +x_6_9 +x_7_8 +x_7_9 +x_8_9 <= 4
x_3_5 -x_4_6 -x_4_7 +x_5_8 +x_8_9 <= 2
x_2_4 +x_3_5 +x_5_8 -x_6_9 -x_7_9 <= 2
x_2_4 +x_3_5 +x_4_6 +x_5_6 +x_5_8 +x_6_9 +x_8_9 <= 5
x_1_2 +x_1_3 -x_4_6 -x_4_7 -x_5_6 +x_8_9 <= 2
x_1_2 +x_1_3 +x_3_5 -x_4_6 -x_4_7 +x_5_8 -x_6_9 -x_7_9 <= 2
x_1_2 +x_1_3 +x_3_5 -x_4_6 -x_4_7 +x_5_6 +x_5_8 -x_7_9 +x_8_9 <= 4
x_1_2 +x_1_3 +x_3_5 -x_4_7 +x_5_6 +x_5_8 +x_6_9 +x_8_9 <= 5
x_1_2 +x_1_3 +x_2_4 -x_5_6 -x_6_9 -x_7_9 <= 2
x_1_2 +x_1_3 +x_2_4 +x_4_6 -x_5_6 -x_7_9 +x_8_9 <= 4
x_1_2 +x_1_3 +x_2_4 +x_4_6 +x_6_9 +x_8_9 <= 5
x_1_2 +x_1_3 +x_2_4 +x_3_5 +x_4_6 +x_5_6 +x_5_8 -x_7_9 <= 5
x_0_3 -x_1_2 -x_2_4 -x_4_6 -x_4_7 -x_5_6 -x_6_9 -x_7_9 <= -1
x_0_3 -x_1_2 -x_2_4 -x_4_7 +x_6_9 +x_8_9 <= 2
x_0_3 -x_1_2 -x_2_4 +x_3_5 -x_4_6 -x_4_7 +x_5_8 +x_8_9 <= 2
x_0_3 -x_1_2 -x_2_4 +x_3_5 -x_4_6 +x_5_8 -x_6_9 +x_7_8 <= 2
x_0_3 -x_1_2 -x_2_4 +x_3_5 -x_4_7 +x_5_6 +x_5_8 -x_7_9 <= 2
x_0_3 -x_1_2 +x_4_7 -x_5_6 -x_6_9 +x_7_8 <= 2
x_0_3 -x_1_2 +x_4_6 +x_4_7 +x_6_9 +x_7_8 +x_7_9 +x_8_9 <= 5
x_0_3 -x_1_2 +x_3_5 +x_5_8 -x_6_9 -x_7_9 <= 2
x_0_3 -x_1_2 +x_3_5 +x_4_6 +x_5_6 +x_5_8 +x_6_9 +x_8_9 <= 5
x_0_3 -x_1_2 +x_3_5 +x_4_6 +x_4_7 +x_5_6 +x_5_8 +x_7_8 <= 5
x_0_3 -x_1_2 +x_3_5 +x_4_6 +x_4_7 +x_5_6 +x_5_8 +x_6_9 <= 5
x_0_2 -x_1_3 -x_3_5 -x_4_6 -x_4_7 -x_5_6 -x_6_9 -x_7_9 <= -1
x_0_2 -x_1_3 -x_3_5 -x_4_7 +x_6_9 +x_8_9 <= 2
x_0_2 -x_1_3 -x_4_6 -x_4_7 +x_5_8 +x_8_9 <= 2
x_0_2 -x_1_3 -x_4_6 +x_5_8 -x_6_9 +x_7_8 <= 2
x_0_2 -x_1_3 -x_4_7 +x_5_6 +x_5_8 -x_7_9 <= 2
x_0_2 -x_1_3 +x_2_4 -x_3_5 +x_4_7 -x_5_6 -x_6_9 +x_7_8 <= 2
x_0_2 -x_1_3 +x_2_4 -x_3_5 +x_4_6 +x_4_7 +x_6_9 +x_7_8 +x_7_9 +x_8_9 <= 5
x_0_2 -x_1_3 +x_2_4 +x_5_8 -x_6_9 -x_7_9 <= 2
x_0_2 -x_1_3 +x_2_4 +x_4_6 +x_5_6 +x_5_8 +x_6_9 +x_8_9 <= 5
x_0_2 -x_1_3 +x_2_4 +x_4_6 +x_4_7 +x_5_6 +x_5_8 +x_7_8 <= 5
x_0_2 -x_1_3 +x_2_4 +x_4_6 +x_4_7 +x_5_6 +x_5_8 +x_6_9 <= 5
x_0_2 +x_0_3 -x_4_6 -x_4_7 -x_5_6 +x_8_9 <= 2
x_0_2 +x_0_3 +x_3_5 -x_4_6 -x_4_7 +x_5_8 -x_6_9 -x_7_9 <= 2
x_0_2 +x_0_3 +x_3_5 -x_4_6 -x_4_7 +x_5_6 +x_5_8 -x_7_9 +x_8_9 <= 4
x_0_2 +x_0_3 +x_3_5 -x_4_7 +x_5_6 +x_5_8 +x_6_9 +x_8_9 <= 5
x_0_2 +x_0_3 +x_2_4 -x_5_6 -x_6_9 -x_7_9 <= 2
x_0_2 +x_0_3 +x_2_4 +x_4_6 -x_5_6 -x_7_9 +x_8_9 <= 4
x_0_2 +x_0_3 +x_2_4 +x_4_6 +x_6_9 +x_8_9 <= 5
x_0_2 +x_0_3 +x_2_4 +x_3_5 +x_4_6 +x_5_6 +x_5_8 -x_7_9 <= 5
x_0_1 +x_0_3 +x_1_3 -x_2_4 -x_4_6 -x_4_7 -x_5_6 +x_8_9 <= 2
x_0_1 +x_0_3 +x_1_3 -x_2_4 +x_3_5 -x_4_6 -x_4_7 +x_5_8 -x_6_9 -x_7_9 <= 2
x_0_1 +x_0_3 +x_1_3 -x_2_4 +x_3_5 -x_4_6 -x_4_7 +x_5_6 +x_5_8 -x_7_9 +x_8_9 <= 4
x_0_1 +x_0_3 +x_1_3 -x_2_4 +x_3_5 -x_4_7 +x_5_6 +x_5_8 +x_6_9 +x_8_9 <= 5
x_0_1 +x_0_3 +x_1_3 -x_5_6 -x_6_9 -x_7_9 <= 2
x_0_1 +x_0_3 +x_1_3 +x_4_6 -x_5_6 -x_7_9 +x_8_9 <= 4
x_0_1 +x_0_3 +x_1_3 +x_4_6 +x_6_9 +x_8_9 <= 5
x_0_1 +x_0_3 +x_1_3 +x_3_5 +x_4_6 +x_5_6 +x_5_8 -x_7_9 <= 5
x_0_1 +x_0_2 +x_1_2 -x_3_5 -x_4_6 -x_4_7 -x_5_6 +x_8_9 <= 2
x_0_1 +x_0_2 +x_1_2 -x_4_6 -x_4_7 +x_5_8 -x_6_9 -x_7_9 <= 2
x_0_1 +x_0_2 +x_1_2 -x_4_6 -x_4_7 +x_5_6 +x_5_8 -x_7_9 +x_8_9 <= 4
x_0_1 +x_0_2 +x_1_2 -x_4_7 +x_5_6 +x_5_8 +x_6_9 +x_8_9 <= 5
x_0_1 +x_0_2 +x_1_2 +x_2_4 -x_3_5 -x_5_6 -x_6_9 -x_7_9 <= 2
x_0_1 +x_0_2 +x_1_2 +x_2_4 -x_3_5 +x_4_6 -x_5_6 -x_7_9 +x_8_9 <= 4
x_0_1 +x_0_2 +x_1_2 +x_2_4 -x_3_5 +x_4_6 +x_6_9 +x_8_9 <= 5
x_0_1 +x_0_2 +x_1_2 +x_2_4 +x_4_6 +x_5_6 +x_5_8 -x_7_9 <= 5
x_0_1 +x_0_2 +x_0_3 +x_1_2 +x_1_3 -x_4_6 -x_4_7 -x_5_6 -x_6_9 -x_7_9 <= 2
x_0_1 +x_0_2 +x_0_3 +x_1_2 +x_1_3 -x_4_7 +x_6_9 +x_8_9 <= 5
x_0_1 +x_0_2 +x_0_3 +x_1_2 +x_1_3 +x_3_5 -x_4_6 -x_4_7 +x_5_8 +x_8_9 <= 5
x_0_1 +x_0_2 +x_0_3 +x_1_2 +x_1_3 +x_3_5 -x_4_6 +x_5_8 -x_6_9 +x_7_8 <= 5
x_0_1 +x_0_2 +x_0_3 +x_1_2 +x_1_3 +x_3_5 -x_4_7 +x_5_6 +x_5_8 -x_7_9 <= 5
x_0_1 +x_0_2 +x_0_3 +x_1_2 +x_1_3 +x_2_4 +x_4_7 -x_5_6 -x_6_9 +x_7_8 <= 5
x_0_1 +x_0_2 +x_0_3 +x_1_2 +x_1_3 +x_2_4 +x_4_6 +x_4_7 +x_6_9 +x_7_8 +x_7_9 +x_8_9 <= 8
x_0_1 +x_0_2 +x_0_3 +x_1_2 +x_1_3 +x_2_4 +x_3_5 +x_5_8 -x_6_9 -x_7_9 <= 5
x_0_1 +x_0_2 +x_0_3 +x_1_2 +x_1_3 +x_2_4 +x_3_5 +x_4_6 +x_5_6 +x_5_8 +x_6_9 +x_8_9 <= 8
x_0_1 +x_0_2 +x_0_3 +x_1_2 +x_1_3 +x_2_4 +x_3_5 +x_4_6 +x_4_7 +x_5_6 +x_5_8 +x_7_8 <= 8
x_0_1 +x_0_2 +x_0_3 +x_1_2 +x_1_3 +x_2_4 +x_3_5 +x_4_6 +x_4_7 +x_5_6 +x_5_8 +x_6_9 <= 8
-x_0_1 -x_0_2 -x_1_2 -x_2_4 -x_4_6 -x_4_7 -x_5_6 -x_5_8 -x_6_9 -x_7_8 -x_7_9 -x_8_9 <= -4
-x_0_1 -x_0_2 -x_1_2 -x_2_4 +x_3_5 -x_4_7 +x_5_6 -x_7_8 -x_7_9 -x_8_9 <= -1
-x_0_1 -x_0_2 -x_1_2 +x_4_6 -x_5_8 -x_7_8 -x_7_9 -x_8_9 <= -1
x_3_5 -x_4_6 -x_4_7 -x_6_9 -x_7_8 -x_7_9 -x_8_9 <= -1
x_2_4 -x_5_6 -x_5_8 -x_6_9 -x_7_8 -x_7_9 -x_8_9 <= -1
x_2_4 +x_3_5 +x_4_6 +x_5_6 -x_7_8 -x_7_9 -x_8_9 <= 2
-x_0_1 -x_0_3 -x_1_3 -x_3_5 -x_4_6 -x_4_7 -x_5_6 -x_5_8 -x_6_9 -x_7_8 -x_7_9 -x_8_9 <= -4
-x_0_1 -x_0_3 -x_1_3 -x_4_7 +x_5_6 -x_7_8 -x_7_9 -x_8_9 <= -1
-x_0_1 -x_0_3 -x_1_3 +x_2_4 -x_3_5 +x_4_6 -x_5_8 -x_7_8 -x_7_9 -x_8_9 <= -1
-x_0_2 -x_0_3 -x_2_4 -x_3_5 -x_4_6 -x_4_7 -x_5_6 -x_5_8 -x_6_9 -x_7_8 -x_7_9 -x_8_9 <= -4
-x_0_2 -x_0_3 -x_2_4 -x_4_7 +x_5_6 -x_7_8 -x_7_9 -x_8_9 <= -1
-x_0_2 -x_0_3 -x_3_5 +x_4_6 -x_5_8 -x_7_8 -x_7_9 -x_8_9 <= -1
-x_0_2 +x_1_3 -x_2_4 -x_4_7 -x_5_8 -x_7_8 -x_7_9 -x_8_9 <= -1
-x_0_2 +x_1_3 -x_2_4 -x_4_7 -x_5_8 +x_6_9 <= 1
-x_0_2 +x_1_3 -x_2_4 +x_3_5 -x_4_6 -x_4_7 -x_6_9 -x_7_8 -x_7_9 -x_8_9 <= -1
-x_0_2 +x_1_3 -x_5_6 -x_5_8 -x_6_9 -x_7_8 -x_7_9 -x_8_9 <= -1
-x_0_2 +x_1_3 +x_4_7 -x_5_6 -x_5_8 -x_6_9 <= 1
-x_0_2 +x_1_3 +x_4_6 -x_5_8 +x_6_9 -x_7_8 <= 2
-x_0_2 +x_1_3 +x_4_6 +x_4_7 -x_5_8 -x_8_9 <= 2
-x_0_2 +x_1_3 +x_4_6 +x_4_7 -x_5_8 +x_6_9 <= 3
-x_0_2 +x_1_3 +x_3_5 +x_4_6 +x_5_6 -x_7_8 -x_7_9 -x_8_9 <= 2
-x_0_3 +x_1_2 -x_3_5 -x_4_7 -x_5_8 -x_7_8 -x_7_9 -x_8_9 <= -1
-x_0_3 +x_1_2 -x_3_5 -x_4_7 -x_5_8 +x_6_9 <= 1
-x_0_3 +x_1_2 -x_4_6 -x_4_7 -x_6_9 -x_7_8 -x_7_9 -x_8_9 <= -1
-x_0_3 +x_1_2 +x_2_4 -x_3_5 -x_5_6 -x_5_8 -x_6_9 -x_7_8 -x_7_9 -x_8_9 <= -1
-x_0_3 +x_1_2 +x_2_4 -x_3_5 +x_4_7 -x_5_6 -x_5_8 -x_6_9 <= 1
-x_0_3 +x_1_2 +x_2_4 -x_3_5 +x_4_6 -x_5_8 +x_6_9 -x_7_8 <= 2
-x_0_3 +x_1_2 +x_2_4 -x_3_5 +x_4_6 +x_4_7 -x_5_8 -x_8_9 <= 2
-x_0_3 +x_1_2 +x_2_4 -x_3_5 +x_4_6 +x_4_7 -x_5_8 +x_6_9 <= 3
-x_0_3 +x_1_2 +x_2_4 +x_4_6 +x_5_6 -x_7_8 -x_7_9 -x_8_9 <= 2
-x_2_4 -x_3_5 -x_4_7 -x_5_8 -x_7_8 -x_7_9 -x_8_9 <= -2
-x_3_5 +x_4_6 +x_4_7 -x_5_8 -x_8_9 <= 1
x_1_2 +x_1_3 -x_4_6 -x_4_7 -x_5_6 -x_5_8 -x_6_9 -x_7_8 -x_7_9 -x_8_9 <= -1
x_1_2 +x_1_3 +x_3_5 -x_4_7 +x_5_6 -x_7_8 -x_7_9 -x_8_9 <= 2
x_1_2 +x_1_3 +x_2_4 +x_4_6 -x_5_8 -x_7_8 -x_7_9 -x_8_9 <= 2
x_0_2 +x_0_3 -x_4_6 -x_4_7 -x_5_6 -x_5_8 -x_6_9 -x_7_8 -x_7_9 -x_8_9 <= -1
x_0_2 +x_0_3 +x_3_5 -x_4_7 +x_5_6 -x_7_8 -x_7_9 -x_8_9 <= 2
x_0_2 +x_0_3 +x_2_4 +x_4_6 -x_5_8 -x_7_8 -x_7_9 -x_8_9 <= 2
-x_1_2 -x_1_3 -x_2_4 -x_3_5 -x_4_6 -x_4_7 -x_5_6 -x_5_8 -x_6_9 -x_7_8 -x_7_9 -x_8_9 <= -4
-x_1_2 -x_1_3 -x_2_4 -x_4_7 +x_5_6 -x_7_8 -x_7_9 -x_8_9 <= -1
-x_1_2 -x_1_3 -x_3_5 +x_4_6 -x_5_8 -x_7_8 -x_7_9 -x_8_9 <= -1
x_0_3 -x_1_2 -x_2_4 -x_4_7 -x_5_8 -x_7_8 -x_7_9 -x_8_9 <= -1
x_0_3 -x_1_2 -x_2_4 -x_4_7 -x_5_8 +x_6_9 <= 1
x_0_3 -x_1_2 -x_2_4 +x_3_5 -x_4_6 -x_4_7 -x_6_9 -x_7_8 -x_7_9 -x_8_9 <= -1
x_0_3 -x_1_2 -x_5_6 -x_5_8 -x_6_9 -x_7_8 -x_7_9 -x_8_9 <= -1
x_0_3 -x_1_2 +x_4_7 -x_5_6 -x_5_8 -x_6_9 <= 1
x_0_3 -x_1_2 +x_4_6 -x_5_8 +x_6_9 -x_7_8 <= 2
x_0_3 -x_1_2 +x_4_6 +x_4_7 -x_5_8 -x_8_9 <= 2
x_0_3 -x_1_2 +x_4_6 +x_4_7 -x_5_8 +x_6_9 <= 3
x_0_3 -x_1_2 +x_3_5 +x_4_6 +x_5_6 -x_7_8 -x_7_9 -x_8_9 <= 2
x_0_2 -x_1_3 -x_3_5 -x_4_7 -x_5_8 -x_7_8 -x_7_9 -x_8_9 <= -1
x_0_2 -x_1_3 -x_3_5 -x_4_7 -x_5_8 +x_6_9 <= 1
x_0_2 -x_1_3 -x_4_6 -x_4_7 -x_6_9 -x_7_8 -x_7_9 -x_8_9 <= -1
x_0_2 -x_1_3 +x_2_4 -x_3_5 -x_5_6 -x_5_8 -x_6_9 -x_7_8 -x_7_9 -x_8_9 <= -1
x_0_2 -x_1_3 +x_2_4 -x_3_5 +x_4_7 -x_5_6 -x_5_8 -x_6_9 <= 1
x_0_2 -x_1_3 +x_2_4 -x_3_5 +x_4_6 -x_5_8 +x_6_9 -x_7_8 <= 2
x_0_2 -x_1_3 +x_2_4 -x_3_5 +x_4_6 +x_4_7 -x_5_8 -x_8_9 <= 2
x_0_2 -x_1_3 +x_2_4 -x_3_5 +x_4_6 +x_4_7 -x_5_8 +x_6_9 <= 3
x_0_2 -x_1_3 +x_2_4 +x_4_6 +x_5_6 -x_7_8 -x_7_9 -x_8_9 <= 2
x_0_1 +x_0_2 +x_0_3 +x_1_2 +x_1_3 +x_2_4 +x_4_7 -x_5_6 -x_5_8 -x_6_9 <= 4
x_0_1 +x_0_2 +x_0_3 +x_1_2 +x_1_3 +x_2_4 +x_4_6 +x_4_7 -x_5_8 -x_8_9 <= 5
x_0_1 +x_0_2 +x_0_3 +x_1_2 +x_1_3 +x_2_4 +x_4_6 +x_4_7 -x_5_8 +x_6_9 <= 6
x_0_1 +x_0_2 +x_0_3 +x_1_2 +x_1_3 -x_4_7 -x_5_8 +x_6_9 <= 4
x_0_1 +x_0_2 +x_0_3 +x_1_2 +x_1_3 +x_2_4 +x_4_6 -x_5_8 +x_6_9 -x_7_8 <= 5
x_0_1 +x_0_3 +x_1_3 -x_2_4 -x_4_6 -x_4_7 -x_5_6 -x_5_8 -x_6_9 -x_7_8 -x_7_9 -x_8_9 <= -1
x_0_1 +x_0_3 +x_1_3 -x_2_4 +x_3_5 -x_4_7 +x_5_6 -x_7_8 -x_7_9 -x_8_9 <= 2
x_0_1 +x_0_3 +x_1_3 +x_4_6 -x_5_8 -x_7_8 -x_7_9 -x_8_9 <= 2
x_0_1 +x_0_2 +x_1_2 -x_3_5 -x_4_6 -x_4_7 -x_5_6 -x_5_8 -x_6_9 -x_7_8 -x_7_9 -x_8_9 <= -1
x_0_1 +x_0_2 +x_1_2 -x_4_7 +x_5_6 -x_7_8 -x_7_9 -x_8_9 <= 2
x_0_1 +x_0_2 +x_1_2 +x_2_4 -x_3_5 +x_4_6 -x_5_8 -x_7_8 -x_7_9 -x_8_9 <= 2
x_0_1 +x_0_2 +x_0_3 +x_1_2 +x_1_3 +x_3_5 -x_4_6 -x_4_7 -x_6_9 -x_7_8 -x_7_9 -x_8_9 <= 2
x_0_1 +x_0_2 +x_0_3 +x_1_2 +x_1_3 -x_4_7 -x_5_8 -x_7_8 -x_7_9 -x_8_9 <= 2
x_0_1 +x_0_2 +x_0_3 +x_1_2 +x_1_3 +x_2_4 -x_5_6 -x_5_8 -x_6_9 -x_7_8 -x_7_9 -x_8_9 <= 2
x_0_1 +x_0_2 +x_0_3 +x_1_2 +x_1_3 +x_2_4 +x_3_5 +x_4_6 +x_5_6 -x_7_8 -x_7_9 -x_8_9 <= 5
