Inequalities:
x_2_5 <= 1
-x_3_6 <= 0
x_4_8 +x_6_8 +x_7_8 <= 2
x_5_9 +x_6_9 +x_7_9 <= 2
x_0_3 <= 1
-x_0_1 -x_0_2 -x_0_3 <= -1
-x_0_1 -x_1_4 -x_1_5 <= -1
-x_0_1 <= 0
-x_0_2 -x_2_4 -x_2_5 <= -1
-x_0_2 <= 0
-x_0_3 -x_3_6 -x_3_7 <= -1
-x_1_4 -x_2_4 -x_4_8 <= -1
-x_1_4 <= 0
-x_1_5 -x_2_5 -x_5_9 <= -1
-x_1_5 <= 0
-x_2_4 <= 0
-x_2_5 <= 0
-x_3_6 -x_6_8 -x_6_9 <= -1
-x_3_7 -x_7_8 -x_7_9 <= -1
-x_4_8 -x_6_8 -x_7_8 <= -1
-x_4_8 <= 0
-x_5_9 -x_6_9 -x_7_9 <= -1
-x_5_9 <= 0
-x_7_8 <= 0
-x_7_9 <= 0
x_7_9 <= 1
x_7_8 <= 1
x_6_9 <= 1
x_6_8 <= 1
x_5_9 <= 1
x_4_8 <= 1
x_3_7 <= 1
x_3_7 +x_7_8 +x_7_9 <= 2
x_2_4 <= 1
x_1_5 <= 1
x_1_5 +x_2_5 +x_5_9 <= 2
x_1_4 <= 1
x_1_4 +x_2_4 +x_4_8 <= 2
x_0_2 <= 1
x_0_2 +x_2_4 +x_2_5 <= 2
x_0_1 <= 1
x_0_1 +x_1_4 +x_1_5 <= 2
x_0_1 +x_0_2 +x_0_3 <= 2
-x_3_7 <= 0
-x_6_8 <= 0
-x_6_9 <= 0
x_3_6 +x_6_8 +x_6_9 <= 2
x_0_3 +x_3_6 +x_3_7 <= 2
-x_0_3 <= 0
x_3_6 <= 1
