Inequalities:
-x_1_2 <= 0
x_1_4 <= 1
-x_2_5 -x_5_8 -x_5_9 <= -1
x_5_9 +x_7_9 +x_8_9 <= 2
x_8_9 <= 1
-x_0_1 -x_0_2 -x_0_3 -x_1_2 -x_1_4 -x_2_5 -x_3_4 -x_3_6 -x_4_7 -x_5_8 -x_6_7 -x_6_8 <= -4
-x_0_1 -x_0_2 -x_0_3 -x_1_2 -x_1_4 -x_2_5 -x_3_4 -x_4_7 -x_5_8 -x_5_9 -x_7_9 -x_8_9 <= -4
-x_0_1 -x_0_2 -x_0_3 -x_1_2 -x_1_4 -x_2_5 -x_3_4 -x_4_7 -x_5_8 -x_6_7 +x_8_9 <= -2
-x_0_1 -x_0_2 -x_0_3 -x_1_2 -x_1_4 -x_2_5 -x_3_4 -x_4_7 +x_6_8 +x_8_9 <= -1
-x_0_1 -x_0_2 -x_0_3 -x_1_2 -x_1_4 -x_2_5 -x_3_4 -x_5_8 +x_6_7 +x_7_9 <= -1
-x_0_1 -x_0_2 -x_0_3 -x_1_2 -x_1_4 -x_3_4 -x_3_6 -x_4_7 -x_6_7 -x_6_8 -x_7_9 -x_8_9 <= -4
-x_0_1 -x_0_2 -x_0_3 -x_1_2 -x_1_4 -x_3_4 -x_3_6 -x_4_7 +x_5_8 +x_5_9 -x_6_7 +x_8_9 <= -1
-x_0_1 -x_0_2 -x_0_3 -x_1_2 -x_1_4 -x_3_4 -x_4_7 +x_5_8 -x_6_7 -x_7_9 -x_8_9 <= -2
-x_0_1 -x_0_2 -x_0_3 -x_1_2 -x_1_4 -x_3_4 -x_4_7 +x_5_8 +x_6_8 -x_7_9 <= -1
-x_0_1 -x_0_2 -x_0_3 -x_1_2 -x_1_4 -x_3_4 +x_6_7 -x_8_9 <= -1
-x_0_1 -x_0_2 -x_0_3 -x_1_2 -x_1_4 -x_3_4 +x_5_8 +x_5_9 +x_6_7 +x_6_8 +x_7_9 +x_8_9 <= 2
-x_0_1 -x_0_2 -x_0_3 -x_1_2 -x_2_5 -x_3_4 -x_3_6 -x_5_8 -x_6_7 -x_6_8 +x_7_9 <= -2
-x_0_1 -x_0_2 -x_0_3 -x_1_2 -x_2_5 -x_3_4 -x_5_8 -x_5_9 +x_6_7 -x_7_9 -x_8_9 <= -2
-x_0_1 -x_0_2 -x_0_3 -x_1_2 -x_2_5 -x_3_6 -x_5_8 -x_5_9 -x_6_7 -x_6_8 -x_7_9 -x_8_9 <= -4
-x_0_1 -x_0_2 -x_0_3 -x_1_2 -x_2_5 -x_3_6 -x_6_7 +x_8_9 <= -1
-x_0_1 -x_0_2 -x_0_3 -x_1_2 -x_2_5 -x_3_6 +x_4_7 -x_5_8 -x_6_8 +x_7_9 <= -1
-x_0_1 -x_0_2 -x_0_3 -x_1_2 -x_2_5 -x_3_6 +x_4_7 -x_5_8 +x_6_7 +x_7_9 +x_8_9 <= 1
-x_0_1 -x_0_2 -x_0_3 -x_1_2 -x_2_5 +x_4_7 -x_5_8 -x_5_9 +x_6_7 -x_8_9 <= -1
-x_0_1 -x_0_2 -x_0_3 -x_1_2 -x_2_5 +x_4_7 +x_6_7 +x_6_8 +x_7_9 +x_8_9 <= 2
-x_0_1 -x_0_2 -x_0_3 -x_1_2 -x_2_5 +x_3_4 -x_5_8 -x_5_9 -x_6_7 -x_7_9 -x_8_9 <= -2
-x_0_1 -x_0_2 -x_0_3 -x_1_2 -x_2_5 +x_3_4 -x_5_8 -x_6_7 +x_8_9 <= 0
-x_0_1 -x_0_2 -x_0_3 -x_1_2 -x_2_5 +x_3_4 -x_6_7 +x_6_8 +x_8_9 <= 1
-x_0_1 -x_0_2 -x_0_3 -x_1_2 -x_2_5 +x_3_4 +x_4_7 -x_5_8 +x_6_7 -x_6_8 +x_7_9 <= 1
-x_0_1 -x_0_2 -x_0_3 -x_1_2 -x_2_5 +x_3_4 +x_4_7 -x_5_8 +x_6_7 +x_7_9 +x_8_9 <= 2
-x_0_1 -x_0_2 -x_0_3 -x_1_2 -x_3_4 -x_3_6 +x_5_8 +x_5_9 -x_6_7 +x_7_9 +x_8_9 <= 1
-x_0_1 -x_0_2 -x_0_3 -x_1_2 -x_3_4 +x_5_8 +x_6_7 +x_6_8 -x_7_9 <= 1
-x_0_1 -x_0_2 -x_0_3 -x_1_2 -x_3_6 +x_5_8 -x_6_7 -x_7_9 <= -1
-x_0_1 -x_0_2 -x_0_3 -x_1_2 -x_3_6 +x_4_7 -x_6_8 -x_8_9 <= -1
-x_0_1 -x_0_2 -x_0_3 -x_1_2 -x_3_6 +x_4_7 +x_5_8 +x_6_7 -x_8_9 <= 1
-x_0_1 -x_0_2 -x_0_3 -x_1_2 -x_3_6 +x_4_7 +x_5_8 +x_5_9 +x_7_9 +x_8_9 <= 2
-x_0_1 -x_0_2 -x_0_3 -x_1_2 +x_4_7 +x_5_8 +x_6_7 +x_6_8 <= 2
-x_0_1 -x_0_2 -x_0_3 -x_1_2 +x_3_4 +x_5_8 -x_6_7 -x_7_9 -x_8_9 <= 0
-x_0_1 -x_0_2 -x_0_3 -x_1_2 +x_3_4 +x_5_8 -x_6_7 +x_6_8 -x_7_9 <= 1
-x_0_1 -x_0_2 -x_0_3 -x_1_2 +x_3_4 +x_4_7 +x_6_7 -x_6_8 -x_8_9 <= 1
-x_0_1 -x_0_2 -x_0_3 -x_1_2 +x_3_4 +x_4_7 +x_5_8 +x_6_7 -x_8_9 <= 2
-x_0_1 -x_0_2 -x_0_3 -x_1_2 +x_3_4 +x_4_7 +x_5_8 +x_5_9 +x_6_7 +x_7_9 +x_8_9 <= 4
-x_0_1 -x_0_2 -x_0_3 <= -1
-x_0_1 -x_0_2 -x_1_2 -x_2_5 +x_3_4 -x_5_8 -x_6_7 -x_6_8 <= -1
-x_0_1 -x_0_2 -x_1_2 -x_2_5 +x_3_4 +x_3_6 -x_5_8 -x_5_9 -x_7_9 -x_8_9 <= -1
-x_0_1 -x_0_2 -x_1_2 -x_2_5 +x_3_4 +x_3_6 -x_5_8 -x_6_7 +x_8_9 <= 1
-x_0_1 -x_0_2 -x_1_2 -x_2_5 +x_3_4 +x_3_6 +x_6_8 +x_8_9 <= 2
-x_0_1 -x_0_2 -x_1_2 -x_2_5 +x_3_4 +x_3_6 +x_4_7 -x_5_8 +x_6_7 +x_7_9 <= 2
-x_0_1 -x_0_2 -x_1_2 +x_3_4 -x_6_7 -x_6_8 -x_7_9 -x_8_9 <= -1
-x_0_1 -x_0_2 -x_1_2 +x_3_4 +x_5_8 +x_5_9 -x_6_7 +x_8_9 <= 2
-x_0_1 -x_0_2 -x_1_2 +x_3_4 +x_3_6 +x_5_8 -x_6_7 -x_7_9 -x_8_9 <= 1
-x_0_1 -x_0_2 -x_1_2 +x_3_4 +x_3_6 +x_5_8 +x_6_8 -x_7_9 <= 2
-x_0_1 -x_0_2 -x_1_2 +x_3_4 +x_3_6 +x_4_7 +x_6_7 -x_8_9 <= 2
-x_0_1 -x_0_2 -x_1_2 +x_3_4 +x_3_6 +x_4_7 +x_5_8 +x_5_9 +x_6_7 +x_6_8 +x_7_9 +x_8_9 <= 5
-x_0_1 -x_1_2 -x_1_4 <= -1
-x_0_2 -x_1_2 -x_2_5 <= -1
-x_0_3 -x_1_4 +x_2_5 -x_3_4 -x_3_6 -x_4_7 -x_6_7 -x_6_8 -x_7_9 -x_8_9 <= -2
-x_0_3 -x_1_4 +x_2_5 -x_3_4 -x_3_6 -x_4_7 +x_5_8 +x_5_9 -x_6_7 +x_8_9 <= 1
-x_0_3 -x_1_4 +x_2_5 -x_3_4 +x_6_7 -x_8_9 <= 1
-x_0_3 -x_1_4 +x_2_5 -x_3_4 +x_5_8 +x_5_9 +x_6_7 +x_6_8 +x_7_9 +x_8_9 <= 4
-x_0_3 -x_3_4 -x_3_6 <= -1
-x_0_3 <= 0
-x_0_3 +x_1_4 -x_2_5 -x_3_6 -x_5_8 -x_5_9 -x_6_7 -x_6_8 -x_7_9 -x_8_9 <= -2
-x_0_3 +x_1_4 -x_2_5 -x_3_6 -x_6_7 +x_8_9 <= 1
-x_0_3 +x_1_4 -x_2_5 +x_4_7 -x_5_8 -x_5_9 +x_6_7 -x_8_9 <= 1
-x_0_3 +x_1_4 -x_2_5 +x_4_7 +x_6_7 +x_6_8 +x_7_9 +x_8_9 <= 4
-x_0_3 +x_1_4 +x_2_5 -x_3_6 -x_6_7 -x_6_8 -x_7_9 -x_8_9 <= 0
-x_0_3 +x_1_4 +x_2_5 -x_3_6 +x_5_8 +x_5_9 -x_6_7 +x_8_9 <= 3
-x_0_3 +x_1_4 +x_2_5 +x_4_7 +x_6_7 -x_8_9 <= 3
-x_0_3 +x_1_4 +x_2_5 +x_4_7 +x_5_8 +x_5_9 +x_6_7 +x_6_8 +x_7_9 +x_8_9 <= 6
-x_1_2 -x_1_4 -x_2_5 -x_3_4 -x_3_6 -x_4_7 -x_5_8 -x_5_9 -x_6_7 -x_6_8 -x_7_9 -x_8_9 <= -4
-x_1_2 -x_1_4 -x_2_5 -x_3_4 -x_3_6 -x_4_7 -x_6_7 +x_8_9 <= -1
-x_1_2 -x_1_4 -x_2_5 -x_3_4 -x_3_6 -x_5_8 -x_6_8 +x_7_9 <= -1
-x_1_2 -x_1_4 -x_2_5 -x_3_4 -x_3_6 -x_5_8 +x_6_7 +x_7_9 +x_8_9 <= 1
-x_1_2 -x_1_4 -x_2_5 -x_3_4 -x_5_8 -x_5_9 +x_6_7 -x_8_9 <= -1
-x_1_2 -x_1_4 -x_2_5 -x_3_4 +x_6_7 +x_6_8 +x_7_9 +x_8_9 <= 2
-x_1_2 -x_1_4 -x_3_4 -x_3_6 -x_4_7 +x_5_8 -x_6_7 -x_7_9 <= -1
-x_1_2 -x_1_4 -x_3_4 -x_3_6 -x_6_8 -x_8_9 <= -1
-x_1_2 -x_1_4 -x_3_4 -x_3_6 +x_5_8 +x_6_7 -x_8_9 <= 1
-x_1_2 -x_1_4 -x_3_4 -x_3_6 +x_5_8 +x_5_9 +x_7_9 +x_8_9 <= 2
-x_1_2 -x_1_4 -x_3_4 +x_5_8 +x_6_7 +x_6_8 <= 2
-x_1_4 -x_3_4 -x_4_7 <= -1
-x_2_5 -x_3_6 -x_4_7 -x_5_8 -x_5_9 -x_6_7 -x_6_8 -x_7_9 -x_8_9 <= -3
-x_2_5 -x_3_6 -x_4_7 -x_6_7 +x_8_9 <= 0
-x_2_5 -x_3_6 +x_4_7 -x_5_8 -x_5_9 -x_6_8 -x_8_9 <= -1
-x_2_5 -x_3_6 +x_4_7 +x_7_9 +x_8_9 <= 2
-x_2_5 -x_5_8 -x_5_9 -x_6_8 -x_7_9 -x_8_9 <= -2
-x_2_5 -x_5_8 -x_6_8 +x_7_9 <= 0
-x_2_5 -x_5_9 +x_6_8 -x_7_9 <= 0
-x_2_5 +x_6_8 +x_7_9 +x_8_9 <= 2
-x_2_5 +x_3_6 -x_4_7 -x_5_8 -x_5_9 -x_7_9 -x_8_9 <= -1
-x_2_5 +x_3_6 -x_4_7 +x_6_8 +x_8_9 <= 2
-x_2_5 +x_3_6 +x_4_7 -x_5_8 -x_5_9 +x_6_7 -x_8_9 <= 1
-x_2_5 +x_3_6 +x_4_7 +x_6_7 +x_6_8 +x_7_9 +x_8_9 <= 4
-x_3_4 <= 0
-x_3_6 -x_6_7 -x_6_8 <= -1
-x_3_6 <= 0
-x_4_7 -x_6_7 -x_7_9 <= -1
-x_4_7 <= 0
-x_5_8 -x_6_8 -x_8_9 <= -1
-x_5_8 <= 0
-x_5_9 -x_7_9 -x_8_9 <= -1
-x_5_9 <= 0
-x_6_7 <= 0
-x_6_8 <= 0
-x_7_9 <= 0
-x_8_9 <= 0
x_7_9 <= 1
x_6_8 <= 1
x_6_7 <= 1
x_5_9 <= 1
x_5_8 <= 1
x_5_8 +x_6_8 +x_8_9 <= 2
x_4_7 <= 1
x_4_7 +x_6_7 +x_7_9 <= 2
x_3_6 <= 1
x_3_6 +x_6_7 +x_6_8 <= 2
x_3_4 <= 1
x_2_5 -x_3_6 -x_4_7 -x_6_7 -x_6_8 -x_7_9 -x_8_9 <= -1
x_2_5 -x_3_6 -x_4_7 +x_5_8 +x_5_9 -x_6_7 +x_8_9 <= 2
x_2_5 -x_3_6 +x_4_7 -x_6_8 -x_8_9 <= 1
x_2_5 -x_3_6 +x_4_7 +x_5_8 +x_5_9 +x_7_9 +x_8_9 <= 4
x_2_5 -x_6_8 -x_7_9 -x_8_9 <= 0
x_2_5 <= 1
x_2_5 +x_5_9 -x_6_8 +x_7_9 <= 2
x_2_5 +x_5_8 +x_6_8 -x_7_9 <= 2
x_2_5 +x_5_8 +x_5_9 <= 2
x_2_5 +x_5_8 +x_5_9 +x_6_8 +x_7_9 +x_8_9 <= 4
x_2_5 +x_3_6 -x_4_7 -x_7_9 -x_8_9 <= 1
x_2_5 +x_3_6 -x_4_7 +x_5_8 +x_5_9 +x_6_8 +x_8_9 <= 4
x_2_5 +x_3_6 +x_4_7 +x_6_7 -x_8_9 <= 3
x_2_5 +x_3_6 +x_4_7 +x_5_8 +x_5_9 +x_6_7 +x_6_8 +x_7_9 +x_8_9 <= 6
x_1_4 +x_3_4 +x_4_7 <= 2
x_0_3 -x_1_2 -x_1_4 -x_2_5 -x_3_4 -x_4_7 -x_5_8 -x_5_9 -x_6_7 -x_7_9 -x_8_9 <= -2
x_0_3 -x_1_2 -x_1_4 -x_2_5 -x_3_4 -x_4_7 -x_5_8 -x_6_7 +x_8_9 <= 0
x_0_3 -x_1_2 -x_1_4 -x_2_5 -x_3_4 -x_4_7 -x_6_7 +x_6_8 +x_8_9 <= 1
x_0_3 -x_1_2 -x_1_4 -x_2_5 -x_3_4 -x_5_8 +x_6_7 -x_6_8 +x_7_9 <= 1
x_0_3 -x_1_2 -x_1_4 -x_2_5 -x_3_4 -x_5_8 +x_6_7 +x_7_9 +x_8_9 <= 2
x_0_3 -x_1_2 -x_1_4 -x_2_5 -x_4_7 -x_5_8 -x_6_7 -x_6_8 <= -1
x_0_3 -x_1_2 -x_1_4 -x_2_5 +x_3_6 -x_4_7 -x_5_8 -x_5_9 -x_7_9 -x_8_9 <= -1
x_0_3 -x_1_2 -x_1_4 -x_2_5 +x_3_6 -x_4_7 -x_5_8 -x_6_7 +x_8_9 <= 1
x_0_3 -x_1_2 -x_1_4 -x_2_5 +x_3_6 -x_4_7 +x_6_8 +x_8_9 <= 2
x_0_3 -x_1_2 -x_1_4 -x_2_5 +x_3_6 -x_5_8 +x_6_7 +x_7_9 <= 2
x_0_3 -x_1_2 -x_1_4 -x_3_4 -x_4_7 +x_5_8 -x_6_7 -x_7_9 -x_8_9 <= 0
x_0_3 -x_1_2 -x_1_4 -x_3_4 -x_4_7 +x_5_8 -x_6_7 +x_6_8 -x_7_9 <= 1
x_0_3 -x_1_2 -x_1_4 -x_3_4 +x_6_7 -x_6_8 -x_8_9 <= 1
x_0_3 -x_1_2 -x_1_4 -x_3_4 +x_5_8 +x_6_7 -x_8_9 <= 2
x_0_3 -x_1_2 -x_1_4 -x_3_4 +x_5_8 +x_5_9 +x_6_7 +x_7_9 +x_8_9 <= 4
x_0_3 -x_1_2 -x_1_4 -x_4_7 -x_6_7 -x_6_8 -x_7_9 -x_8_9 <= -1
x_0_3 -x_1_2 -x_1_4 -x_4_7 +x_5_8 +x_5_9 -x_6_7 +x_8_9 <= 2
x_0_3 -x_1_2 -x_1_4 +x_3_6 -x_4_7 +x_5_8 -x_6_7 -x_7_9 -x_8_9 <= 1
x_0_3 -x_1_2 -x_1_4 +x_3_6 -x_4_7 +x_5_8 +x_6_8 -x_7_9 <= 2
x_0_3 -x_1_2 -x_1_4 +x_3_6 +x_6_7 -x_8_9 <= 2
x_0_3 -x_1_2 -x_1_4 +x_3_6 +x_5_8 +x_5_9 +x_6_7 +x_6_8 +x_7_9 +x_8_9 <= 5
x_0_3 -x_1_2 -x_2_5 +x_3_4 -x_5_8 -x_5_9 -x_6_7 -x_6_8 -x_7_9 -x_8_9 <= -1
x_0_3 -x_1_2 -x_2_5 +x_3_4 -x_6_7 +x_8_9 <= 2
x_0_3 -x_1_2 -x_2_5 +x_3_4 +x_4_7 -x_5_8 -x_6_8 +x_7_9 <= 2
x_0_3 -x_1_2 -x_2_5 +x_3_4 +x_4_7 -x_5_8 +x_6_7 +x_7_9 +x_8_9 <= 4
x_0_3 -x_1_2 -x_2_5 +x_3_4 +x_3_6 +x_4_7 -x_5_8 -x_5_9 +x_6_7 -x_8_9 <= 2
x_0_3 -x_1_2 -x_2_5 +x_3_4 +x_3_6 +x_4_7 +x_6_7 +x_6_8 +x_7_9 +x_8_9 <= 5
x_0_3 -x_1_2 +x_3_4 +x_5_8 -x_6_7 -x_7_9 <= 2
x_0_3 -x_1_2 +x_3_4 +x_4_7 -x_6_8 -x_8_9 <= 2
x_0_3 -x_1_2 +x_3_4 +x_4_7 +x_5_8 +x_6_7 -x_8_9 <= 4
x_0_3 -x_1_2 +x_3_4 +x_4_7 +x_5_8 +x_5_9 +x_7_9 +x_8_9 <= 5
x_0_3 -x_1_2 +x_3_4 +x_3_6 +x_4_7 +x_5_8 +x_6_7 +x_6_8 <= 5
x_0_3 <= 1
x_0_3 +x_3_4 +x_3_6 <= 2
x_0_3 +x_1_4 +x_2_5 +x_3_4 -x_6_7 -x_6_8 -x_7_9 -x_8_9 <= 2
x_0_3 +x_1_4 +x_2_5 +x_3_4 +x_5_8 +x_5_9 -x_6_7 +x_8_9 <= 5
x_0_3 +x_1_4 +x_2_5 +x_3_4 +x_3_6 +x_4_7 +x_6_7 -x_8_9 <= 5
x_0_3 +x_1_4 +x_2_5 +x_3_4 +x_3_6 +x_4_7 +x_5_8 +x_5_9 +x_6_7 +x_6_8 +x_7_9 +x_8_9 <= 8
x_0_2 -x_1_4 +x_2_5 -x_3_4 -x_3_6 -x_4_7 -x_6_7 -x_6_8 -x_7_9 -x_8_9 <= -1
x_0_2 -x_1_4 +x_2_5 -x_3_4 -x_3_6 -x_4_7 +x_5_8 +x_5_9 -x_6_7 +x_8_9 <= 2
x_0_2 -x_1_4 +x_2_5 -x_3_4 +x_6_7 -x_8_9 <= 2
x_0_2 -x_1_4 +x_2_5 -x_3_4 +x_5_8 +x_5_9 +x_6_7 +x_6_8 +x_7_9 +x_8_9 <= 5
x_0_2 <= 1
x_0_2 +x_0_3 +x_2_5 +x_3_4 -x_6_7 -x_6_8 -x_7_9 -x_8_9 <= 2
x_0_2 +x_0_3 +x_2_5 +x_3_4 +x_5_8 +x_5_9 -x_6_7 +x_8_9 <= 5
x_0_2 +x_0_3 +x_2_5 +x_3_4 +x_3_6 +x_4_7 +x_6_7 -x_8_9 <= 5
x_0_2 +x_0_3 +x_2_5 +x_3_4 +x_3_6 +x_4_7 +x_5_8 +x_5_9 +x_6_7 +x_6_8 +x_7_9 +x_8_9 <= 8
x_0_1 -x_1_2 -x_2_5 -x_3_4 -x_3_6 -x_5_8 -x_5_9 -x_6_7 -x_6_8 -x_7_9 -x_8_9 <= -2
x_0_1 -x_1_2 -x_2_5 -x_3_4 -x_3_6 -x_5_8 -x_6_7 -x_6_8 +x_7_9 <= 0
x_0_1 -x_1_2 -x_2_5 -x_3_4 -x_3_6 +x_4_7 -x_5_8 -x_6_8 +x_7_9 <= 1
x_0_1 -x_1_2 -x_2_5 -x_3_4 -x_5_8 -x_5_9 +x_6_7 -x_7_9 -x_8_9 <= 0
x_0_1 -x_1_2 -x_2_5 -x_3_4 +x_4_7 -x_5_8 -x_5_9 +x_6_7 -x_8_9 <= 1
x_0_1 -x_1_2 -x_2_5 -x_3_4 +x_4_7 +x_6_7 +x_6_8 +x_7_9 +x_8_9 <= 4
x_0_1 -x_1_2 -x_3_4 -x_3_6 +x_5_8 -x_6_7 -x_7_9 <= 1
x_0_1 -x_1_2 -x_3_4 -x_3_6 +x_5_8 +x_5_9 -x_6_7 +x_7_9 +x_8_9 <= 3
x_0_1 -x_1_2 -x_3_4 -x_3_6 +x_4_7 -x_6_8 -x_8_9 <= 1
x_0_1 -x_1_2 -x_3_4 -x_3_6 +x_4_7 +x_5_8 +x_5_9 +x_7_9 +x_8_9 <= 4
x_0_1 -x_1_2 -x_3_4 +x_5_8 +x_6_7 +x_6_8 -x_7_9 <= 3
x_0_1 -x_1_2 -x_3_4 +x_4_7 +x_5_8 +x_6_7 +x_6_8 <= 4
x_0_1 -x_2_5 -x_3_4 -x_3_6 -x_4_7 -x_5_8 -x_6_7 -x_6_8 <= -1
x_0_1 -x_2_5 -x_3_4 -x_4_7 -x_5_8 -x_5_9 -x_7_9 -x_8_9 <= -1
x_0_1 -x_2_5 -x_3_4 -x_4_7 +x_6_8 +x_8_9 <= 2
x_0_1 -x_2_5 -x_3_4 -x_5_8 +x_6_7 +x_7_9 <= 2
x_0_1 -x_3_4 -x_3_6 -x_4_7 -x_6_7 -x_6_8 -x_7_9 -x_8_9 <= -1
x_0_1 -x_3_4 -x_3_6 -x_4_7 +x_5_8 +x_5_9 -x_6_7 +x_8_9 <= 2
x_0_1 -x_3_4 -x_4_7 +x_5_8 +x_6_8 -x_7_9 <= 2
x_0_1 -x_3_4 +x_5_8 +x_5_9 +x_6_7 +x_6_8 +x_7_9 +x_8_9 <= 5
x_0_1 <= 1
x_0_1 +x_1_4 -x_2_5 -x_3_6 -x_5_8 -x_5_9 -x_6_7 -x_6_8 -x_7_9 -x_8_9 <= -1
x_0_1 +x_1_4 -x_2_5 -x_3_6 -x_6_7 +x_8_9 <= 2
x_0_1 +x_1_4 -x_2_5 -x_3_6 +x_4_7 -x_5_8 -x_6_8 +x_7_9 <= 2
x_0_1 +x_1_4 -x_2_5 -x_3_6 +x_4_7 -x_5_8 +x_6_7 +x_7_9 +x_8_9 <= 4
x_0_1 +x_1_4 -x_2_5 +x_4_7 -x_5_8 -x_5_9 +x_6_7 -x_8_9 <= 2
x_0_1 +x_1_4 -x_2_5 +x_4_7 +x_6_7 +x_6_8 +x_7_9 +x_8_9 <= 5
x_0_1 +x_1_4 -x_3_6 +x_5_8 -x_6_7 -x_7_9 <= 2
x_0_1 +x_1_4 -x_3_6 +x_4_7 -x_6_8 -x_8_9 <= 2
x_0_1 +x_1_4 -x_3_6 +x_4_7 +x_5_8 +x_6_7 -x_8_9 <= 4
x_0_1 +x_1_4 -x_3_6 +x_4_7 +x_5_8 +x_5_9 +x_7_9 +x_8_9 <= 5
x_0_1 +x_1_4 +x_4_7 +x_5_8 +x_6_7 +x_6_8 <= 5
x_0_1 +x_0_3 -x_1_2 -x_2_5 +x_3_4 -x_4_7 -x_5_8 -x_6_7 -x_6_8 <= 1
x_0_1 +x_0_3 -x_1_2 -x_2_5 +x_3_4 -x_5_8 -x_6_7 -x_6_8 +x_7_9 <= 2
x_0_1 +x_0_3 -x_1_2 -x_2_5 +x_3_4 +x_3_6 -x_4_7 -x_5_8 -x_5_9 -x_7_9 -x_8_9 <= 1
x_0_1 +x_0_3 -x_1_2 -x_2_5 +x_3_4 +x_3_6 -x_4_7 +x_6_8 +x_8_9 <= 4
x_0_1 +x_0_3 -x_1_2 -x_2_5 +x_3_4 +x_3_6 -x_5_8 -x_5_9 +x_6_7 -x_7_9 -x_8_9 <= 2
x_0_1 +x_0_3 -x_1_2 -x_2_5 +x_3_4 +x_3_6 -x_5_8 +x_6_7 +x_7_9 <= 4
x_0_1 +x_0_3 -x_1_2 +x_3_4 -x_4_7 -x_6_7 -x_6_8 -x_7_9 -x_8_9 <= 1
x_0_1 +x_0_3 -x_1_2 +x_3_4 -x_4_7 +x_5_8 +x_5_9 -x_6_7 +x_8_9 <= 4
x_0_1 +x_0_3 -x_1_2 +x_3_4 +x_5_8 +x_5_9 -x_6_7 +x_7_9 +x_8_9 <= 5
x_0_1 +x_0_3 -x_1_2 +x_3_4 +x_3_6 -x_4_7 +x_5_8 +x_6_8 -x_7_9 <= 4
x_0_1 +x_0_3 -x_1_2 +x_3_4 +x_3_6 +x_5_8 +x_6_7 +x_6_8 -x_7_9 <= 5
x_0_1 +x_0_3 -x_1_2 +x_3_4 +x_3_6 +x_5_8 +x_5_9 +x_6_7 +x_6_8 +x_7_9 +x_8_9 <= 7
x_0_1 +x_0_3 +x_1_4 -x_2_5 +x_3_4 -x_5_8 -x_6_7 -x_6_8 <= 2
x_0_1 +x_0_3 +x_1_4 -x_2_5 +x_3_4 +x_3_6 -x_5_8 -x_5_9 -x_7_9 -x_8_9 <= 2
x_0_1 +x_0_3 +x_1_4 -x_2_5 +x_3_4 +x_3_6 -x_5_8 -x_6_7 +x_8_9 <= 4
x_0_1 +x_0_3 +x_1_4 -x_2_5 +x_3_4 +x_3_6 +x_6_8 +x_8_9 <= 5
x_0_1 +x_0_3 +x_1_4 -x_2_5 +x_3_4 +x_3_6 +x_4_7 -x_5_8 +x_6_7 +x_7_9 <= 5
x_0_1 +x_0_3 +x_1_4 +x_3_4 -x_6_7 -x_6_8 -x_7_9 -x_8_9 <= 2
x_0_1 +x_0_3 +x_1_4 +x_3_4 +x_5_8 +x_5_9 -x_6_7 +x_8_9 <= 5
x_0_1 +x_0_3 +x_1_4 +x_3_4 +x_3_6 +x_5_8 -x_6_7 -x_7_9 -x_8_9 <= 4
x_0_1 +x_0_3 +x_1_4 +x_3_4 +x_3_6 +x_5_8 +x_6_8 -x_7_9 <= 5
x_0_1 +x_0_3 +x_1_4 +x_3_4 +x_3_6 +x_4_7 +x_6_7 -x_8_9 <= 5
x_0_1 +x_0_3 +x_1_4 +x_3_4 +x_3_6 +x_4_7 +x_5_8 +x_5_9 +x_6_7 +x_6_8 +x_7_9 +x_8_9 <= 8
x_0_1 +x_0_2 +x_0_3 <= 2
-x_0_1 <= 0
-x_0_2 -x_0_3 -x_2_5 -x_3_4 -x_3_6 -x_4_7 -x_5_8 -x_5_9 -x_6_7 -x_6_8 -x_7_9 -x_8_9 <= -4
-x_0_2 -x_0_3 -x_2_5 -x_3_4 -x_3_6 -x_4_7 -x_6_7 +x_8_9 <= -1
-x_0_2 -x_0_3 -x_2_5 -x_3_4 -x_4_7 -x_5_9 +x_6_8 -x_7_9 <= -1
-x_0_2 -x_0_3 -x_2_5 -x_3_4 -x_5_8 -x_5_9 +x_6_7 -x_8_9 <= -1
-x_0_2 -x_0_3 -x_2_5 -x_3_4 +x_6_7 +x_6_8 +x_7_9 +x_8_9 <= 2
-x_0_2 -x_0_3 -x_3_4 -x_3_6 -x_4_7 +x_5_9 -x_6_7 -x_6_8 <= -1
-x_0_2 -x_0_3 -x_3_4 -x_4_7 -x_7_9 -x_8_9 <= -1
-x_0_2 -x_0_3 -x_3_4 -x_4_7 +x_5_8 +x_5_9 +x_6_8 +x_8_9 <= 2
-x_0_2 -x_0_3 -x_3_4 +x_5_9 +x_6_7 +x_7_9 <= 2
-x_0_2 -x_0_3 +x_1_4 -x_2_5 -x_3_4 -x_3_6 -x_5_8 -x_5_9 -x_6_7 -x_6_8 -x_8_9 <= -2
-x_0_2 -x_0_3 +x_1_4 -x_2_5 -x_3_4 -x_3_6 -x_5_9 -x_6_7 +x_8_9 <= 0
-x_0_2 -x_0_3 +x_1_4 -x_2_5 -x_3_4 -x_3_6 -x_6_7 +x_7_9 +x_8_9 <= 1
-x_0_2 -x_0_3 +x_1_4 -x_2_5 -x_3_4 -x_5_9 +x_6_7 +x_6_8 -x_7_9 <= 1
-x_0_2 -x_0_3 +x_1_4 -x_2_5 -x_3_4 -x_5_9 +x_6_7 +x_6_8 +x_8_9 <= 2
-x_0_2 -x_0_3 +x_1_4 -x_2_5 -x_3_6 -x_5_9 -x_6_7 -x_7_9 <= -1
-x_0_2 -x_0_3 +x_1_4 -x_2_5 -x_3_6 +x_4_7 -x_5_8 -x_5_9 -x_6_8 -x_8_9 <= -1
-x_0_2 -x_0_3 +x_1_4 -x_2_5 -x_3_6 +x_4_7 +x_7_9 +x_8_9 <= 2
-x_0_2 -x_0_3 +x_1_4 -x_2_5 <= 0
-x_0_2 -x_0_3 +x_1_4 -x_2_5 +x_4_7 -x_5_9 +x_6_7 +x_6_8 <= 2
-x_0_2 -x_0_3 +x_1_4 -x_3_4 -x_3_6 +x_5_9 -x_6_7 -x_6_8 -x_8_9 <= 0
-x_0_2 -x_0_3 +x_1_4 -x_3_4 -x_3_6 +x_5_9 -x_6_7 -x_6_8 +x_7_9 <= 1
-x_0_2 -x_0_3 +x_1_4 -x_3_4 +x_6_7 -x_7_9 -x_8_9 <= 1
-x_0_2 -x_0_3 +x_1_4 -x_3_4 +x_5_9 +x_6_7 -x_8_9 <= 2
-x_0_2 -x_0_3 +x_1_4 -x_3_4 +x_5_8 +x_5_9 +x_6_7 +x_6_8 +x_8_9 <= 4
-x_0_2 -x_0_3 +x_1_4 -x_3_6 -x_6_7 -x_6_8 -x_7_9 -x_8_9 <= -1
-x_0_2 -x_0_3 +x_1_4 -x_3_6 +x_5_8 +x_5_9 -x_6_7 +x_8_9 <= 2
-x_0_2 -x_0_3 +x_1_4 -x_3_6 +x_4_7 +x_5_9 -x_6_8 +x_7_9 <= 2
-x_0_2 -x_0_3 +x_1_4 +x_4_7 +x_6_7 -x_8_9 <= 2
-x_0_2 -x_0_3 +x_1_4 +x_4_7 +x_5_8 +x_5_9 +x_6_7 +x_6_8 +x_7_9 +x_8_9 <= 5
-x_0_2 <= 0
-x_0_2 +x_1_4 -x_2_5 +x_3_4 -x_5_8 -x_5_9 -x_6_7 -x_6_8 -x_7_9 -x_8_9 <= -1
-x_0_2 +x_1_4 -x_2_5 +x_3_4 -x_6_7 +x_8_9 <= 2
-x_0_2 +x_1_4 -x_2_5 +x_3_4 +x_3_6 -x_5_9 +x_6_8 -x_7_9 <= 2
-x_0_2 +x_1_4 -x_2_5 +x_3_4 +x_3_6 -x_5_9 +x_6_7 +x_6_8 +x_8_9 <= 4
-x_0_2 +x_1_4 -x_2_5 +x_3_4 +x_3_6 +x_4_7 -x_5_8 -x_5_9 +x_6_7 -x_8_9 <= 2
-x_0_2 +x_1_4 -x_2_5 +x_3_4 +x_3_6 +x_4_7 +x_6_7 +x_6_8 +x_7_9 +x_8_9 <= 5
-x_0_2 +x_1_4 +x_3_4 +x_5_9 -x_6_7 -x_6_8 <= 2
-x_0_2 +x_1_4 +x_3_4 +x_3_6 -x_7_9 -x_8_9 <= 2
-x_0_2 +x_1_4 +x_3_4 +x_3_6 +x_5_9 +x_6_7 -x_8_9 <= 4
-x_0_2 +x_1_4 +x_3_4 +x_3_6 +x_5_8 +x_5_9 +x_6_8 +x_8_9 <= 5
-x_0_2 +x_1_4 +x_3_4 +x_3_6 +x_4_7 +x_5_9 +x_6_7 +x_7_9 <= 5
-x_0_3 +x_1_2 -x_3_4 -x_3_6 -x_4_7 -x_5_8 -x_6_7 -x_6_8 <= -1
-x_0_3 +x_1_2 -x_3_4 -x_4_7 -x_5_8 -x_5_9 -x_7_9 -x_8_9 <= -1
-x_0_3 +x_1_2 -x_3_4 -x_4_7 +x_6_8 +x_8_9 <= 2
-x_0_3 +x_1_2 -x_3_4 -x_5_8 +x_6_7 +x_7_9 <= 2
-x_0_3 +x_1_2 +x_2_5 -x_3_4 -x_3_6 -x_4_7 -x_6_7 -x_6_8 -x_7_9 -x_8_9 <= -1
-x_0_3 +x_1_2 +x_2_5 -x_3_4 -x_3_6 -x_4_7 +x_5_8 +x_5_9 -x_6_7 +x_8_9 <= 2
-x_0_3 +x_1_2 +x_2_5 -x_3_4 -x_4_7 +x_5_8 +x_6_8 -x_7_9 <= 2
-x_0_3 +x_1_2 +x_2_5 -x_3_4 +x_5_8 +x_5_9 +x_6_7 +x_6_8 +x_7_9 +x_8_9 <= 5
-x_0_3 +x_1_2 +x_1_4 -x_3_4 -x_3_6 -x_5_8 -x_6_7 -x_6_8 +x_7_9 <= 1
-x_0_3 +x_1_2 +x_1_4 -x_3_4 -x_5_8 -x_5_9 +x_6_7 -x_7_9 -x_8_9 <= 1
-x_0_3 +x_1_2 +x_1_4 -x_3_6 -x_5_8 -x_5_9 -x_6_7 -x_6_8 -x_7_9 -x_8_9 <= -1
-x_0_3 +x_1_2 +x_1_4 -x_3_6 -x_6_7 +x_8_9 <= 2
-x_0_3 +x_1_2 +x_1_4 -x_3_6 +x_4_7 -x_5_8 -x_6_8 +x_7_9 <= 2
-x_0_3 +x_1_2 +x_1_4 -x_3_6 +x_4_7 -x_5_8 +x_6_7 +x_7_9 +x_8_9 <= 4
-x_0_3 +x_1_2 +x_1_4 +x_4_7 -x_5_8 -x_5_9 +x_6_7 -x_8_9 <= 2
-x_0_3 +x_1_2 +x_1_4 +x_4_7 +x_6_7 +x_6_8 +x_7_9 +x_8_9 <= 5
-x_0_3 +x_1_2 +x_1_4 +x_2_5 -x_3_4 -x_3_6 +x_5_8 +x_5_9 -x_6_7 +x_7_9 +x_8_9 <= 4
-x_0_3 +x_1_2 +x_1_4 +x_2_5 -x_3_4 +x_5_8 +x_6_7 +x_6_8 -x_7_9 <= 4
-x_0_3 +x_1_2 +x_1_4 +x_2_5 -x_3_6 +x_5_8 -x_6_7 -x_7_9 <= 2
-x_0_3 +x_1_2 +x_1_4 +x_2_5 -x_3_6 +x_4_7 -x_6_8 -x_8_9 <= 2
-x_0_3 +x_1_2 +x_1_4 +x_2_5 -x_3_6 +x_4_7 +x_5_8 +x_6_7 -x_8_9 <= 4
-x_0_3 +x_1_2 +x_1_4 +x_2_5 -x_3_6 +x_4_7 +x_5_8 +x_5_9 +x_7_9 +x_8_9 <= 5
-x_0_3 +x_1_2 +x_1_4 +x_2_5 <= 2
-x_0_3 +x_1_2 +x_1_4 +x_2_5 +x_4_7 +x_5_8 +x_6_7 +x_6_8 <= 5
-x_2_5 <= 0
x_1_2 +x_1_4 +x_3_4 -x_5_8 -x_6_7 -x_6_8 <= 2
x_1_2 +x_1_4 +x_3_4 +x_3_6 -x_5_8 -x_5_9 -x_7_9 -x_8_9 <= 2
x_1_2 +x_1_4 +x_3_4 +x_3_6 -x_5_8 -x_6_7 +x_8_9 <= 4
x_1_2 +x_1_4 +x_3_4 +x_3_6 +x_6_8 +x_8_9 <= 5
x_1_2 +x_1_4 +x_3_4 +x_3_6 +x_4_7 -x_5_8 +x_6_7 +x_7_9 <= 5
x_1_2 +x_1_4 +x_2_5 +x_3_4 -x_6_7 -x_6_8 -x_7_9 -x_8_9 <= 2
x_1_2 +x_1_4 +x_2_5 +x_3_4 +x_5_8 +x_5_9 -x_6_7 +x_8_9 <= 5
x_1_2 +x_1_4 +x_2_5 +x_3_4 +x_3_6 +x_5_8 -x_6_7 -x_7_9 -x_8_9 <= 4
x_1_2 +x_1_4 +x_2_5 +x_3_4 +x_3_6 +x_5_8 +x_6_8 -x_7_9 <= 5
x_1_2 +x_1_4 +x_2_5 +x_3_4 +x_3_6 +x_4_7 +x_6_7 -x_8_9 <= 5
x_1_2 +x_1_4 +x_2_5 +x_3_4 +x_3_6 +x_4_7 +x_5_8 +x_5_9 +x_6_7 +x_6_8 +x_7_9 +x_8_9 <= 8
x_0_3 +x_1_4 -x_2_5 +x_3_4 -x_5_8 -x_5_9 -x_6_7 -x_6_8 -x_7_9 -x_8_9 <= 0
x_0_3 +x_1_4 -x_2_5 +x_3_4 -x_6_7 +x_8_9 <= 3
x_0_3 +x_1_4 -x_2_5 +x_3_4 +x_3_6 +x_4_7 -x_5_8 -x_5_9 +x_6_7 -x_8_9 <= 3
x_0_3 +x_1_4 -x_2_5 +x_3_4 +x_3_6 +x_4_7 +x_6_7 +x_6_8 +x_7_9 +x_8_9 <= 6
x_0_2 +x_1_2 +x_2_5 <= 2
x_0_1 +x_1_4 -x_2_5 -x_3_4 -x_3_6 -x_5_8 -x_6_7 -x_6_8 +x_7_9 <= 1
x_0_1 +x_1_4 -x_2_5 -x_3_4 -x_5_8 -x_5_9 +x_6_7 -x_7_9 -x_8_9 <= 1
x_0_1 +x_1_4 -x_3_4 -x_3_6 +x_5_8 +x_5_9 -x_6_7 +x_7_9 +x_8_9 <= 4
x_0_1 +x_1_4 -x_3_4 +x_5_8 +x_6_7 +x_6_8 -x_7_9 <= 4
x_0_1 +x_1_2 +x_1_4 <= 2
x_0_1 +x_0_3 +x_1_4 -x_2_5 <= 2
x_0_1 +x_0_2 +x_1_2 -x_3_4 -x_3_6 -x_4_7 -x_5_8 -x_5_9 -x_6_7 -x_6_8 -x_7_9 -x_8_9 <= -1
x_0_1 +x_0_2 +x_1_2 -x_3_4 -x_3_6 -x_4_7 -x_6_7 +x_8_9 <= 2
x_0_1 +x_0_2 +x_1_2 -x_3_4 -x_4_7 -x_5_9 +x_6_8 -x_7_9 <= 2
x_0_1 +x_0_2 +x_1_2 -x_3_4 -x_5_8 -x_5_9 +x_6_7 -x_8_9 <= 2
x_0_1 +x_0_2 +x_1_2 -x_3_4 +x_6_7 +x_6_8 +x_7_9 +x_8_9 <= 5
x_0_1 +x_0_2 +x_1_2 +x_2_5 -x_3_4 -x_3_6 -x_4_7 +x_5_9 -x_6_7 -x_6_8 <= 2
x_0_1 +x_0_2 +x_1_2 +x_2_5 -x_3_4 -x_4_7 -x_7_9 -x_8_9 <= 2
x_0_1 +x_0_2 +x_1_2 +x_2_5 -x_3_4 -x_4_7 +x_5_8 +x_5_9 +x_6_8 +x_8_9 <= 5
x_0_1 +x_0_2 +x_1_2 +x_2_5 -x_3_4 +x_5_9 +x_6_7 +x_7_9 <= 5
x_0_1 +x_0_2 +x_1_2 +x_1_4 -x_3_4 -x_3_6 -x_5_8 -x_5_9 -x_6_7 -x_6_8 -x_8_9 <= 1
x_0_1 +x_0_2 +x_1_2 +x_1_4 -x_3_4 -x_3_6 -x_5_9 -x_6_7 +x_8_9 <= 3
x_0_1 +x_0_2 +x_1_2 +x_1_4 -x_3_4 -x_3_6 -x_6_7 +x_7_9 +x_8_9 <= 4
x_0_1 +x_0_2 +x_1_2 +x_1_4 -x_3_4 -x_5_9 +x_6_7 +x_6_8 -x_7_9 <= 4
x_0_1 +x_0_2 +x_1_2 +x_1_4 -x_3_4 -x_5_9 +x_6_7 +x_6_8 +x_8_9 <= 5
x_0_1 +x_0_2 +x_1_2 +x_1_4 -x_3_6 -x_5_9 -x_6_7 -x_7_9 <= 2
x_0_1 +x_0_2 +x_1_2 +x_1_4 -x_3_6 +x_4_7 -x_5_8 -x_5_9 -x_6_8 -x_8_9 <= 2
x_0_1 +x_0_2 +x_1_2 +x_1_4 -x_3_6 +x_4_7 +x_7_9 +x_8_9 <= 5
x_0_1 +x_0_2 +x_1_2 +x_1_4 +x_4_7 -x_5_9 +x_6_7 +x_6_8 <= 5
x_0_1 +x_0_2 +x_1_2 +x_1_4 +x_2_5 -x_3_4 -x_3_6 +x_5_9 -x_6_7 -x_6_8 -x_8_9 <= 3
x_0_1 +x_0_2 +x_1_2 +x_1_4 +x_2_5 -x_3_4 -x_3_6 +x_5_9 -x_6_7 -x_6_8 +x_7_9 <= 4
x_0_1 +x_0_2 +x_1_2 +x_1_4 +x_2_5 -x_3_4 +x_6_7 -x_7_9 -x_8_9 <= 4
x_0_1 +x_0_2 +x_1_2 +x_1_4 +x_2_5 -x_3_4 +x_5_9 +x_6_7 -x_8_9 <= 5
x_0_1 +x_0_2 +x_1_2 +x_1_4 +x_2_5 -x_3_4 +x_5_8 +x_5_9 +x_6_7 +x_6_8 +x_8_9 <= 7
x_0_1 +x_0_2 +x_1_2 +x_1_4 +x_2_5 -x_3_6 -x_6_7 -x_6_8 -x_7_9 -x_8_9 <= 2
x_0_1 +x_0_2 +x_1_2 +x_1_4 +x_2_5 -x_3_6 +x_5_8 +x_5_9 -x_6_7 +x_8_9 <= 5
x_0_1 +x_0_2 +x_1_2 +x_1_4 +x_2_5 -x_3_6 +x_4_7 +x_5_9 -x_6_8 +x_7_9 <= 5
x_0_1 +x_0_2 +x_1_2 +x_1_4 +x_2_5 +x_4_7 +x_6_7 -x_8_9 <= 5
x_0_1 +x_0_2 +x_1_2 +x_1_4 +x_2_5 +x_4_7 +x_5_8 +x_5_9 +x_6_7 +x_6_8 +x_7_9 +x_8_9 <= 8
x_0_1 +x_0_2 +x_0_3 +x_1_2 +x_1_4 +x_3_4 -x_5_8 -x_5_9 -x_6_7 -x_6_8 -x_7_9 -x_8_9 <= 2
x_0_1 +x_0_2 +x_0_3 +x_1_2 +x_1_4 +x_3_4 -x_6_7 +x_8_9 <= 5
x_0_1 +x_0_2 +x_0_3 +x_1_2 +x_1_4 +x_3_4 +x_3_6 -x_5_9 +x_6_8 -x_7_9 <= 5
x_0_1 +x_0_2 +x_0_3 +x_1_2 +x_1_4 +x_3_4 +x_3_6 -x_5_9 +x_6_7 +x_6_8 +x_8_9 <= 7
x_0_1 +x_0_2 +x_0_3 +x_1_2 +x_1_4 +x_3_4 +x_3_6 +x_4_7 -x_5_8 -x_5_9 +x_6_7 -x_8_9 <= 5
x_0_1 +x_0_2 +x_0_3 +x_1_2 +x_1_4 +x_3_4 +x_3_6 +x_4_7 +x_6_7 +x_6_8 +x_7_9 +x_8_9 <= 8
x_0_1 +x_0_2 +x_0_3 +x_1_2 +x_1_4 +x_2_5 <= 4
x_0_1 +x_0_2 +x_0_3 +x_1_2 +x_1_4 +x_2_5 +x_3_4 +x_5_9 -x_6_7 -x_6_8 <= 5
x_0_1 +x_0_2 +x_0_3 +x_1_2 +x_1_4 +x_2_5 +x_3_4 +x_3_6 -x_7_9 -x_8_9 <= 5
x_0_1 +x_0_2 +x_0_3 +x_1_2 +x_1_4 +x_2_5 +x_3_4 +x_3_6 +x_5_9 +x_6_7 -x_8_9 <= 7
x_0_1 +x_0_2 +x_0_3 +x_1_2 +x_1_4 +x_2_5 +x_3_4 +x_3_6 +x_5_8 +x_5_9 +x_6_8 +x_8_9 <= 8
x_0_1 +x_0_2 +x_0_3 +x_1_2 +x_1_4 +x_2_5 +x_3_4 +x_3_6 +x_4_7 +x_5_9 +x_6_7 +x_7_9 <= 8
-x_0_1 -x_0_2 -x_0_3 -x_1_2 -x_1_4 -x_2_5 -x_3_4 -x_3_6 -x_4_7 -x_6_7 -x_6_8 -x_7_9 <= -4
-x_0_1 -x_0_2 -x_0_3 -x_1_2 -x_1_4 -x_2_5 -x_3_4 -x_3_6 -x_4_7 <= -3
-x_0_1 -x_0_2 -x_0_3 -x_1_2 -x_1_4 -x_2_5 <= -2
-x_0_1 -x_0_2 -x_0_3 -x_1_2 -x_1_4 -x_2_5 -x_3_4 -x_4_7 +x_6_8 -x_7_9 <= -2
-x_0_1 -x_0_2 -x_0_3 -x_1_2 -x_1_4 -x_2_5 -x_3_4 +x_6_7 +x_6_8 +x_7_9 <= 0
-x_0_1 -x_0_2 -x_0_3 -x_1_2 -x_1_4 -x_3_4 -x_3_6 +x_5_9 -x_6_7 -x_6_8 -x_8_9 <= -2
-x_1_4 <= 0
-x_0_1 -x_0_2 -x_1_2 -x_1_4 -x_3_4 -x_4_7 +x_5_8 +x_5_9 -x_6_7 +x_6_8 +x_8_9 <= 1
-x_0_1 -x_0_2 -x_0_3 -x_1_2 -x_2_5 -x_3_6 +x_4_7 <= -1
-x_0_1 -x_0_2 -x_0_3 -x_1_2 -x_1_4 -x_2_5 -x_3_4 -x_3_6 -x_4_7 -x_5_9 -x_6_7 -x_7_9 <= -4
-x_0_1 -x_0_2 -x_0_3 -x_1_2 -x_1_4 -x_2_5 -x_3_4 -x_3_6 -x_5_8 -x_5_9 -x_6_8 -x_8_9 <= -4
-x_0_1 -x_0_2 -x_0_3 -x_1_2 -x_1_4 -x_2_5 -x_3_4 -x_3_6 -x_5_9 -x_6_7 +x_8_9 <= -2
-x_0_1 -x_0_2 -x_0_3 -x_1_2 -x_1_4 -x_2_5 -x_3_4 -x_3_6 -x_6_8 +x_7_9 <= -2
-x_0_1 -x_0_2 -x_0_3 -x_1_2 -x_1_4 -x_2_5 -x_3_4 -x_3_6 +x_7_9 +x_8_9 <= -1
-x_0_1 -x_0_2 -x_0_3 -x_1_2 -x_1_4 -x_2_5 -x_3_4 -x_5_9 +x_6_7 +x_6_8 <= -1
-x_0_1 -x_0_2 -x_0_3 -x_1_2 -x_1_4 -x_3_4 -x_3_6 +x_5_9 -x_6_8 +x_7_9 <= -1
-x_0_1 -x_0_2 -x_1_2 -x_1_4 -x_2_5 -x_3_4 -x_4_7 -x_5_9 -x_6_7 +x_6_8 -x_7_9 <= -2
-x_0_1 -x_0_2 -x_1_2 -x_1_4 -x_2_5 -x_3_4 -x_5_8 -x_5_9 +x_6_7 -x_6_8 -x_8_9 <= -2
-x_0_1 -x_0_2 -x_1_2 -x_1_4 -x_2_5 -x_4_7 -x_5_8 -x_5_9 -x_6_7 -x_6_8 -x_7_9 -x_8_9 <= -4
-x_0_1 -x_0_2 -x_1_2 -x_1_4 -x_2_5 -x_4_7 -x_6_7 +x_8_9 <= -1
-x_0_1 -x_0_2 -x_1_2 -x_1_4 -x_2_5 +x_3_6 -x_4_7 -x_5_9 +x_6_8 -x_7_9 <= -1
-x_0_1 -x_0_2 -x_1_2 -x_1_4 -x_2_5 +x_3_6 -x_4_7 -x_5_9 +x_6_7 +x_6_8 +x_8_9 <= 1
-x_0_1 -x_0_2 -x_1_2 -x_1_4 -x_2_5 +x_3_6 -x_4_7 <= -1
-x_0_1 -x_0_2 -x_1_2 -x_1_4 -x_2_5 +x_3_6 -x_5_8 -x_5_9 +x_6_7 -x_8_9 <= -1
-x_0_1 -x_0_2 -x_1_2 -x_1_4 -x_2_5 +x_3_6 +x_6_7 +x_6_8 +x_7_9 +x_8_9 <= 2
-x_0_1 -x_0_2 -x_1_2 -x_1_4 -x_2_5 +x_3_4 -x_5_8 -x_5_9 -x_6_7 -x_6_8 -x_8_9 <= -2
-x_0_1 -x_0_2 -x_1_2 -x_1_4 -x_2_5 +x_3_4 -x_5_9 -x_6_7 +x_8_9 <= 0
-x_0_1 -x_0_2 -x_1_2 -x_1_4 -x_2_5 +x_3_4 -x_6_7 +x_7_9 +x_8_9 <= 1
-x_0_1 -x_0_2 -x_1_2 -x_1_4 -x_2_5 +x_3_4 +x_3_6 -x_5_9 +x_6_7 +x_6_8 -x_7_9 <= 1
-x_0_1 -x_0_2 -x_1_2 -x_1_4 -x_2_5 +x_3_4 +x_3_6 -x_5_9 +x_6_7 +x_6_8 +x_8_9 <= 2
-x_0_1 -x_0_2 -x_1_2 -x_1_4 -x_3_4 +x_5_9 +x_6_7 -x_6_8 +x_7_9 <= 1
-x_0_1 -x_0_2 -x_1_2 -x_1_4 -x_4_7 +x_5_9 -x_6_7 -x_6_8 <= -1
-x_0_1 -x_0_2 -x_1_2 -x_1_4 +x_3_6 -x_4_7 -x_7_9 -x_8_9 <= -1
-x_0_1 -x_0_2 -x_1_2 -x_1_4 +x_3_6 -x_4_7 +x_5_9 +x_6_7 -x_8_9 <= 1
-x_0_1 -x_0_2 -x_1_2 -x_1_4 +x_3_6 -x_4_7 +x_5_8 +x_5_9 +x_6_8 +x_8_9 <= 2
-x_0_1 -x_0_2 -x_1_2 -x_1_4 +x_3_6 +x_5_9 +x_6_7 +x_7_9 <= 2
-x_0_1 -x_0_2 -x_1_2 -x_1_4 +x_3_4 +x_5_9 -x_6_7 -x_6_8 -x_8_9 <= 0
-x_0_1 -x_0_2 -x_1_2 -x_1_4 +x_3_4 +x_5_9 -x_6_7 -x_6_8 +x_7_9 <= 1
-x_0_1 -x_0_2 -x_1_2 -x_1_4 +x_3_4 +x_3_6 +x_6_7 -x_7_9 -x_8_9 <= 1
-x_0_1 -x_0_2 -x_1_2 -x_1_4 +x_3_4 +x_3_6 +x_5_9 +x_6_7 -x_8_9 <= 2
-x_0_1 -x_0_2 -x_1_2 -x_1_4 +x_3_4 +x_3_6 +x_5_8 +x_5_9 +x_6_7 +x_6_8 +x_8_9 <= 4
-x_0_1 -x_0_2 -x_1_2 -x_2_5 +x_3_4 -x_5_9 -x_6_7 -x_7_9 <= -1
-x_0_1 -x_0_2 -x_1_2 -x_2_5 +x_3_4 -x_6_7 -x_6_8 -x_7_9 <= -1
-x_0_1 -x_0_2 -x_1_2 -x_2_5 +x_3_4 +x_4_7 -x_5_8 -x_5_9 -x_6_8 -x_8_9 <= -1
-x_0_1 -x_0_2 -x_1_2 -x_2_5 +x_3_4 +x_4_7 -x_5_9 -x_6_7 +x_8_9 <= 1
-x_0_1 -x_0_2 -x_1_2 -x_2_5 +x_3_4 +x_4_7 -x_6_8 +x_7_9 <= 1
-x_0_1 -x_0_2 -x_1_2 -x_2_5 +x_3_4 +x_4_7 +x_7_9 +x_8_9 <= 2
-x_0_1 -x_0_2 -x_1_2 -x_2_5 +x_3_4 +x_3_6 +x_6_8 -x_7_9 <= 1
-x_0_1 -x_0_2 -x_1_2 -x_2_5 +x_3_4 +x_3_6 +x_4_7 -x_5_9 +x_6_7 +x_6_8 <= 2
-x_0_1 -x_0_2 -x_1_2 -x_2_5 +x_3_4 +x_3_6 +x_4_7 <= 1
-x_0_1 -x_0_2 -x_1_2 -x_2_5 +x_3_4 +x_3_6 +x_4_7 +x_6_7 +x_6_8 +x_7_9 <= 3
-x_0_1 -x_0_2 -x_1_2 +x_3_4 +x_4_7 +x_5_9 -x_6_7 -x_6_8 -x_8_9 <= 1
-x_0_1 -x_0_2 -x_1_2 +x_3_4 +x_4_7 +x_5_9 -x_6_8 +x_7_9 <= 2
-x_0_1 -x_0_3 -x_1_4 -x_3_4 -x_3_6 -x_4_7 -x_5_8 -x_5_9 -x_6_7 -x_6_8 -x_7_9 -x_8_9 <= -4
-x_0_1 -x_0_3 -x_1_4 -x_3_4 -x_3_6 -x_4_7 -x_6_7 +x_8_9 <= -1
-x_0_1 -x_0_3 -x_1_4 -x_3_4 -x_3_6 -x_5_8 -x_6_8 +x_7_9 <= -1
-x_0_1 -x_0_3 -x_1_4 -x_3_4 -x_3_6 -x_5_8 +x_6_7 +x_7_9 +x_8_9 <= 1
-x_0_1 -x_0_3 -x_1_4 -x_3_4 -x_4_7 -x_5_9 +x_6_8 -x_7_9 <= -1
-x_0_1 -x_0_3 -x_1_4 -x_3_4 -x_4_7 -x_5_9 +x_6_7 +x_6_8 +x_8_9 <= 1
-x_0_1 -x_0_3 -x_1_4 -x_3_4 -x_5_8 -x_5_9 +x_6_7 -x_8_9 <= -1
-x_0_1 -x_0_3 -x_1_4 -x_3_4 +x_6_7 +x_6_8 +x_7_9 +x_8_9 <= 2
-x_0_1 -x_0_3 -x_1_4 +x_2_5 -x_3_4 -x_3_6 -x_4_7 -x_6_7 -x_6_8 -x_7_9 <= -2
-x_0_1 -x_0_3 -x_1_4 +x_2_5 -x_3_4 -x_3_6 -x_4_7 <= -1
-x_0_1 -x_0_3 -x_1_4 +x_2_5 -x_3_4 -x_3_6 -x_4_7 +x_5_9 -x_6_7 -x_6_8 <= -1
-x_0_1 -x_0_3 -x_1_4 +x_2_5 -x_3_4 -x_3_6 -x_4_7 +x_5_8 -x_6_7 -x_7_9 <= -1
-x_0_1 -x_0_3 -x_1_4 +x_2_5 -x_3_4 -x_3_6 -x_6_8 -x_8_9 <= -1
-x_0_1 -x_0_3 -x_1_4 +x_2_5 -x_3_4 -x_3_6 -x_6_8 +x_7_9 <= 0
-x_0_1 -x_0_3 -x_1_4 +x_2_5 -x_3_4 -x_3_6 +x_5_8 +x_6_7 -x_8_9 <= 1
-x_0_1 -x_0_3 -x_1_4 +x_2_5 -x_3_4 -x_3_6 +x_5_8 +x_5_9 +x_7_9 +x_8_9 <= 2
-x_0_1 -x_0_3 -x_1_4 +x_2_5 -x_3_4 -x_4_7 -x_7_9 -x_8_9 <= -1
-x_0_1 -x_0_3 -x_1_4 +x_2_5 -x_3_4 -x_4_7 +x_6_8 -x_7_9 <= 0
-x_0_1 -x_0_3 -x_1_4 +x_2_5 -x_3_4 -x_4_7 +x_5_9 +x_6_7 -x_8_9 <= 1
-x_0_1 -x_0_3 -x_1_4 +x_2_5 -x_3_4 -x_4_7 +x_5_8 +x_5_9 +x_6_8 +x_8_9 <= 2
-x_0_1 -x_0_3 -x_1_4 +x_2_5 -x_3_4 +x_6_7 +x_6_8 +x_7_9 <= 2
-x_0_1 -x_0_3 -x_1_4 +x_2_5 -x_3_4 +x_5_9 +x_6_7 +x_7_9 <= 2
-x_0_1 -x_0_3 -x_1_4 +x_2_5 -x_3_4 +x_5_8 +x_6_7 +x_6_8 <= 2
-x_0_1 -x_0_3 -x_1_4 +x_2_5 <= 0
-x_0_1 -x_0_3 -x_3_6 -x_5_9 -x_6_7 -x_7_9 <= -1
-x_0_1 -x_0_3 -x_3_6 +x_4_7 -x_5_8 -x_5_9 -x_6_8 -x_8_9 <= -1
-x_0_1 -x_0_3 -x_3_6 +x_4_7 -x_5_9 -x_6_7 +x_8_9 <= 1
-x_0_1 -x_0_3 -x_3_6 +x_4_7 +x_7_9 +x_8_9 <= 2
-x_0_1 -x_0_3 +x_4_7 -x_5_9 +x_6_7 +x_6_8 <= 2
-x_0_1 -x_0_3 +x_3_4 -x_5_9 -x_6_7 +x_6_8 -x_7_9 <= 1
-x_0_1 -x_0_3 +x_3_4 +x_4_7 -x_5_8 -x_5_9 +x_6_7 -x_6_8 -x_8_9 <= 1
-x_0_1 -x_0_3 +x_2_5 -x_3_6 -x_6_7 -x_6_8 -x_7_9 -x_8_9 <= -1
-x_0_1 -x_0_3 +x_2_5 -x_3_6 +x_5_8 +x_5_9 -x_6_7 +x_8_9 <= 2
-x_0_1 -x_0_3 +x_2_5 -x_3_6 +x_4_7 <= 1
-x_0_1 -x_0_3 +x_2_5 -x_3_6 +x_4_7 +x_5_9 -x_6_7 -x_6_8 -x_8_9 <= 1
-x_0_1 -x_0_3 +x_2_5 -x_3_6 +x_4_7 +x_5_9 -x_6_8 +x_7_9 <= 2
-x_0_1 -x_0_3 +x_2_5 +x_4_7 +x_6_7 -x_8_9 <= 2
-x_0_1 -x_0_3 +x_2_5 +x_4_7 +x_5_8 +x_5_9 +x_6_7 +x_6_8 +x_7_9 +x_8_9 <= 5
-x_0_1 -x_0_3 +x_2_5 +x_3_4 +x_5_8 +x_5_9 -x_6_7 +x_6_8 +x_8_9 <= 4
-x_0_1 -x_0_3 +x_2_5 +x_3_4 +x_4_7 +x_5_9 +x_6_7 -x_6_8 +x_7_9 <= 4
-x_0_1 -x_0_3 +x_1_2 -x_3_4 -x_3_6 -x_5_8 -x_5_9 -x_6_7 -x_6_8 -x_7_9 -x_8_9 <= -2
-x_0_1 -x_0_3 +x_1_2 -x_3_4 -x_3_6 -x_5_8 -x_6_7 -x_6_8 +x_7_9 <= 0
-x_0_1 -x_0_3 +x_1_2 -x_3_4 -x_3_6 +x_4_7 -x_5_8 -x_6_8 +x_7_9 <= 1
-x_0_1 -x_0_3 +x_1_2 -x_3_4 -x_5_8 -x_5_9 +x_6_7 -x_7_9 -x_8_9 <= 0
-x_0_1 -x_0_3 +x_1_2 -x_3_4 +x_4_7 -x_5_8 -x_5_9 +x_6_7 -x_8_9 <= 1
-x_0_1 -x_0_3 +x_1_2 -x_3_4 +x_4_7 +x_6_7 +x_6_8 +x_7_9 +x_8_9 <= 4
-x_0_1 -x_0_3 +x_1_2 +x_2_5 -x_3_4 -x_3_6 +x_5_8 -x_6_7 -x_7_9 <= 1
-x_0_1 -x_0_3 +x_1_2 +x_2_5 -x_3_4 -x_3_6 +x_5_8 +x_5_9 -x_6_7 +x_7_9 +x_8_9 <= 3
-x_0_1 -x_0_3 +x_1_2 +x_2_5 -x_3_4 -x_3_6 +x_4_7 -x_6_8 -x_8_9 <= 1
-x_0_1 -x_0_3 +x_1_2 +x_2_5 -x_3_4 -x_3_6 +x_4_7 +x_5_8 +x_5_9 +x_7_9 +x_8_9 <= 4
-x_0_1 -x_0_3 +x_1_2 +x_2_5 -x_3_4 +x_5_8 +x_6_7 +x_6_8 -x_7_9 <= 3
-x_0_1 -x_0_3 +x_1_2 +x_2_5 -x_3_4 +x_4_7 +x_5_8 +x_6_7 +x_6_8 <= 4
-x_0_1 -x_1_4 -x_4_7 -x_5_8 -x_6_7 -x_6_8 <= -1
-x_0_1 -x_1_4 +x_3_6 -x_4_7 -x_5_8 -x_5_9 -x_7_9 -x_8_9 <= -1
-x_0_1 -x_1_4 +x_3_6 -x_4_7 -x_5_8 -x_6_7 +x_8_9 <= 1
-x_0_1 -x_1_4 +x_3_6 -x_4_7 +x_6_8 +x_8_9 <= 2
-x_0_1 -x_1_4 +x_3_6 -x_5_8 +x_6_7 +x_7_9 <= 2
-x_0_1 -x_1_4 +x_3_4 -x_5_8 -x_6_7 -x_6_8 +x_7_9 <= 1
-x_0_1 -x_1_4 +x_3_4 +x_3_6 -x_5_8 -x_5_9 +x_6_7 -x_7_9 -x_8_9 <= 1
-x_0_1 -x_1_4 +x_2_5 -x_4_7 -x_6_7 -x_6_8 -x_7_9 -x_8_9 <= -1
-x_0_1 -x_1_4 +x_2_5 -x_4_7 +x_5_8 +x_5_9 -x_6_7 +x_8_9 <= 2
-x_0_1 -x_1_4 +x_2_5 +x_3_6 -x_4_7 <= 1
-x_0_1 -x_1_4 +x_2_5 +x_3_6 -x_4_7 +x_5_8 -x_6_7 -x_7_9 -x_8_9 <= 1
-x_0_1 -x_1_4 +x_2_5 +x_3_6 -x_4_7 +x_5_8 +x_6_8 -x_7_9 <= 2
-x_0_1 -x_1_4 +x_2_5 +x_3_6 +x_6_7 -x_8_9 <= 2
-x_0_1 -x_1_4 +x_2_5 +x_3_6 +x_5_8 +x_5_9 +x_6_7 +x_6_8 +x_7_9 +x_8_9 <= 5
-x_0_1 -x_1_4 +x_2_5 +x_3_4 +x_5_8 +x_5_9 -x_6_7 +x_7_9 +x_8_9 <= 4
-x_0_1 -x_1_4 +x_2_5 +x_3_4 +x_3_6 +x_5_8 +x_6_7 +x_6_8 -x_7_9 <= 4
-x_0_1 +x_3_4 -x_5_8 -x_5_9 -x_6_7 -x_6_8 -x_7_9 -x_8_9 <= -1
-x_0_1 +x_3_4 +x_4_7 -x_5_8 -x_6_8 +x_7_9 <= 2
-x_0_1 +x_3_4 +x_3_6 -x_5_9 +x_6_8 -x_7_9 <= 2
-x_0_1 +x_3_4 +x_3_6 +x_4_7 -x_5_8 -x_5_9 +x_6_7 -x_8_9 <= 2
-x_0_1 +x_3_4 +x_3_6 +x_4_7 +x_6_7 +x_6_8 +x_7_9 +x_8_9 <= 5
-x_0_1 +x_2_5 +x_3_4 -x_6_7 -x_6_8 -x_7_9 <= 1
-x_0_1 +x_2_5 +x_3_4 +x_5_9 -x_6_7 -x_6_8 <= 2
-x_0_1 +x_2_5 +x_3_4 +x_5_8 -x_6_7 -x_7_9 <= 2
-x_0_1 +x_2_5 +x_3_4 +x_4_7 -x_6_8 -x_8_9 <= 2
-x_0_1 +x_2_5 +x_3_4 +x_4_7 -x_6_8 +x_7_9 <= 3
-x_0_1 +x_2_5 +x_3_4 +x_4_7 +x_5_8 +x_5_9 +x_7_9 +x_8_9 <= 5
-x_0_1 +x_2_5 +x_3_4 +x_3_6 -x_7_9 -x_8_9 <= 2
-x_0_1 +x_2_5 +x_3_4 +x_3_6 +x_6_8 -x_7_9 <= 3
-x_0_1 +x_2_5 +x_3_4 +x_3_6 +x_5_8 +x_5_9 +x_6_8 +x_8_9 <= 5
-x_0_1 +x_2_5 +x_3_4 +x_3_6 +x_4_7 <= 3
-x_0_1 +x_2_5 +x_3_4 +x_3_6 +x_4_7 +x_6_7 +x_6_8 +x_7_9 <= 5
-x_0_1 +x_2_5 +x_3_4 +x_3_6 +x_4_7 +x_5_9 +x_6_7 +x_7_9 <= 5
-x_0_1 +x_2_5 +x_3_4 +x_3_6 +x_4_7 +x_5_8 +x_6_7 +x_6_8 <= 5
-x_0_1 +x_1_2 +x_3_4 -x_4_7 -x_5_8 -x_6_7 -x_6_8 <= 1
-x_0_1 +x_1_2 +x_3_4 -x_5_8 -x_6_7 -x_6_8 +x_7_9 <= 2
-x_0_1 +x_1_2 +x_3_4 +x_3_6 -x_4_7 -x_5_8 -x_5_9 -x_7_9 -x_8_9 <= 1
-x_0_1 +x_1_2 +x_3_4 +x_3_6 -x_4_7 +x_6_8 +x_8_9 <= 4
-x_0_1 +x_1_2 +x_3_4 +x_3_6 -x_5_8 -x_5_9 +x_6_7 -x_7_9 -x_8_9 <= 2
-x_0_1 +x_1_2 +x_3_4 +x_3_6 -x_5_8 +x_6_7 +x_7_9 <= 4
-x_0_1 +x_1_2 +x_2_5 +x_3_4 -x_4_7 -x_6_7 -x_6_8 -x_7_9 -x_8_9 <= 1
-x_0_1 +x_1_2 +x_2_5 +x_3_4 -x_4_7 +x_5_8 +x_5_9 -x_6_7 +x_8_9 <= 4
-x_0_1 +x_1_2 +x_2_5 +x_3_4 +x_5_8 +x_5_9 -x_6_7 +x_7_9 +x_8_9 <= 5
-x_0_1 +x_1_2 +x_2_5 +x_3_4 +x_3_6 -x_4_7 +x_5_8 +x_6_8 -x_7_9 <= 4
-x_0_1 +x_1_2 +x_2_5 +x_3_4 +x_3_6 +x_5_8 +x_6_7 +x_6_8 -x_7_9 <= 5
-x_0_1 +x_1_2 +x_2_5 +x_3_4 +x_3_6 +x_5_8 +x_5_9 +x_6_7 +x_6_8 +x_7_9 +x_8_9 <= 7
-x_0_2 -x_0_3 -x_2_5 -x_3_4 -x_4_7 -x_5_9 +x_6_7 +x_6_8 +x_8_9 <= 1
-x_0_2 -x_0_3 -x_3_4 -x_4_7 +x_5_9 +x_6_7 -x_8_9 <= 1
-x_0_2 -x_0_3 +x_1_4 -x_2_5 -x_3_6 +x_4_7 -x_5_9 -x_6_7 +x_8_9 <= 1
-x_0_2 -x_0_3 +x_1_4 -x_2_5 +x_3_4 -x_5_9 -x_6_7 +x_6_8 -x_7_9 <= 1
-x_0_2 -x_0_3 +x_1_4 -x_2_5 +x_3_4 +x_4_7 -x_5_8 -x_5_9 +x_6_7 -x_6_8 -x_8_9 <= 1
-x_0_2 -x_0_3 +x_1_4 -x_3_6 +x_4_7 +x_5_9 -x_6_7 -x_6_8 -x_8_9 <= 1
-x_0_2 -x_0_3 +x_1_4 +x_3_4 +x_5_8 +x_5_9 -x_6_7 +x_6_8 +x_8_9 <= 4
-x_0_2 -x_0_3 +x_1_4 +x_3_4 +x_4_7 +x_5_9 +x_6_7 -x_6_8 +x_7_9 <= 4
-x_0_3 -x_1_4 -x_2_5 -x_3_4 -x_3_6 -x_4_7 -x_5_8 -x_5_9 -x_6_7 -x_6_8 -x_7_9 -x_8_9 <= -4
-x_0_3 -x_1_4 -x_2_5 -x_3_4 -x_3_6 -x_4_7 -x_6_7 +x_8_9 <= -1
-x_0_3 -x_1_4 -x_2_5 -x_3_4 -x_5_8 -x_5_9 +x_6_7 -x_8_9 <= -1
-x_0_3 -x_1_4 -x_2_5 -x_3_4 +x_6_7 +x_6_8 +x_7_9 +x_8_9 <= 2
-x_0_3 +x_1_2 -x_3_4 -x_4_7 -x_5_8 -x_6_7 +x_8_9 <= 1
-x_0_3 +x_1_2 +x_2_5 -x_3_4 -x_4_7 +x_5_8 -x_6_7 -x_7_9 -x_8_9 <= 1
-x_0_3 +x_1_2 +x_2_5 -x_3_4 +x_6_7 -x_8_9 <= 2
-x_0_3 +x_1_2 +x_1_4 +x_3_4 -x_5_8 -x_5_9 -x_6_7 -x_7_9 -x_8_9 <= 1
-x_0_3 +x_1_2 +x_1_4 +x_3_4 -x_5_8 -x_6_7 +x_8_9 <= 3
-x_0_3 +x_1_2 +x_1_4 +x_3_4 -x_6_7 +x_6_8 +x_8_9 <= 4
-x_0_3 +x_1_2 +x_1_4 +x_3_4 +x_4_7 -x_5_8 +x_6_7 -x_6_8 +x_7_9 <= 4
-x_0_3 +x_1_2 +x_1_4 +x_3_4 +x_4_7 -x_5_8 +x_6_7 +x_7_9 +x_8_9 <= 5
-x_0_3 +x_1_2 +x_1_4 +x_2_5 +x_3_4 +x_5_8 -x_6_7 -x_7_9 -x_8_9 <= 3
-x_0_3 +x_1_2 +x_1_4 +x_2_5 +x_3_4 +x_5_8 -x_6_7 +x_6_8 -x_7_9 <= 4
-x_0_3 +x_1_2 +x_1_4 +x_2_5 +x_3_4 +x_4_7 +x_6_7 -x_6_8 -x_8_9 <= 4
-x_0_3 +x_1_2 +x_1_4 +x_2_5 +x_3_4 +x_4_7 +x_5_8 +x_6_7 -x_8_9 <= 5
-x_0_3 +x_1_2 +x_1_4 +x_2_5 +x_3_4 +x_4_7 +x_5_8 +x_5_9 +x_6_7 +x_7_9 +x_8_9 <= 7
x_1_2 <= 1
-x_0_1 +x_0_2 -x_1_4 -x_3_4 +x_3_6 -x_4_7 -x_5_9 +x_6_8 -x_7_9 <= 1
-x_0_1 +x_0_2 -x_1_4 -x_3_4 +x_3_6 +x_6_7 +x_6_8 +x_7_9 +x_8_9 <= 4
-x_0_1 +x_0_2 -x_1_4 +x_2_5 -x_3_4 +x_3_6 -x_4_7 +x_5_8 +x_5_9 +x_6_8 +x_8_9 <= 4
-x_0_1 +x_0_2 +x_3_4 -x_3_6 -x_5_9 -x_6_7 -x_7_9 <= 1
-x_0_1 +x_0_2 +x_3_4 -x_3_6 +x_4_7 +x_7_9 +x_8_9 <= 4
-x_0_1 +x_0_2 +x_2_5 +x_3_4 -x_3_6 +x_5_8 +x_5_9 -x_6_7 +x_8_9 <= 4
x_0_3 -x_1_2 -x_1_4 -x_2_5 <= 0
x_0_3 -x_1_4 -x_2_5 -x_4_7 -x_6_7 +x_8_9 <= 1
x_0_3 -x_1_4 -x_2_5 +x_3_6 +x_6_7 +x_6_8 +x_7_9 +x_8_9 <= 4
x_0_3 -x_1_4 +x_2_5 -x_4_7 +x_5_8 +x_5_9 -x_6_7 +x_8_9 <= 3
x_0_3 -x_1_4 +x_2_5 +x_3_6 +x_5_8 +x_5_9 +x_6_7 +x_6_8 +x_7_9 +x_8_9 <= 6
x_0_2 -x_1_4 -x_3_4 -x_3_6 -x_4_7 -x_5_9 -x_6_7 -x_7_9 <= -1
x_0_2 -x_1_4 -x_3_4 -x_3_6 -x_5_9 -x_6_7 +x_8_9 <= 1
x_0_2 -x_1_4 -x_3_4 -x_3_6 +x_7_9 +x_8_9 <= 2
x_0_2 -x_1_4 -x_3_4 -x_5_9 +x_6_7 +x_6_8 <= 2
x_0_2 +x_0_3 -x_1_4 -x_4_7 -x_6_7 +x_8_9 <= 2
x_0_2 +x_0_3 -x_1_4 +x_3_6 -x_4_7 -x_5_9 +x_6_8 -x_7_9 <= 2
x_0_2 +x_0_3 -x_1_4 +x_3_6 -x_4_7 -x_5_9 +x_6_7 +x_6_8 +x_8_9 <= 4
x_0_2 +x_0_3 -x_1_4 +x_3_6 +x_6_7 +x_6_8 +x_7_9 +x_8_9 <= 5
x_0_2 +x_0_3 -x_1_4 +x_3_4 -x_5_9 -x_6_7 +x_8_9 <= 3
x_0_2 +x_0_3 -x_1_4 +x_3_4 +x_3_6 -x_5_9 +x_6_7 +x_6_8 +x_8_9 <= 5
x_0_2 +x_0_3 -x_1_4 +x_2_5 <= 2
x_0_2 +x_0_3 -x_1_4 +x_2_5 +x_3_6 -x_4_7 +x_5_8 +x_5_9 +x_6_8 +x_8_9 <= 5
x_0_2 +x_0_3 -x_1_4 +x_2_5 +x_3_4 +x_3_6 +x_5_8 +x_5_9 +x_6_7 +x_6_8 +x_8_9 <= 7
x_0_2 +x_0_3 +x_3_4 -x_5_9 -x_6_7 -x_7_9 <= 2
x_0_2 +x_0_3 +x_3_4 +x_4_7 -x_5_9 -x_6_7 +x_8_9 <= 4
x_0_2 +x_0_3 +x_3_4 +x_4_7 +x_7_9 +x_8_9 <= 5
x_0_2 +x_0_3 +x_3_4 +x_3_6 +x_4_7 -x_5_9 +x_6_7 +x_6_8 <= 5
x_0_1 -x_0_2 -x_2_5 -x_3_4 +x_3_6 -x_4_7 -x_5_9 +x_6_8 -x_7_9 <= 1
x_0_1 -x_0_2 -x_2_5 -x_3_4 +x_3_6 +x_6_7 +x_6_8 +x_7_9 +x_8_9 <= 4
x_0_1 -x_0_2 -x_3_4 +x_3_6 -x_4_7 +x_5_8 +x_5_9 +x_6_8 +x_8_9 <= 4
x_0_1 -x_0_2 +x_1_4 -x_2_5 +x_3_4 -x_3_6 -x_5_9 -x_6_7 -x_7_9 <= 1
x_0_1 -x_0_2 +x_1_4 -x_2_5 +x_3_4 -x_3_6 +x_4_7 +x_7_9 +x_8_9 <= 4
x_0_1 -x_0_2 +x_1_4 +x_3_4 -x_3_6 +x_5_8 +x_5_9 -x_6_7 +x_8_9 <= 4
x_0_1 -x_2_5 -x_3_4 -x_3_6 -x_4_7 -x_5_9 -x_6_7 -x_7_9 <= -1
x_0_1 -x_2_5 -x_3_4 -x_3_6 -x_4_7 -x_6_7 -x_6_8 -x_7_9 <= -1
x_0_1 -x_2_5 -x_3_4 -x_3_6 -x_4_7 <= 0
x_0_1 -x_2_5 -x_3_4 -x_3_6 +x_7_9 +x_8_9 <= 2
x_0_1 +x_1_4 -x_2_5 -x_3_6 +x_4_7 <= 2
x_0_1 +x_0_3 -x_2_5 -x_4_7 -x_6_7 +x_8_9 <= 2
x_0_1 +x_0_3 -x_2_5 +x_3_6 -x_4_7 -x_5_9 +x_6_8 -x_7_9 <= 2
x_0_1 +x_0_3 -x_2_5 +x_3_6 -x_4_7 -x_5_9 +x_6_7 +x_6_8 +x_8_9 <= 4
x_0_1 +x_0_3 -x_2_5 +x_3_6 -x_4_7 <= 2
x_0_1 +x_0_3 -x_2_5 +x_3_6 +x_6_7 +x_6_8 +x_7_9 +x_8_9 <= 5
x_0_1 +x_0_3 +x_3_6 -x_4_7 +x_5_8 +x_5_9 +x_6_8 +x_8_9 <= 5
x_0_1 +x_0_3 +x_1_4 -x_2_5 +x_3_4 -x_5_9 -x_6_7 -x_7_9 <= 2
x_0_1 +x_0_3 +x_1_4 -x_2_5 +x_3_4 -x_6_7 -x_6_8 -x_7_9 <= 2
x_0_1 +x_0_3 +x_1_4 -x_2_5 +x_3_4 +x_4_7 -x_5_9 -x_6_7 +x_8_9 <= 4
x_0_1 +x_0_3 +x_1_4 -x_2_5 +x_3_4 +x_4_7 +x_7_9 +x_8_9 <= 5
x_0_1 +x_0_3 +x_1_4 -x_2_5 +x_3_4 +x_3_6 +x_4_7 -x_5_9 +x_6_7 +x_6_8 <= 5
x_0_1 +x_0_3 +x_1_4 -x_2_5 +x_3_4 +x_3_6 +x_4_7 <= 4
x_0_1 +x_0_2 +x_1_2 -x_3_4 -x_3_6 -x_5_8 -x_6_8 +x_7_9 <= 2
x_0_1 +x_0_2 +x_1_2 -x_3_4 -x_3_6 -x_5_8 +x_6_7 +x_7_9 +x_8_9 <= 4
x_0_1 +x_0_2 +x_1_2 -x_3_4 -x_4_7 -x_5_9 +x_6_7 +x_6_8 +x_8_9 <= 4
x_0_1 +x_0_2 +x_1_2 +x_2_5 -x_3_4 -x_3_6 -x_4_7 -x_6_7 -x_6_8 -x_7_9 <= 1
x_0_1 +x_0_2 +x_1_2 +x_2_5 -x_3_4 -x_3_6 -x_4_7 <= 2
x_0_1 +x_0_2 +x_1_2 +x_2_5 -x_3_4 -x_3_6 -x_6_8 +x_7_9 <= 3
x_0_1 +x_0_2 +x_1_2 +x_2_5 -x_3_4 -x_3_6 +x_5_8 +x_5_9 +x_7_9 +x_8_9 <= 5
x_0_1 +x_0_2 +x_1_2 +x_2_5 -x_3_4 -x_4_7 +x_6_8 -x_7_9 <= 3
x_0_1 +x_0_2 +x_1_2 +x_1_4 -x_3_6 +x_4_7 -x_5_9 -x_6_7 +x_8_9 <= 4
x_0_1 +x_0_2 +x_1_2 +x_1_4 +x_2_5 -x_3_6 +x_4_7 <= 4
x_0_1 +x_0_2 +x_0_3 +x_1_2 -x_3_4 -x_4_7 -x_5_8 -x_6_7 +x_8_9 <= 3
x_0_1 +x_0_2 +x_0_3 +x_1_2 -x_3_4 -x_5_8 +x_6_7 +x_7_9 +x_8_9 <= 5
x_0_1 +x_0_2 +x_0_3 +x_1_2 -x_4_7 -x_5_8 -x_6_7 -x_6_8 <= 2
x_0_1 +x_0_2 +x_0_3 +x_1_2 +x_3_6 -x_4_7 -x_5_8 -x_6_7 +x_8_9 <= 4
x_0_1 +x_0_2 +x_0_3 +x_1_2 +x_3_6 -x_4_7 +x_6_8 +x_8_9 <= 5
x_0_1 +x_0_2 +x_0_3 +x_1_2 +x_3_6 -x_5_8 +x_6_7 +x_7_9 <= 5
x_0_1 +x_0_2 +x_0_3 +x_1_2 +x_2_5 -x_3_4 +x_5_8 +x_5_9 +x_6_7 +x_7_9 +x_8_9 <= 7
x_0_1 +x_0_2 +x_0_3 +x_1_2 +x_2_5 -x_4_7 +x_5_8 +x_5_9 -x_6_7 +x_8_9 <= 5
x_0_1 +x_0_2 +x_0_3 +x_1_2 +x_2_5 +x_3_6 -x_4_7 <= 4
x_0_1 +x_0_2 +x_0_3 +x_1_2 +x_2_5 +x_3_6 +x_5_8 +x_5_9 +x_6_7 +x_6_8 +x_7_9 +x_8_9 <= 8
x_0_1 +x_0_2 +x_0_3 +x_1_2 +x_1_4 +x_3_4 +x_4_7 -x_5_8 -x_6_8 +x_7_9 <= 5
x_0_1 +x_0_2 +x_0_3 +x_1_2 +x_1_4 +x_3_4 +x_4_7 -x_5_8 +x_6_7 +x_7_9 +x_8_9 <= 7
x_0_1 +x_0_2 +x_0_3 +x_1_2 +x_1_4 +x_2_5 +x_3_4 -x_6_7 -x_6_8 -x_7_9 <= 4
x_0_1 +x_0_2 +x_0_3 +x_1_2 +x_1_4 +x_2_5 +x_3_4 +x_4_7 -x_6_8 +x_7_9 <= 6
x_0_1 +x_0_2 +x_0_3 +x_1_2 +x_1_4 +x_2_5 +x_3_4 +x_4_7 +x_5_8 +x_5_9 +x_7_9 +x_8_9 <= 8
x_0_1 +x_0_2 +x_0_3 +x_1_2 +x_1_4 +x_2_5 +x_3_4 +x_3_6 +x_6_8 -x_7_9 <= 6
x_0_1 +x_0_2 +x_0_3 +x_1_2 +x_1_4 +x_2_5 +x_3_4 +x_3_6 +x_4_7 <= 6
-x_0_1 +x_0_2 -x_1_4 -x_3_4 -x_4_7 -x_5_8 -x_5_9 -x_6_7 -x_6_8 -x_7_9 -x_8_9 <= -2
-x_0_1 +x_0_2 -x_1_4 -x_3_4 -x_4_7 -x_5_9 -x_6_7 +x_6_8 -x_7_9 <= 0
-x_0_1 +x_0_2 -x_1_4 -x_3_4 -x_5_8 -x_5_9 +x_6_7 -x_6_8 -x_8_9 <= 0
-x_0_1 +x_0_2 -x_1_4 -x_3_4 +x_3_6 -x_5_8 -x_5_9 +x_6_7 -x_8_9 <= 1
-x_0_1 +x_0_2 -x_1_4 +x_2_5 -x_3_4 -x_4_7 +x_5_9 -x_6_7 -x_6_8 <= 1
-x_0_1 +x_0_2 -x_1_4 +x_2_5 -x_3_4 -x_4_7 +x_5_8 +x_5_9 -x_6_7 +x_6_8 +x_8_9 <= 3
-x_0_1 +x_0_2 -x_1_4 +x_2_5 -x_3_4 +x_5_9 +x_6_7 -x_6_8 +x_7_9 <= 3
-x_0_1 +x_0_2 -x_1_4 +x_2_5 -x_3_4 +x_3_6 -x_4_7 -x_7_9 -x_8_9 <= 1
-x_0_1 +x_0_2 -x_1_4 +x_2_5 -x_3_4 +x_3_6 +x_5_9 +x_6_7 +x_7_9 <= 4
-x_0_1 +x_0_2 +x_3_4 -x_3_6 +x_4_7 -x_5_8 -x_5_9 -x_6_8 -x_8_9 <= 1
-x_0_1 +x_0_2 +x_3_4 -x_5_9 -x_6_7 +x_6_8 -x_7_9 <= 2
-x_0_1 +x_0_2 +x_3_4 +x_4_7 -x_5_8 -x_5_9 +x_6_7 -x_6_8 -x_8_9 <= 2
-x_0_1 +x_0_2 +x_3_4 +x_4_7 -x_5_9 +x_6_7 +x_6_8 <= 4
-x_0_1 +x_0_2 +x_2_5 +x_3_4 -x_3_6 -x_6_7 -x_6_8 -x_7_9 -x_8_9 <= 1
-x_0_1 +x_0_2 +x_2_5 +x_3_4 -x_3_6 +x_4_7 +x_5_9 -x_6_8 +x_7_9 <= 4
-x_0_1 +x_0_2 +x_2_5 +x_3_4 +x_5_8 +x_5_9 -x_6_7 +x_6_8 +x_8_9 <= 5
-x_0_1 +x_0_2 +x_2_5 +x_3_4 +x_4_7 +x_5_9 +x_6_7 -x_6_8 +x_7_9 <= 5
-x_0_1 +x_0_2 +x_2_5 +x_3_4 +x_4_7 +x_5_8 +x_5_9 +x_6_7 +x_6_8 +x_7_9 +x_8_9 <= 7
x_0_3 -x_1_2 -x_1_4 -x_2_5 +x_3_4 -x_5_8 -x_6_7 -x_6_8 +x_7_9 <= 1
x_0_3 -x_1_2 -x_1_4 -x_2_5 +x_3_4 +x_3_6 -x_5_8 -x_5_9 +x_6_7 -x_7_9 -x_8_9 <= 1
x_0_3 -x_1_2 -x_1_4 +x_3_4 +x_5_8 +x_5_9 -x_6_7 +x_7_9 +x_8_9 <= 4
x_0_3 -x_1_2 -x_1_4 +x_3_4 +x_3_6 +x_5_8 +x_6_7 +x_6_8 -x_7_9 <= 4
x_0_3 -x_1_4 -x_2_5 -x_4_7 -x_5_8 -x_5_9 -x_6_7 -x_6_8 -x_7_9 -x_8_9 <= -2
x_0_3 -x_1_4 -x_2_5 +x_3_6 -x_5_8 -x_5_9 +x_6_7 -x_8_9 <= 1
x_0_3 -x_1_4 +x_2_5 -x_4_7 -x_6_7 -x_6_8 -x_7_9 -x_8_9 <= 0
x_0_3 -x_1_4 +x_2_5 +x_3_6 +x_6_7 -x_8_9 <= 3
x_0_2 -x_1_4 -x_3_4 -x_3_6 -x_5_8 -x_5_9 -x_6_8 -x_8_9 <= -1
x_0_2 -x_1_4 +x_2_5 -x_3_4 -x_3_6 +x_5_9 -x_6_7 -x_6_8 -x_8_9 <= 1
x_0_2 -x_1_4 +x_2_5 -x_3_4 -x_3_6 +x_5_9 -x_6_8 +x_7_9 <= 2
x_0_2 +x_0_3 -x_1_4 -x_3_4 -x_4_7 -x_5_9 -x_6_7 +x_6_8 -x_7_9 <= 1
x_0_2 +x_0_3 -x_1_4 -x_3_4 -x_5_8 -x_5_9 +x_6_7 -x_6_8 -x_8_9 <= 1
x_0_2 +x_0_3 -x_1_4 -x_4_7 -x_5_8 -x_5_9 -x_6_7 -x_6_8 -x_7_9 -x_8_9 <= -1
x_0_2 +x_0_3 -x_1_4 +x_3_6 -x_5_8 -x_5_9 +x_6_7 -x_8_9 <= 2
x_0_2 +x_0_3 -x_1_4 +x_3_4 -x_5_8 -x_5_9 -x_6_7 -x_6_8 -x_8_9 <= 1
x_0_2 +x_0_3 -x_1_4 +x_3_4 -x_6_7 +x_7_9 +x_8_9 <= 4
x_0_2 +x_0_3 -x_1_4 +x_3_4 +x_3_6 -x_5_9 +x_6_7 +x_6_8 -x_7_9 <= 4
x_0_2 +x_0_3 -x_1_4 +x_2_5 -x_3_4 -x_4_7 +x_5_8 +x_5_9 -x_6_7 +x_6_8 +x_8_9 <= 4
x_0_2 +x_0_3 -x_1_4 +x_2_5 -x_3_4 +x_5_9 +x_6_7 -x_6_8 +x_7_9 <= 4
x_0_2 +x_0_3 -x_1_4 +x_2_5 -x_4_7 +x_5_9 -x_6_7 -x_6_8 <= 2
x_0_2 +x_0_3 -x_1_4 +x_2_5 +x_3_6 -x_4_7 -x_7_9 -x_8_9 <= 2
x_0_2 +x_0_3 -x_1_4 +x_2_5 +x_3_6 -x_4_7 +x_5_9 +x_6_7 -x_8_9 <= 4
x_0_2 +x_0_3 -x_1_4 +x_2_5 +x_3_6 +x_5_9 +x_6_7 +x_7_9 <= 5
x_0_2 +x_0_3 -x_1_4 +x_2_5 +x_3_4 +x_5_9 -x_6_7 -x_6_8 -x_8_9 <= 3
x_0_2 +x_0_3 -x_1_4 +x_2_5 +x_3_4 +x_5_9 -x_6_7 -x_6_8 +x_7_9 <= 4
x_0_2 +x_0_3 -x_1_4 +x_2_5 +x_3_4 +x_3_6 +x_6_7 -x_7_9 -x_8_9 <= 4
x_0_2 +x_0_3 -x_1_4 +x_2_5 +x_3_4 +x_3_6 +x_5_9 +x_6_7 -x_8_9 <= 5
x_0_2 +x_0_3 +x_3_4 +x_4_7 -x_5_8 -x_5_9 -x_6_8 -x_8_9 <= 2
x_0_2 +x_0_3 +x_2_5 +x_3_4 +x_4_7 +x_5_9 -x_6_7 -x_6_8 -x_8_9 <= 4
x_0_2 +x_0_3 +x_2_5 +x_3_4 +x_4_7 +x_5_9 -x_6_8 +x_7_9 <= 5
x_0_1 -x_0_2 -x_2_5 -x_3_4 -x_4_7 -x_5_8 -x_5_9 -x_6_7 -x_6_8 -x_7_9 -x_8_9 <= -2
x_0_1 -x_0_2 -x_2_5 -x_3_4 -x_4_7 -x_5_9 -x_6_7 +x_6_8 -x_7_9 <= 0
x_0_1 -x_0_2 -x_2_5 -x_3_4 -x_5_8 -x_5_9 +x_6_7 -x_6_8 -x_8_9 <= 0
x_0_1 -x_0_2 -x_2_5 -x_3_4 +x_3_6 -x_5_8 -x_5_9 +x_6_7 -x_8_9 <= 1
x_0_1 -x_0_2 +x_1_4 -x_2_5 +x_3_4 -x_3_6 +x_4_7 -x_5_8 -x_5_9 -x_6_8 -x_8_9 <= 1
x_0_1 -x_0_2 +x_1_4 -x_2_5 +x_3_4 -x_5_9 -x_6_7 +x_6_8 -x_7_9 <= 2
x_0_1 -x_0_2 +x_1_4 -x_2_5 +x_3_4 +x_4_7 -x_5_8 -x_5_9 +x_6_7 -x_6_8 -x_8_9 <= 2
x_0_1 -x_0_2 +x_1_4 -x_2_5 +x_3_4 +x_4_7 -x_5_9 +x_6_7 +x_6_8 <= 4
x_0_1 -x_2_5 -x_3_4 -x_3_6 -x_5_8 -x_5_9 -x_6_8 -x_8_9 <= -1
x_0_1 -x_2_5 -x_3_4 -x_3_6 -x_6_8 +x_7_9 <= 1
x_0_1 -x_2_5 -x_3_4 -x_4_7 +x_6_8 -x_7_9 <= 1
x_0_1 -x_2_5 -x_3_4 -x_5_9 +x_6_7 +x_6_8 <= 2
x_0_1 -x_2_5 -x_3_4 +x_6_7 +x_6_8 +x_7_9 <= 3
x_0_1 +x_0_3 -x_2_5 -x_3_4 -x_4_7 -x_5_9 -x_6_7 +x_6_8 -x_7_9 <= 1
x_0_1 +x_0_3 -x_2_5 -x_3_4 -x_5_8 -x_5_9 +x_6_7 -x_6_8 -x_8_9 <= 1
x_0_1 +x_0_3 -x_2_5 -x_4_7 -x_5_8 -x_5_9 -x_6_7 -x_6_8 -x_7_9 -x_8_9 <= -1
x_0_1 +x_0_3 -x_2_5 +x_3_6 -x_5_8 -x_5_9 +x_6_7 -x_8_9 <= 2
x_0_1 +x_0_3 +x_1_4 -x_2_5 +x_3_4 +x_4_7 -x_5_8 -x_5_9 -x_6_8 -x_8_9 <= 2
x_0_1 +x_0_3 +x_1_4 -x_2_5 +x_3_4 +x_4_7 -x_6_8 +x_7_9 <= 4
x_0_1 +x_0_3 +x_1_4 -x_2_5 +x_3_4 +x_3_6 +x_6_8 -x_7_9 <= 4
x_0_1 +x_0_3 +x_1_4 -x_2_5 +x_3_4 +x_3_6 +x_4_7 +x_6_7 +x_6_8 +x_7_9 <= 6
x_0_1 +x_0_2 +x_1_2 +x_2_5 -x_3_4 +x_6_7 +x_6_8 +x_7_9 <= 5
x_0_1 +x_0_2 +x_1_2 +x_1_4 +x_3_4 -x_5_9 -x_6_7 +x_6_8 -x_7_9 <= 4
x_0_1 +x_0_2 +x_1_2 +x_1_4 +x_3_4 +x_4_7 -x_5_8 -x_5_9 +x_6_7 -x_6_8 -x_8_9 <= 4
x_0_1 +x_0_2 +x_0_3 +x_1_2 -x_3_4 -x_4_7 -x_5_8 -x_5_9 -x_6_7 -x_7_9 -x_8_9 <= 1
x_0_1 +x_0_2 +x_0_3 +x_1_2 -x_3_4 -x_4_7 -x_6_7 +x_6_8 +x_8_9 <= 4
x_0_1 +x_0_2 +x_0_3 +x_1_2 -x_3_4 -x_5_8 +x_6_7 -x_6_8 +x_7_9 <= 4
x_0_1 +x_0_2 +x_0_3 +x_1_2 +x_3_6 -x_4_7 -x_5_8 -x_5_9 -x_7_9 -x_8_9 <= 2
x_0_1 +x_0_2 +x_0_3 +x_1_2 +x_3_4 -x_5_8 -x_6_7 -x_6_8 +x_7_9 <= 4
x_0_1 +x_0_2 +x_0_3 +x_1_2 +x_3_4 +x_3_6 -x_5_8 -x_5_9 +x_6_7 -x_7_9 -x_8_9 <= 4
x_0_1 +x_0_2 +x_0_3 +x_1_2 +x_1_4 +x_2_5 +x_3_4 +x_3_6 +x_4_7 +x_6_7 +x_6_8 +x_7_9 <= 8
x_0_1 -x_0_2 -x_3_4 -x_4_7 +x_5_9 -x_6_7 -x_6_8 <= 1
x_0_1 -x_0_2 -x_3_4 -x_4_7 +x_5_8 +x_5_9 -x_6_7 +x_6_8 +x_8_9 <= 3
x_0_1 -x_0_2 -x_3_4 +x_5_9 +x_6_7 -x_6_8 +x_7_9 <= 3
x_0_1 -x_0_2 -x_3_4 +x_3_6 -x_4_7 -x_7_9 -x_8_9 <= 1
x_0_1 -x_0_2 -x_3_4 +x_3_6 +x_5_9 +x_6_7 +x_7_9 <= 4
x_0_1 -x_0_2 +x_1_4 +x_3_4 -x_3_6 -x_6_7 -x_6_8 -x_7_9 -x_8_9 <= 1
x_0_1 -x_0_2 +x_1_4 +x_3_4 -x_3_6 +x_4_7 +x_5_9 -x_6_8 +x_7_9 <= 4
x_0_1 -x_0_2 +x_1_4 +x_3_4 +x_5_8 +x_5_9 -x_6_7 +x_6_8 +x_8_9 <= 5
x_0_1 -x_0_2 +x_1_4 +x_3_4 +x_4_7 +x_5_9 +x_6_7 -x_6_8 +x_7_9 <= 5
x_0_1 -x_0_2 +x_1_4 +x_3_4 +x_4_7 +x_5_8 +x_5_9 +x_6_7 +x_6_8 +x_7_9 +x_8_9 <= 7
x_0_1 -x_3_4 -x_3_6 +x_5_9 -x_6_8 +x_7_9 <= 2
x_0_1 +x_0_3 -x_3_4 -x_4_7 +x_5_8 +x_5_9 -x_6_7 +x_6_8 +x_8_9 <= 4
x_0_1 +x_0_3 -x_3_4 +x_5_9 +x_6_7 -x_6_8 +x_7_9 <= 4
x_0_1 +x_0_3 -x_4_7 +x_5_9 -x_6_7 -x_6_8 <= 2
x_0_1 +x_0_3 +x_3_6 -x_4_7 -x_7_9 -x_8_9 <= 2
x_0_1 +x_0_3 +x_3_6 -x_4_7 +x_5_9 +x_6_7 -x_8_9 <= 4
x_0_1 +x_0_3 +x_3_6 +x_5_9 +x_6_7 +x_7_9 <= 5
x_0_1 +x_0_3 +x_1_4 +x_3_4 +x_4_7 +x_5_9 -x_6_7 -x_6_8 -x_8_9 <= 4
x_0_1 +x_0_3 +x_1_4 +x_3_4 +x_4_7 +x_5_9 -x_6_8 +x_7_9 <= 5
x_0_1 +x_0_2 +x_1_2 +x_2_5 -x_3_4 -x_3_6 -x_4_7 +x_5_8 -x_6_7 -x_7_9 <= 2
x_0_1 +x_0_2 +x_1_2 +x_2_5 -x_3_4 -x_3_6 -x_6_8 -x_8_9 <= 2
x_0_1 +x_0_2 +x_1_2 +x_2_5 -x_3_4 -x_3_6 +x_5_8 +x_6_7 -x_8_9 <= 4
x_0_1 +x_0_2 +x_1_2 +x_2_5 -x_3_4 -x_4_7 +x_5_9 +x_6_7 -x_8_9 <= 4
x_0_1 +x_0_2 +x_1_2 +x_2_5 -x_3_4 +x_5_8 +x_6_7 +x_6_8 <= 5
x_0_1 +x_0_2 +x_0_3 +x_1_2 +x_2_5 -x_3_4 -x_4_7 +x_5_8 -x_6_7 -x_7_9 -x_8_9 <= 3
x_0_1 +x_0_2 +x_0_3 +x_1_2 +x_2_5 -x_3_4 -x_4_7 +x_5_8 -x_6_7 +x_6_8 -x_7_9 <= 4
x_0_1 +x_0_2 +x_0_3 +x_1_2 +x_2_5 -x_3_4 +x_6_7 -x_6_8 -x_8_9 <= 4
x_0_1 +x_0_2 +x_0_3 +x_1_2 +x_2_5 -x_3_4 +x_5_8 +x_6_7 -x_8_9 <= 5
x_0_1 +x_0_2 +x_0_3 +x_1_2 +x_2_5 -x_4_7 -x_6_7 -x_6_8 -x_7_9 -x_8_9 <= 2
x_0_1 +x_0_2 +x_0_3 +x_1_2 +x_2_5 +x_3_6 -x_4_7 +x_5_8 -x_6_7 -x_7_9 -x_8_9 <= 4
x_0_1 +x_0_2 +x_0_3 +x_1_2 +x_2_5 +x_3_6 -x_4_7 +x_5_8 +x_6_8 -x_7_9 <= 5
x_0_1 +x_0_2 +x_0_3 +x_1_2 +x_2_5 +x_3_6 +x_6_7 -x_8_9 <= 5
x_0_1 +x_0_2 +x_1_2 +x_1_4 +x_2_5 -x_3_6 +x_4_7 +x_5_9 -x_6_7 -x_6_8 -x_8_9 <= 4
x_0_1 +x_0_2 +x_1_2 +x_1_4 +x_2_5 +x_3_4 +x_5_8 +x_5_9 -x_6_7 +x_6_8 +x_8_9 <= 7
x_0_1 +x_0_2 +x_1_2 +x_1_4 +x_2_5 +x_3_4 +x_4_7 +x_5_9 +x_6_7 -x_6_8 +x_7_9 <= 7
x_0_1 +x_0_2 +x_0_3 +x_1_2 +x_2_5 +x_3_4 +x_5_8 +x_5_9 -x_6_7 +x_7_9 +x_8_9 <= 7
x_0_1 +x_0_2 +x_0_3 +x_1_2 +x_1_4 +x_2_5 +x_3_4 +x_5_8 -x_6_7 -x_7_9 <= 5
x_0_1 +x_0_2 +x_0_3 +x_1_2 +x_1_4 +x_2_5 +x_3_4 +x_4_7 -x_6_8 -x_8_9 <= 5
x_0_1 +x_0_2 +x_0_3 +x_1_2 +x_1_4 +x_2_5 +x_3_4 +x_4_7 +x_5_8 +x_6_7 -x_8_9 <= 7
x_0_1 +x_0_2 +x_0_3 +x_1_2 +x_1_4 +x_2_5 +x_3_4 +x_3_6 +x_4_7 +x_5_8 +x_6_7 +x_6_8 <= 8
x_0_1 +x_0_2 +x_0_3 +x_1_2 +x_2_5 +x_3_4 +x_3_6 +x_5_8 +x_6_7 +x_6_8 -x_7_9 <= 7
